<?xml version="1.0" encoding="UTF-8"?>
<coverage generated="1712707318249" clover="3.2.0">
  <project timestamp="1712707318249" name="All files">
    <metrics statements="857" coveredstatements="748" conditionals="452" coveredconditionals="359" methods="172" coveredmethods="155" elements="1481" coveredelements="1262" complexity="0" loc="857" ncloc="857" packages="7" files="21" classes="21"/>
    <package name="src">
      <metrics statements="63" coveredstatements="37" conditionals="38" coveredconditionals="18" methods="12" coveredmethods="7"/>
      <file name="csvs.js" path="/Volumes/mm/codes/csvs-js/src/csvs.js">
        <metrics statements="40" coveredstatements="22" conditionals="28" coveredconditionals="13" methods="7" coveredmethods="4"/>
        <line num="72" count="104" type="stmt"/>
        <line num="73" count="104" type="stmt"/>
        <line num="74" count="104" type="cond" truecount="2" falsecount="0"/>
        <line num="75" count="104" type="cond" truecount="1" falsecount="1"/>
        <line num="86" count="72" type="stmt"/>
        <line num="89" count="72" type="stmt"/>
        <line num="91" count="72" type="cond" truecount="2" falsecount="0"/>
        <line num="92" count="36" type="stmt"/>
        <line num="94" count="36" type="cond" truecount="1" falsecount="1"/>
        <line num="95" count="36" type="stmt"/>
        <line num="100" count="0" type="stmt"/>
        <line num="103" count="0" type="stmt"/>
        <line num="105" count="0" type="cond" truecount="0" falsecount="2"/>
        <line num="106" count="0" type="stmt"/>
        <line num="108" count="0" type="cond" truecount="0" falsecount="2"/>
        <line num="109" count="0" type="stmt"/>
        <line num="114" count="0" type="stmt"/>
        <line num="117" count="0" type="stmt"/>
        <line num="119" count="0" type="cond" truecount="0" falsecount="2"/>
        <line num="120" count="0" type="stmt"/>
        <line num="122" count="0" type="cond" truecount="0" falsecount="2"/>
        <line num="123" count="0" type="stmt"/>
        <line num="128" count="0" type="stmt"/>
        <line num="131" count="0" type="stmt"/>
        <line num="133" count="0" type="cond" truecount="0" falsecount="2"/>
        <line num="134" count="0" type="stmt"/>
        <line num="136" count="0" type="cond" truecount="0" falsecount="2"/>
        <line num="137" count="0" type="stmt"/>
        <line num="149" count="28" type="stmt"/>
        <line num="152" count="28" type="stmt"/>
        <line num="154" count="28" type="cond" truecount="2" falsecount="0"/>
        <line num="155" count="13" type="stmt"/>
        <line num="161" count="15" type="cond" truecount="2" falsecount="0"/>
        <line num="162" count="14" type="stmt"/>
        <line num="177" count="4" type="stmt"/>
        <line num="180" count="4" type="stmt"/>
        <line num="182" count="4" type="cond" truecount="2" falsecount="0"/>
        <line num="183" count="2" type="stmt"/>
        <line num="189" count="2" type="cond" truecount="1" falsecount="1"/>
        <line num="190" count="2" type="stmt"/>
      </file>
      <file name="index.js" path="/Volumes/mm/codes/csvs-js/src/index.js">
        <metrics statements="0" coveredstatements="0" conditionals="0" coveredconditionals="0" methods="0" coveredmethods="0"/>
      </file>
      <file name="random.js" path="/Volumes/mm/codes/csvs-js/src/random.js">
        <metrics statements="15" coveredstatements="7" conditionals="6" coveredconditionals="1" methods="4" coveredmethods="2"/>
        <line num="8" count="0" type="cond" truecount="0" falsecount="2"/>
        <line num="9" count="0" type="stmt"/>
        <line num="11" count="0" type="stmt"/>
        <line num="13" count="0" type="cond" truecount="0" falsecount="2"/>
        <line num="14" count="0" type="stmt"/>
        <line num="17" count="0" type="stmt"/>
        <line num="18" count="0" type="stmt"/>
        <line num="38" count="77" type="cond" truecount="1" falsecount="1"/>
        <line num="39" count="77" type="stmt"/>
        <line num="42" count="77" type="stmt"/>
        <line num="47" count="0" type="stmt"/>
        <line num="54" count="77" type="stmt"/>
        <line num="57" count="77" type="stmt"/>
        <line num="58" count="2464" type="stmt"/>
        <line num="61" count="77" type="stmt"/>
      </file>
      <file name="version.js" path="/Volumes/mm/codes/csvs-js/src/version.js">
        <metrics statements="8" coveredstatements="8" conditionals="4" coveredconditionals="4" methods="1" coveredmethods="1"/>
        <line num="2" count="104" type="stmt"/>
        <line num="3" count="104" type="stmt"/>
        <line num="5" count="104" type="cond" truecount="2" falsecount="0"/>
        <line num="6" count="52" type="stmt"/>
        <line num="12" count="52" type="stmt"/>
        <line num="13" count="52" type="stmt"/>
        <line num="15" count="52" type="cond" truecount="2" falsecount="0"/>
        <line num="16" count="51" type="stmt"/>
      </file>
    </package>
    <package name="src.0.0.1">
      <metrics statements="395" coveredstatements="333" conditionals="233" coveredconditionals="185" methods="66" coveredmethods="58"/>
      <file name="grep.js" path="/Volumes/mm/codes/csvs-js/src/0.0.1/grep.js">
        <metrics statements="101" coveredstatements="88" conditionals="45" coveredconditionals="36" methods="11" coveredmethods="9"/>
        <line num="4" count="836" type="stmt"/>
        <line num="6" count="836" type="stmt"/>
        <line num="8" count="836" type="stmt"/>
        <line num="9" count="1050" type="stmt"/>
        <line num="11" count="1050" type="stmt"/>
        <line num="13" count="1050" type="stmt"/>
        <line num="15" count="1050" type="cond" truecount="2" falsecount="0"/>
        <line num="16" count="578" type="stmt"/>
        <line num="19" count="472" type="stmt"/>
        <line num="21" count="472" type="cond" truecount="2" falsecount="0"/>
        <line num="22" count="165" type="stmt"/>
        <line num="24" count="307" type="stmt"/>
        <line num="28" count="258" type="stmt"/>
        <line num="32" count="668" type="stmt"/>
        <line num="34" count="668" type="stmt"/>
        <line num="36" count="668" type="cond" truecount="2" falsecount="0"/>
        <line num="37" count="176" type="stmt"/>
        <line num="41" count="492" type="cond" truecount="2" falsecount="0"/>
        <line num="42" count="258" type="stmt"/>
        <line num="44" count="258" type="stmt"/>
        <line num="45" count="386" type="cond" truecount="2" falsecount="0"/>
        <line num="46" count="262" type="stmt"/>
        <line num="48" count="124" type="stmt"/>
        <line num="52" count="258" type="stmt"/>
        <line num="54" count="258" type="stmt"/>
        <line num="55" count="400" type="cond" truecount="2" falsecount="0"/>
        <line num="56" count="260" type="stmt"/>
        <line num="58" count="140" type="stmt"/>
        <line num="62" count="258" type="cond" truecount="2" falsecount="0"/>
        <line num="63" count="252" type="stmt"/>
        <line num="66" count="6" type="stmt"/>
        <line num="68" count="6" type="stmt"/>
        <line num="71" count="234" type="stmt"/>
        <line num="73" count="234" type="stmt"/>
        <line num="77" count="168" type="stmt"/>
        <line num="79" count="168" type="stmt"/>
        <line num="81" count="168" type="cond" truecount="2" falsecount="0"/>
        <line num="82" count="82" type="stmt"/>
        <line num="85" count="86" type="stmt"/>
        <line num="87" count="86" type="stmt"/>
        <line num="88" count="113" type="cond" truecount="2" falsecount="0"/>
        <line num="89" count="86" type="stmt"/>
        <line num="91" count="27" type="stmt"/>
        <line num="95" count="86" type="stmt"/>
        <line num="97" count="86" type="stmt"/>
        <line num="98" count="93" type="cond" truecount="2" falsecount="0"/>
        <line num="99" count="90" type="stmt"/>
        <line num="101" count="3" type="stmt"/>
        <line num="105" count="86" type="cond" truecount="2" falsecount="0"/>
        <line num="106" count="82" type="stmt"/>
        <line num="108" count="4" type="stmt"/>
        <line num="111" count="86" type="stmt"/>
        <line num="113" count="86" type="stmt"/>
        <line num="126" count="43" type="cond" truecount="3" falsecount="1"/>
        <line num="127" count="0" type="stmt"/>
        <line num="129" count="43" type="cond" truecount="3" falsecount="1"/>
        <line num="130" count="0" type="stmt"/>
        <line num="133" count="43" type="stmt"/>
        <line num="135" count="43" type="stmt"/>
        <line num="137" count="43" type="cond" truecount="1" falsecount="1"/>
        <line num="138" count="0" type="stmt"/>
        <line num="139" count="0" type="stmt"/>
        <line num="142" count="0" type="stmt"/>
        <line num="145" count="43" type="stmt"/>
        <line num="146" count="147" type="stmt"/>
        <line num="149" count="43" type="stmt"/>
        <line num="151" count="43" type="stmt"/>
        <line num="155" count="1" type="stmt"/>
        <line num="157" count="1" type="stmt"/>
        <line num="159" count="1" type="cond" truecount="1" falsecount="1"/>
        <line num="160" count="0" type="stmt"/>
        <line num="163" count="1" type="stmt"/>
        <line num="165" count="1" type="stmt"/>
        <line num="166" count="1" type="cond" truecount="1" falsecount="1"/>
        <line num="167" count="1" type="stmt"/>
        <line num="169" count="0" type="stmt"/>
        <line num="173" count="1" type="stmt"/>
        <line num="175" count="1" type="stmt"/>
        <line num="176" count="2" type="cond" truecount="2" falsecount="0"/>
        <line num="177" count="1" type="stmt"/>
        <line num="179" count="1" type="stmt"/>
        <line num="183" count="1" type="cond" truecount="1" falsecount="1"/>
        <line num="184" count="1" type="stmt"/>
        <line num="186" count="0" type="stmt"/>
        <line num="189" count="1" type="stmt"/>
        <line num="191" count="1" type="stmt"/>
        <line num="196" count="1" type="stmt"/>
        <line num="197" count="1" type="stmt"/>
        <line num="200" count="1" type="stmt"/>
        <line num="202" count="1" type="stmt"/>
        <line num="204" count="1" type="stmt"/>
        <line num="205" count="1" type="stmt"/>
        <line num="207" count="1" type="stmt"/>
        <line num="209" count="1" type="stmt"/>
        <line num="211" count="1" type="cond" truecount="1" falsecount="1"/>
        <line num="212" count="1" type="stmt"/>
        <line num="215" count="0" type="stmt"/>
        <line num="217" count="0" type="cond" truecount="0" falsecount="2"/>
        <line num="218" count="0" type="stmt"/>
        <line num="220" count="0" type="stmt"/>
        <line num="224" count="0" type="stmt"/>
      </file>
      <file name="metadir.js" path="/Volumes/mm/codes/csvs-js/src/0.0.1/metadir.js">
        <metrics statements="9" coveredstatements="9" conditionals="0" coveredconditionals="0" methods="8" coveredmethods="8"/>
        <line num="9" count="2136" type="stmt"/>
        <line num="20" count="2052" type="stmt"/>
        <line num="31" count="544" type="stmt"/>
        <line num="42" count="76" type="stmt"/>
        <line num="44" count="132" type="stmt"/>
        <line num="46" count="76" type="stmt"/>
        <line num="57" count="26" type="stmt"/>
        <line num="59" count="62" type="stmt"/>
        <line num="61" count="26" type="stmt"/>
      </file>
      <file name="schema.js" path="/Volumes/mm/codes/csvs-js/src/0.0.1/schema.js">
        <metrics statements="29" coveredstatements="26" conditionals="24" coveredconditionals="24" methods="7" coveredmethods="5"/>
        <line num="9" count="0" type="stmt"/>
        <line num="10" count="0" type="stmt"/>
        <line num="13" count="0" type="stmt"/>
        <line num="26" count="4473" type="stmt"/>
        <line num="28" count="4473" type="cond" truecount="2" falsecount="0"/>
        <line num="30" count="1216" type="stmt"/>
        <line num="32" count="3257" type="cond" truecount="2" falsecount="0"/>
        <line num="34" count="748" type="stmt"/>
        <line num="36" count="2509" type="cond" truecount="4" falsecount="0"/>
        <line num="39" count="697" type="stmt"/>
        <line num="41" count="1812" type="cond" truecount="2" falsecount="0"/>
        <line num="43" count="260" type="stmt"/>
        <line num="47" count="1552" type="stmt"/>
        <line num="59" count="149" type="stmt"/>
        <line num="60" count="2661" type="stmt"/>
        <line num="73" count="97" type="stmt"/>
        <line num="75" count="97" type="stmt"/>
        <line num="77" count="97" type="stmt"/>
        <line num="78" count="571" type="stmt"/>
        <line num="80" count="569" type="cond" truecount="4" falsecount="0"/>
        <line num="81" count="505" type="stmt"/>
        <line num="84" count="569" type="cond" truecount="4" falsecount="0"/>
        <line num="86" count="32" type="stmt"/>
        <line num="90" count="103" type="stmt"/>
        <line num="94" count="103" type="cond" truecount="2" falsecount="0"/>
        <line num="95" count="48" type="stmt"/>
        <line num="98" count="103" type="stmt"/>
        <line num="101" count="434" type="stmt"/>
        <line num="107" count="95" type="stmt"/>
      </file>
      <file name="select.js" path="/Volumes/mm/codes/csvs-js/src/0.0.1/select.js">
        <metrics statements="124" coveredstatements="88" conditionals="76" coveredconditionals="48" methods="15" coveredmethods="11"/>
        <line num="17" count="34" type="stmt"/>
        <line num="19" count="34" type="cond" truecount="2" falsecount="0"/>
        <line num="42" count="36" type="stmt"/>
        <line num="51" count="36" type="stmt"/>
        <line num="53" count="36" type="stmt"/>
        <line num="64" count="36" type="stmt"/>
        <line num="66" count="36" type="cond" truecount="1" falsecount="1"/>
        <line num="69" count="36" type="cond" truecount="1" falsecount="1"/>
        <line num="74" count="36" type="stmt"/>
        <line num="77" count="34" type="stmt"/>
        <line num="80" count="34" type="stmt"/>
        <line num="82" count="34" type="stmt"/>
        <line num="86" count="0" type="stmt"/>
        <line num="88" count="0" type="cond" truecount="0" falsecount="2"/>
        <line num="91" count="0" type="cond" truecount="0" falsecount="2"/>
        <line num="96" count="0" type="stmt"/>
        <line num="99" count="0" type="stmt"/>
        <line num="101" count="0" type="stmt"/>
        <line num="105" count="0" type="stmt"/>
        <line num="107" count="0" type="stmt"/>
        <line num="109" count="0" type="stmt"/>
        <line num="113" count="0" type="stmt"/>
        <line num="115" count="0" type="cond" truecount="0" falsecount="2"/>
        <line num="118" count="0" type="cond" truecount="0" falsecount="2"/>
        <line num="123" count="0" type="stmt"/>
        <line num="126" count="0" type="stmt"/>
        <line num="128" count="0" type="stmt"/>
        <line num="130" count="0" type="stmt"/>
        <line num="134" count="0" type="cond" truecount="0" falsecount="2"/>
        <line num="135" count="0" type="stmt"/>
        <line num="138" count="0" type="stmt"/>
        <line num="140" count="0" type="stmt"/>
        <line num="142" count="0" type="stmt"/>
        <line num="144" count="0" type="cond" truecount="0" falsecount="2"/>
        <line num="145" count="0" type="stmt"/>
        <line num="161" count="34" type="stmt"/>
        <line num="165" count="34" type="stmt"/>
        <line num="166" count="60" type="cond" truecount="4" falsecount="0"/>
        <line num="170" count="34" type="stmt"/>
        <line num="172" count="26" type="cond" truecount="1" falsecount="1"/>
        <line num="174" count="0" type="stmt"/>
        <line num="176" count="0" type="cond" truecount="0" falsecount="2"/>
        <line num="178" count="0" type="cond" truecount="0" falsecount="2"/>
        <line num="180" count="0" type="stmt"/>
        <line num="187" count="0" type="stmt"/>
        <line num="189" count="0" type="cond" truecount="0" falsecount="2"/>
        <line num="190" count="0" type="stmt"/>
        <line num="192" count="0" type="stmt"/>
        <line num="197" count="0" type="stmt"/>
        <line num="202" count="26" type="cond" truecount="2" falsecount="0"/>
        <line num="206" count="26" type="stmt"/>
        <line num="213" count="26" type="stmt"/>
        <line num="215" count="26" type="cond" truecount="2" falsecount="0"/>
        <line num="216" count="2" type="stmt"/>
        <line num="218" count="24" type="stmt"/>
        <line num="224" count="24" type="stmt"/>
        <line num="231" count="34" type="stmt"/>
        <line num="232" count="64" type="stmt"/>
        <line num="235" count="34" type="stmt"/>
        <line num="248" count="30" type="cond" truecount="1" falsecount="1"/>
        <line num="249" count="0" type="stmt"/>
        <line num="252" count="30" type="stmt"/>
        <line num="254" count="30" type="stmt"/>
        <line num="259" count="30" type="stmt"/>
        <line num="261" count="30" type="cond" truecount="2" falsecount="0"/>
        <line num="262" count="24" type="stmt"/>
        <line num="265" count="6" type="stmt"/>
        <line num="277" count="34" type="stmt"/>
        <line num="279" count="34" type="stmt"/>
        <line num="284" count="66" type="stmt"/>
        <line num="289" count="34" type="stmt"/>
        <line num="301" count="90" type="stmt"/>
        <line num="303" count="90" type="cond" truecount="3" falsecount="0"/>
        <line num="305" count="26" type="stmt"/>
        <line num="308" count="6" type="stmt"/>
        <line num="309" count="6" type="stmt"/>
        <line num="312" count="58" type="stmt"/>
        <line num="315" count="90" type="cond" truecount="2" falsecount="0"/>
        <line num="316" count="52" type="stmt"/>
        <line num="317" count="274" type="stmt"/>
        <line num="321" count="90" type="stmt"/>
        <line num="324" count="90" type="stmt"/>
        <line num="328" count="330" type="stmt"/>
        <line num="330" count="330" type="cond" truecount="2" falsecount="0"/>
        <line num="331" count="194" type="cond" truecount="2" falsecount="0"/>
        <line num="332" count="12" type="stmt"/>
        <line num="334" count="12" type="stmt"/>
        <line num="337" count="182" type="stmt"/>
        <line num="343" count="90" type="stmt"/>
        <line num="357" count="330" type="stmt"/>
        <line num="359" count="330" type="cond" truecount="2" falsecount="0"/>
        <line num="360" count="136" type="stmt"/>
        <line num="363" count="194" type="cond" truecount="2" falsecount="0"/>
        <line num="364" count="12" type="stmt"/>
        <line num="366" count="12" type="stmt"/>
        <line num="369" count="18" type="stmt"/>
        <line num="371" count="18" type="stmt"/>
        <line num="375" count="12" type="stmt"/>
        <line num="379" count="182" type="stmt"/>
        <line num="381" count="182" type="stmt"/>
        <line num="394" count="434" type="stmt"/>
        <line num="397" count="434" type="cond" truecount="2" falsecount="0"/>
        <line num="401" count="434" type="stmt"/>
        <line num="407" count="434" type="cond" truecount="2" falsecount="0"/>
        <line num="408" count="176" type="stmt"/>
        <line num="411" count="258" type="cond" truecount="2" falsecount="0"/>
        <line num="412" count="12" type="stmt"/>
        <line num="414" count="12" type="stmt"/>
        <line num="417" count="246" type="stmt"/>
        <line num="419" count="246" type="stmt"/>
        <line num="431" count="258" type="cond" truecount="4" falsecount="1"/>
        <line num="433" count="6" type="stmt"/>
        <line num="436" count="18" type="stmt"/>
        <line num="439" count="0" type="stmt"/>
        <line num="442" count="94" type="stmt"/>
        <line num="449" count="94" type="cond" truecount="1" falsecount="1"/>
        <line num="450" count="94" type="stmt"/>
        <line num="452" count="94" type="stmt"/>
        <line num="455" count="0" type="stmt"/>
        <line num="459" count="140" type="stmt"/>
        <line num="466" count="140" type="cond" truecount="1" falsecount="1"/>
        <line num="467" count="140" type="stmt"/>
        <line num="469" count="140" type="stmt"/>
        <line num="472" count="0" type="stmt"/>
      </file>
      <file name="store.js" path="/Volumes/mm/codes/csvs-js/src/0.0.1/store.js">
        <metrics statements="26" coveredstatements="25" conditionals="2" coveredconditionals="2" methods="13" coveredmethods="13"/>
        <line num="15" count="51" type="stmt"/>
        <line num="21" count="51" type="stmt"/>
        <line num="27" count="51" type="stmt"/>
        <line num="36" count="51" type="stmt"/>
        <line num="46" count="51" type="stmt"/>
        <line num="48" count="51" type="stmt"/>
        <line num="60" count="49" type="stmt"/>
        <line num="62" count="47" type="stmt"/>
        <line num="64" count="47" type="stmt"/>
        <line num="66" count="1042" type="stmt"/>
        <line num="67" count="1042" type="cond" truecount="2" falsecount="0"/>
        <line num="69" count="1042" type="stmt"/>
        <line num="71" count="2808" type="stmt"/>
        <line num="72" count="724" type="stmt"/>
        <line num="75" count="1042" type="stmt"/>
        <line num="78" count="0" type="stmt"/>
        <line num="83" count="47" type="stmt"/>
        <line num="87" count="219" type="stmt"/>
        <line num="91" count="196" type="stmt"/>
        <line num="95" count="185" type="stmt"/>
        <line num="104" count="13" type="stmt"/>
        <line num="106" count="154" type="stmt"/>
        <line num="108" count="542" type="stmt"/>
        <line num="109" count="206" type="stmt"/>
        <line num="112" count="154" type="stmt"/>
        <line num="116" count="13" type="stmt"/>
      </file>
      <file name="update.js" path="/Volumes/mm/codes/csvs-js/src/0.0.1/update.js">
        <metrics statements="106" coveredstatements="97" conditionals="86" coveredconditionals="75" methods="12" coveredmethods="12"/>
        <line num="27" count="15" type="stmt"/>
        <line num="29" count="15" type="stmt"/>
        <line num="40" count="13" type="stmt"/>
        <line num="42" count="13" type="stmt"/>
        <line num="44" count="11" type="stmt"/>
        <line num="46" count="11" type="stmt"/>
        <line num="48" count="11" type="stmt"/>
        <line num="58" count="2" type="stmt"/>
        <line num="60" count="2" type="stmt"/>
        <line num="62" count="2" type="stmt"/>
        <line num="64" count="2" type="cond" truecount="1" falsecount="1"/>
        <line num="66" count="2" type="cond" truecount="1" falsecount="1"/>
        <line num="68" count="2" type="stmt"/>
        <line num="79" count="103" type="stmt"/>
        <line num="81" count="103" type="stmt"/>
        <line num="84" count="103" type="cond" truecount="4" falsecount="0"/>
        <line num="90" count="103" type="cond" truecount="2" falsecount="0"/>
        <line num="91" count="26" type="stmt"/>
        <line num="92" count="77" type="cond" truecount="2" falsecount="0"/>
        <line num="97" count="8" type="stmt"/>
        <line num="98" count="69" type="cond" truecount="1" falsecount="1"/>
        <line num="99" count="0" type="stmt"/>
        <line num="101" count="69" type="stmt"/>
        <line num="105" count="103" type="cond" truecount="2" falsecount="0"/>
        <line num="108" count="103" type="cond" truecount="2" falsecount="0"/>
        <line num="113" count="103" type="cond" truecount="3" falsecount="0"/>
        <line num="117" count="103" type="cond" truecount="2" falsecount="0"/>
        <line num="122" count="103" type="cond" truecount="2" falsecount="0"/>
        <line num="124" count="103" type="cond" truecount="1" falsecount="1"/>
        <line num="125" count="0" type="stmt"/>
        <line num="126" count="103" type="cond" truecount="2" falsecount="0"/>
        <line num="127" count="83" type="stmt"/>
        <line num="129" count="83" type="cond" truecount="1" falsecount="1"/>
        <line num="130" count="0" type="stmt"/>
        <line num="132" count="83" type="stmt"/>
        <line num="136" count="103" type="stmt"/>
        <line num="138" count="103" type="stmt"/>
        <line num="148" count="2" type="stmt"/>
        <line num="150" count="2" type="stmt"/>
        <line num="152" count="2" type="cond" truecount="2" falsecount="0"/>
        <line num="157" count="1" type="cond" truecount="1" falsecount="1"/>
        <line num="158" count="0" type="stmt"/>
        <line num="162" count="1" type="stmt"/>
        <line num="165" count="1" type="stmt"/>
        <line num="169" count="1" type="cond" truecount="1" falsecount="1"/>
        <line num="170" count="1" type="stmt"/>
        <line num="171" count="0" type="cond" truecount="0" falsecount="2"/>
        <line num="172" count="0" type="stmt"/>
        <line num="174" count="0" type="stmt"/>
        <line num="178" count="1" type="cond" truecount="2" falsecount="0"/>
        <line num="181" count="1" type="cond" truecount="2" falsecount="0"/>
        <line num="183" count="1" type="stmt"/>
        <line num="185" count="1" type="stmt"/>
        <line num="187" count="1" type="stmt"/>
        <line num="198" count="103" type="stmt"/>
        <line num="200" count="103" type="stmt"/>
        <line num="202" count="103" type="stmt"/>
        <line num="204" count="1911" type="cond" truecount="2" falsecount="0"/>
        <line num="208" count="103" type="cond" truecount="2" falsecount="0"/>
        <line num="210" count="6" type="stmt"/>
        <line num="214" count="103" type="stmt"/>
        <line num="218" count="126" type="cond" truecount="2" falsecount="0"/>
        <line num="219" count="32" type="stmt"/>
        <line num="222" count="126" type="cond" truecount="2" falsecount="0"/>
        <line num="224" count="87" type="cond" truecount="2" falsecount="0"/>
        <line num="225" count="31" type="stmt"/>
        <line num="227" count="11" type="stmt"/>
        <line num="230" count="16" type="stmt"/>
        <line num="235" count="76" type="cond" truecount="4" falsecount="0"/>
        <line num="239" count="362" type="stmt"/>
        <line num="240" count="1" type="stmt"/>
        <line num="245" count="76" type="stmt"/>
        <line num="249" count="39" type="stmt"/>
        <line num="264" count="92" type="stmt"/>
        <line num="266" count="92" type="stmt"/>
        <line num="268" count="92" type="stmt"/>
        <line num="271" count="92" type="stmt"/>
        <line num="273" count="92" type="stmt"/>
        <line num="276" count="92" type="cond" truecount="2" falsecount="0"/>
        <line num="278" count="92" type="cond" truecount="2" falsecount="0"/>
        <line num="279" count="8" type="stmt"/>
        <line num="280" count="84" type="cond" truecount="2" falsecount="0"/>
        <line num="281" count="70" type="cond" truecount="2" falsecount="0"/>
        <line num="282" count="8" type="stmt"/>
        <line num="284" count="62" type="stmt"/>
        <line num="286" count="62" type="cond" truecount="1" falsecount="1"/>
        <line num="287" count="0" type="stmt"/>
        <line num="289" count="62" type="stmt"/>
        <line num="304" count="59" type="stmt"/>
        <line num="307" count="59" type="stmt"/>
        <line num="309" count="59" type="cond" truecount="4" falsecount="0"/>
        <line num="310" count="37" type="stmt"/>
        <line num="313" count="22" type="stmt"/>
        <line num="315" count="22" type="stmt"/>
        <line num="326" count="2" type="stmt"/>
        <line num="329" count="2" type="cond" truecount="2" falsecount="0"/>
        <line num="331" count="1" type="stmt"/>
        <line num="333" count="1" type="stmt"/>
        <line num="335" count="1" type="cond" truecount="4" falsecount="1"/>
        <line num="336" count="0" type="stmt"/>
        <line num="339" count="1" type="stmt"/>
        <line num="341" count="1" type="stmt"/>
        <line num="354" count="8" type="stmt"/>
        <line num="356" count="159" type="cond" truecount="2" falsecount="0"/>
        <line num="360" count="8" type="stmt"/>
        <line num="362" count="20" type="stmt"/>
      </file>
    </package>
    <package name="src.0.0.2">
      <metrics statements="341" coveredstatements="320" conditionals="177" coveredconditionals="153" methods="86" coveredmethods="82"/>
      <file name="bin.js" path="/Volumes/mm/codes/csvs-js/src/0.0.2/bin.js">
        <metrics statements="232" coveredstatements="213" conditionals="136" coveredconditionals="115" methods="55" coveredmethods="52"/>
        <line num="13" count="4474" type="stmt"/>
        <line num="15" count="4474" type="cond" truecount="2" falsecount="0"/>
        <line num="17" count="1008" type="stmt"/>
        <line num="19" count="3466" type="cond" truecount="2" falsecount="0"/>
        <line num="21" count="1274" type="stmt"/>
        <line num="23" count="2192" type="cond" truecount="2" falsecount="0"/>
        <line num="25" count="955" type="stmt"/>
        <line num="29" count="1237" type="stmt"/>
        <line num="41" count="127" type="stmt"/>
        <line num="42" count="2282" type="stmt"/>
        <line num="55" count="48" type="stmt"/>
        <line num="57" count="48" type="stmt"/>
        <line num="58" count="542" type="stmt"/>
        <line num="63" count="542" type="cond" truecount="2" falsecount="0"/>
        <line num="64" count="541" type="stmt"/>
        <line num="69" count="541" type="cond" truecount="2" falsecount="0"/>
        <line num="70" count="509" type="stmt"/>
        <line num="72" count="509" type="stmt"/>
        <line num="77" count="48" type="stmt"/>
        <line num="89" count="106" type="stmt"/>
        <line num="91" count="106" type="stmt"/>
        <line num="93" count="106" type="stmt"/>
        <line num="94" count="406" type="cond" truecount="2" falsecount="0"/>
        <line num="97" count="3566" type="stmt"/>
        <line num="100" count="194" type="cond" truecount="1" falsecount="1"/>
        <line num="101" count="194" type="cond" truecount="2" falsecount="0"/>
        <line num="103" count="160" type="cond" truecount="1" falsecount="1"/>
        <line num="105" count="40" type="stmt"/>
        <line num="107" count="194" type="cond" truecount="1" falsecount="1"/>
        <line num="108" count="0" type="stmt"/>
        <line num="111" count="194" type="cond" truecount="2" falsecount="0"/>
        <line num="112" count="188" type="stmt"/>
        <line num="114" count="188" type="stmt"/>
        <line num="117" count="6" type="stmt"/>
        <line num="120" count="0" type="cond" truecount="0" falsecount="2"/>
        <line num="121" count="0" type="cond" truecount="0" falsecount="2"/>
        <line num="123" count="0" type="stmt"/>
        <line num="126" count="0" type="cond" truecount="0" falsecount="2"/>
        <line num="127" count="0" type="cond" truecount="0" falsecount="2"/>
        <line num="129" count="0" type="stmt"/>
        <line num="132" count="0" type="stmt"/>
        <line num="135" count="106" type="stmt"/>
        <line num="137" count="106" type="stmt"/>
        <line num="148" count="0" type="stmt"/>
        <line num="150" count="0" type="stmt"/>
        <line num="152" count="0" type="stmt"/>
        <line num="153" count="0" type="cond" truecount="0" falsecount="2"/>
        <line num="156" count="0" type="cond" truecount="0" falsecount="2"/>
        <line num="160" count="0" type="stmt"/>
        <line num="163" count="0" type="stmt"/>
        <line num="165" count="0" type="stmt"/>
        <line num="177" count="36" type="stmt"/>
        <line num="179" count="36" type="stmt"/>
        <line num="181" count="36" type="stmt"/>
        <line num="184" count="36" type="stmt"/>
        <line num="189" count="26" type="stmt"/>
        <line num="191" count="26" type="cond" truecount="4" falsecount="0"/>
        <line num="192" count="22" type="stmt"/>
        <line num="194" count="4" type="stmt"/>
        <line num="196" count="4" type="cond" truecount="2" falsecount="0"/>
        <line num="197" count="2" type="cond" truecount="2" falsecount="0"/>
        <line num="199" count="2" type="stmt"/>
        <line num="201" count="2" type="stmt"/>
        <line num="203" count="2" type="cond" truecount="1" falsecount="1"/>
        <line num="204" count="2" type="cond" truecount="2" falsecount="0"/>
        <line num="206" count="2" type="cond" truecount="2" falsecount="0"/>
        <line num="208" count="2" type="stmt"/>
        <line num="220" count="0" type="stmt"/>
        <line num="225" count="36" type="stmt"/>
        <line num="238" count="75" type="stmt"/>
        <line num="241" count="75" type="cond" truecount="1" falsecount="1"/>
        <line num="243" count="75" type="cond" truecount="2" falsecount="0"/>
        <line num="245" count="75" type="stmt"/>
        <line num="246" count="1485" type="stmt"/>
        <line num="249" count="75" type="stmt"/>
        <line num="251" count="292" type="cond" truecount="2" falsecount="0"/>
        <line num="253" count="117" type="cond" truecount="2" falsecount="0"/>
        <line num="255" count="117" type="stmt"/>
        <line num="257" count="117" type="stmt"/>
        <line num="258" count="122" type="cond" truecount="2" falsecount="0"/>
        <line num="259" count="92" type="stmt"/>
        <line num="262" count="30" type="cond" truecount="2" falsecount="0"/>
        <line num="264" count="30" type="stmt"/>
        <line num="266" count="30" type="stmt"/>
        <line num="269" count="117" type="stmt"/>
        <line num="272" count="75" type="stmt"/>
        <line num="283" count="45" type="stmt"/>
        <line num="285" count="45" type="stmt"/>
        <line num="286" count="122" type="cond" truecount="2" falsecount="0"/>
        <line num="288" count="122" type="cond" truecount="2" falsecount="0"/>
        <line num="290" count="122" type="stmt"/>
        <line num="292" count="122" type="stmt"/>
        <line num="295" count="45" type="stmt"/>
        <line num="309" count="200" type="cond" truecount="2" falsecount="0"/>
        <line num="311" count="200" type="cond" truecount="2" falsecount="0"/>
        <line num="313" count="200" type="stmt"/>
        <line num="315" count="200" type="stmt"/>
        <line num="317" count="200" type="stmt"/>
        <line num="319" count="200" type="stmt"/>
        <line num="331" count="146" type="stmt"/>
        <line num="332" count="152" type="stmt"/>
        <line num="345" count="6" type="stmt"/>
        <line num="356" count="104448" type="stmt"/>
        <line num="358" count="5440" type="stmt"/>
        <line num="370" count="102" type="stmt"/>
        <line num="371" count="1360" type="stmt"/>
        <line num="373" count="1360" type="stmt"/>
        <line num="375" count="1360" type="cond" truecount="2" falsecount="0"/>
        <line num="376" count="228" type="stmt"/>
        <line num="379" count="1132" type="cond" truecount="2" falsecount="0"/>
        <line num="380" count="6" type="stmt"/>
        <line num="383" count="1126" type="cond" truecount="2" falsecount="0"/>
        <line num="384" count="180" type="stmt"/>
        <line num="387" count="946" type="cond" truecount="2" falsecount="0"/>
        <line num="388" count="124" type="stmt"/>
        <line num="391" count="822" type="stmt"/>
        <line num="404" count="34" type="stmt"/>
        <line num="405" count="444" type="stmt"/>
        <line num="407" count="444" type="stmt"/>
        <line num="409" count="444" type="cond" truecount="2" falsecount="0"/>
        <line num="410" count="32" type="stmt"/>
        <line num="413" count="412" type="cond" truecount="1" falsecount="1"/>
        <line num="414" count="0" type="stmt"/>
        <line num="417" count="412" type="cond" truecount="2" falsecount="0"/>
        <line num="418" count="176" type="stmt"/>
        <line num="421" count="236" type="cond" truecount="1" falsecount="1"/>
        <line num="422" count="0" type="stmt"/>
        <line num="425" count="236" type="stmt"/>
        <line num="440" count="34" type="stmt"/>
        <line num="442" count="34" type="stmt"/>
        <line num="443" count="300" type="stmt"/>
        <line num="445" count="300" type="stmt"/>
        <line num="447" count="300" type="stmt"/>
        <line num="449" count="300" type="stmt"/>
        <line num="451" count="300" type="cond" truecount="2" falsecount="0"/>
        <line num="453" count="300" type="stmt"/>
        <line num="456" count="34" type="stmt"/>
        <line num="473" count="34" type="stmt"/>
        <line num="480" count="34" type="stmt"/>
        <line num="485" count="34" type="stmt"/>
        <line num="487" count="30" type="stmt"/>
        <line num="489" count="30" type="stmt"/>
        <line num="491" count="30" type="stmt"/>
        <line num="493" count="30" type="stmt"/>
        <line num="495" count="30" type="stmt"/>
        <line num="499" count="108" type="cond" truecount="4" falsecount="0"/>
        <line num="501" count="78" type="stmt"/>
        <line num="504" count="78" type="stmt"/>
        <line num="507" count="78" type="stmt"/>
        <line num="510" count="78" type="cond" truecount="2" falsecount="0"/>
        <line num="512" count="78" type="cond" truecount="2" falsecount="0"/>
        <line num="514" count="78" type="cond" truecount="2" falsecount="0"/>
        <line num="516" count="72" type="stmt"/>
        <line num="524" count="72" type="stmt"/>
        <line num="525" count="72" type="stmt"/>
        <line num="530" count="72" type="stmt"/>
        <line num="533" count="72" type="cond" truecount="2" falsecount="0"/>
        <line num="535" count="42" type="stmt"/>
        <line num="545" count="30" type="stmt"/>
        <line num="547" count="30" type="stmt"/>
        <line num="550" count="30" type="cond" truecount="2" falsecount="0"/>
        <line num="551" count="28" type="stmt"/>
        <line num="554" count="2" type="stmt"/>
        <line num="560" count="30" type="stmt"/>
        <line num="564" count="34" type="cond" truecount="1" falsecount="1"/>
        <line num="566" count="34" type="stmt"/>
        <line num="568" count="34" type="cond" truecount="2" falsecount="0"/>
        <line num="569" count="14" type="stmt"/>
        <line num="571" count="14" type="stmt"/>
        <line num="573" count="14" type="stmt"/>
        <line num="575" count="14" type="stmt"/>
        <line num="577" count="58" type="cond" truecount="4" falsecount="0"/>
        <line num="579" count="44" type="stmt"/>
        <line num="582" count="44" type="stmt"/>
        <line num="584" count="44" type="cond" truecount="1" falsecount="1"/>
        <line num="585" count="44" type="stmt"/>
        <line num="590" count="14" type="stmt"/>
        <line num="592" count="14" type="stmt"/>
        <line num="595" count="14" type="cond" truecount="2" falsecount="0"/>
        <line num="596" count="10" type="stmt"/>
        <line num="599" count="4" type="stmt"/>
        <line num="605" count="20" type="stmt"/>
        <line num="607" count="20" type="cond" truecount="2" falsecount="0"/>
        <line num="608" count="18" type="stmt"/>
        <line num="610" count="18" type="stmt"/>
        <line num="614" count="46" type="stmt"/>
        <line num="616" count="2" type="stmt"/>
        <line num="617" count="12" type="stmt"/>
        <line num="619" count="12" type="stmt"/>
        <line num="621" count="12" type="stmt"/>
        <line num="623" count="12" type="stmt"/>
        <line num="625" count="30" type="cond" truecount="4" falsecount="0"/>
        <line num="627" count="12" type="stmt"/>
        <line num="629" count="12" type="stmt"/>
        <line num="631" count="12" type="cond" truecount="2" falsecount="0"/>
        <line num="632" count="6" type="stmt"/>
        <line num="636" count="12" type="stmt"/>
        <line num="639" count="12" type="stmt"/>
        <line num="647" count="34" type="stmt"/>
        <line num="661" count="34" type="stmt"/>
        <line num="665" count="34" type="stmt"/>
        <line num="667" count="34" type="stmt"/>
        <line num="670" count="34" type="stmt"/>
        <line num="672" count="300" type="stmt"/>
        <line num="686" count="300" type="stmt"/>
        <line num="688" count="300" type="stmt"/>
        <line num="691" count="300" type="stmt"/>
        <line num="693" count="300" type="stmt"/>
        <line num="697" count="798" type="cond" truecount="4" falsecount="0"/>
        <line num="699" count="348" type="stmt"/>
        <line num="707" count="348" type="cond" truecount="2" falsecount="0"/>
        <line num="710" count="348" type="stmt"/>
        <line num="712" count="348" type="cond" truecount="2" falsecount="0"/>
        <line num="714" count="200" type="stmt"/>
        <line num="716" count="200" type="cond" truecount="2" falsecount="0"/>
        <line num="718" count="200" type="stmt"/>
        <line num="720" count="200" type="stmt"/>
        <line num="725" count="300" type="stmt"/>
        <line num="727" count="300" type="stmt"/>
        <line num="730" count="300" type="cond" truecount="2" falsecount="0"/>
        <line num="731" count="14" type="stmt"/>
        <line num="738" count="300" type="stmt"/>
        <line num="741" count="34" type="stmt"/>
        <line num="755" count="4806" type="stmt"/>
        <line num="757" count="266" type="stmt"/>
        <line num="759" count="326" type="stmt"/>
        <line num="761" count="326" type="cond" truecount="2" falsecount="0"/>
        <line num="763" count="326" type="stmt"/>
        <line num="766" count="326" type="cond" truecount="2" falsecount="0"/>
        <line num="770" count="200" type="stmt"/>
        <line num="774" count="326" type="stmt"/>
        <line num="779" count="266" type="stmt"/>
      </file>
      <file name="delete.js" path="/Volumes/mm/codes/csvs-js/src/0.0.2/delete.js">
        <metrics statements="5" coveredstatements="5" conditionals="0" coveredconditionals="0" methods="2" coveredmethods="2"/>
        <line num="20" count="2" type="stmt"/>
        <line num="30" count="2" type="stmt"/>
        <line num="32" count="2" type="stmt"/>
        <line num="34" count="2" type="stmt"/>
        <line num="42" count="2" type="stmt"/>
      </file>
      <file name="select.js" path="/Volumes/mm/codes/csvs-js/src/0.0.2/select.js">
        <metrics statements="24" coveredstatements="24" conditionals="12" coveredconditionals="10" methods="4" coveredmethods="4"/>
        <line num="28" count="36" type="stmt"/>
        <line num="39" count="36" type="stmt"/>
        <line num="41" count="36" type="stmt"/>
        <line num="45" count="36" type="stmt"/>
        <line num="48" count="36" type="cond" truecount="1" falsecount="1"/>
        <line num="50" count="36" type="cond" truecount="2" falsecount="0"/>
        <line num="53" count="34" type="stmt"/>
        <line num="55" count="34" type="stmt"/>
        <line num="57" count="34" type="stmt"/>
        <line num="59" count="34" type="stmt"/>
        <line num="68" count="34" type="stmt"/>
        <line num="75" count="34" type="cond" truecount="1" falsecount="1"/>
        <line num="77" count="34" type="stmt"/>
        <line num="78" count="66" type="stmt"/>
        <line num="84" count="34" type="stmt"/>
        <line num="88" count="2" type="stmt"/>
        <line num="90" count="2" type="stmt"/>
        <line num="92" count="2" type="stmt"/>
        <line num="94" count="26" type="cond" truecount="4" falsecount="0"/>
        <line num="96" count="24" type="stmt"/>
        <line num="98" count="24" type="cond" truecount="2" falsecount="0"/>
        <line num="100" count="24" type="stmt"/>
        <line num="102" count="24" type="stmt"/>
        <line num="106" count="2" type="stmt"/>
      </file>
      <file name="store.js" path="/Volumes/mm/codes/csvs-js/src/0.0.2/store.js">
        <metrics statements="30" coveredstatements="28" conditionals="4" coveredconditionals="4" methods="12" coveredmethods="11"/>
        <line num="15" count="52" type="stmt"/>
        <line num="21" count="52" type="stmt"/>
        <line num="27" count="52" type="stmt"/>
        <line num="36" count="52" type="stmt"/>
        <line num="46" count="52" type="stmt"/>
        <line num="47" count="52" type="stmt"/>
        <line num="49" count="52" type="stmt"/>
        <line num="51" count="52" type="stmt"/>
        <line num="53" count="51" type="stmt"/>
        <line num="54" count="815" type="stmt"/>
        <line num="56" count="815" type="stmt"/>
        <line num="72" count="48" type="stmt"/>
        <line num="74" count="48" type="stmt"/>
        <line num="76" count="48" type="stmt"/>
        <line num="78" count="509" type="stmt"/>
        <line num="79" count="509" type="cond" truecount="2" falsecount="0"/>
        <line num="88" count="509" type="stmt"/>
        <line num="91" count="0" type="stmt"/>
        <line num="96" count="48" type="stmt"/>
        <line num="100" count="180" type="stmt"/>
        <line num="104" count="0" type="stmt"/>
        <line num="108" count="165" type="cond" truecount="2" falsecount="0"/>
        <line num="110" count="165" type="stmt"/>
        <line num="114" count="11" type="stmt"/>
        <line num="123" count="14" type="stmt"/>
        <line num="127" count="88" type="stmt"/>
        <line num="129" count="279" type="stmt"/>
        <line num="130" count="118" type="stmt"/>
        <line num="133" count="88" type="stmt"/>
        <line num="137" count="14" type="stmt"/>
      </file>
      <file name="update.js" path="/Volumes/mm/codes/csvs-js/src/0.0.2/update.js">
        <metrics statements="50" coveredstatements="50" conditionals="25" coveredconditionals="24" methods="13" coveredmethods="13"/>
        <line num="21" count="14" type="stmt"/>
        <line num="32" count="14" type="stmt"/>
        <line num="35" count="14" type="cond" truecount="2" falsecount="0"/>
        <line num="39" count="12" type="stmt"/>
        <line num="41" count="12" type="stmt"/>
        <line num="43" count="12" type="cond" truecount="2" falsecount="0"/>
        <line num="44" count="1" type="stmt"/>
        <line num="46" count="11" type="stmt"/>
        <line num="51" count="12" type="stmt"/>
        <line num="62" count="3" type="stmt"/>
        <line num="65" count="1" type="stmt"/>
        <line num="66" count="2" type="stmt"/>
        <line num="72" count="12" type="stmt"/>
        <line num="74" count="2" type="stmt"/>
        <line num="77" count="1" type="stmt"/>
        <line num="80" count="1" type="stmt"/>
        <line num="92" count="11" type="stmt"/>
        <line num="95" count="11" type="stmt"/>
        <line num="98" count="11" type="stmt"/>
        <line num="100" count="11" type="stmt"/>
        <line num="101" count="180" type="stmt"/>
        <line num="103" count="180" type="stmt"/>
        <line num="105" count="180" type="stmt"/>
        <line num="107" count="180" type="stmt"/>
        <line num="110" count="180" type="stmt"/>
        <line num="114" count="425" type="cond" truecount="4" falsecount="0"/>
        <line num="116" count="140" type="stmt"/>
        <line num="118" count="140" type="cond" truecount="2" falsecount="0"/>
        <line num="120" count="140" type="stmt"/>
        <line num="122" count="140" type="cond" truecount="2" falsecount="0"/>
        <line num="125" count="88" type="stmt"/>
        <line num="126" count="176" type="stmt"/>
        <line num="129" count="88" type="stmt"/>
        <line num="132" count="88" type="stmt"/>
        <line num="137" count="180" type="cond" truecount="1" falsecount="1"/>
        <line num="139" count="180" type="cond" truecount="2" falsecount="0"/>
        <line num="141" count="180" type="cond" truecount="2" falsecount="0"/>
        <line num="142" count="77" type="stmt"/>
        <line num="148" count="180" type="cond" truecount="2" falsecount="0"/>
        <line num="150" count="77" type="stmt"/>
        <line num="152" count="77" type="stmt"/>
        <line num="154" count="87" type="stmt"/>
        <line num="156" count="92" type="stmt"/>
        <line num="158" count="87" type="stmt"/>
        <line num="159" count="184" type="stmt"/>
        <line num="162" count="87" type="stmt"/>
        <line num="165" count="77" type="stmt"/>
        <line num="168" count="77" type="stmt"/>
        <line num="171" count="103" type="cond" truecount="5" falsecount="0"/>
        <line num="173" count="10" type="stmt"/>
      </file>
    </package>
    <package name="tests">
      <metrics statements="4" coveredstatements="4" conditionals="0" coveredconditionals="0" methods="3" coveredmethods="3"/>
      <file name="cases.js" path="/Volumes/mm/codes/csvs-js/tests/cases.js">
        <metrics statements="4" coveredstatements="4" conditionals="0" coveredconditionals="0" methods="3" coveredmethods="3"/>
        <line num="3" count="1" type="stmt"/>
        <line num="5" count="4" type="stmt"/>
        <line num="122" count="2" type="stmt"/>
        <line num="209" count="2" type="stmt"/>
      </file>
    </package>
    <package name="tests.mocks">
      <metrics statements="19" coveredstatements="19" conditionals="4" coveredconditionals="3" methods="5" coveredmethods="5"/>
      <file name="index.js" path="/Volumes/mm/codes/csvs-js/tests/mocks/index.js">
        <metrics statements="19" coveredstatements="19" conditionals="4" coveredconditionals="3" methods="5" coveredmethods="5"/>
        <line num="11" count="1" type="stmt"/>
        <line num="14" count="514" type="stmt"/>
        <line num="16" count="514" type="stmt"/>
        <line num="18" count="514" type="cond" truecount="2" falsecount="0"/>
        <line num="19" count="347" type="stmt"/>
        <line num="20" count="167" type="cond" truecount="1" falsecount="1"/>
        <line num="21" count="167" type="stmt"/>
        <line num="23" count="167" type="stmt"/>
        <line num="24" count="482" type="stmt"/>
        <line num="26" count="482" type="stmt"/>
        <line num="29" count="167" type="stmt"/>
        <line num="34" count="32" type="stmt"/>
        <line num="36" count="32" type="stmt"/>
        <line num="37" count="347" type="stmt"/>
        <line num="39" count="347" type="stmt"/>
        <line num="41" count="347" type="stmt"/>
        <line num="43" count="347" type="stmt"/>
        <line num="46" count="32" type="stmt"/>
        <line num="50" count="1" type="stmt"/>
      </file>
    </package>
    <package name="tests.mocks.0.0.1">
      <metrics statements="17" coveredstatements="17" conditionals="0" coveredconditionals="0" methods="0" coveredmethods="0"/>
      <file name="options.js" path="/Volumes/mm/codes/csvs-js/tests/mocks/0.0.1/options.js">
        <metrics statements="5" coveredstatements="5" conditionals="0" coveredconditionals="0" methods="0" coveredmethods="0"/>
        <line num="1" count="1" type="stmt"/>
        <line num="22" count="1" type="stmt"/>
        <line num="43" count="1" type="stmt"/>
        <line num="64" count="1" type="stmt"/>
        <line num="85" count="1" type="stmt"/>
      </file>
      <file name="records.js" path="/Volumes/mm/codes/csvs-js/tests/mocks/0.0.1/records.js">
        <metrics statements="12" coveredstatements="12" conditionals="0" coveredconditionals="0" methods="0" coveredmethods="0"/>
        <line num="1" count="1" type="stmt"/>
        <line num="13" count="1" type="stmt"/>
        <line num="25" count="1" type="stmt"/>
        <line num="35" count="1" type="stmt"/>
        <line num="46" count="1" type="stmt"/>
        <line num="55" count="1" type="stmt"/>
        <line num="87" count="1" type="stmt"/>
        <line num="104" count="1" type="stmt"/>
        <line num="141" count="1" type="stmt"/>
        <line num="173" count="1" type="stmt"/>
        <line num="199" count="1" type="stmt"/>
        <line num="236" count="1" type="stmt"/>
      </file>
    </package>
    <package name="tests.mocks.0.0.2">
      <metrics statements="18" coveredstatements="18" conditionals="0" coveredconditionals="0" methods="0" coveredmethods="0"/>
      <file name="options.js" path="/Volumes/mm/codes/csvs-js/tests/mocks/0.0.2/options.js">
        <metrics statements="5" coveredstatements="5" conditionals="0" coveredconditionals="0" methods="0" coveredmethods="0"/>
        <line num="1" count="1" type="stmt"/>
        <line num="20" count="1" type="stmt"/>
        <line num="37" count="1" type="stmt"/>
        <line num="54" count="1" type="stmt"/>
        <line num="71" count="1" type="stmt"/>
      </file>
      <file name="records.js" path="/Volumes/mm/codes/csvs-js/tests/mocks/0.0.2/records.js">
        <metrics statements="13" coveredstatements="13" conditionals="0" coveredconditionals="0" methods="0" coveredmethods="0"/>
        <line num="1" count="1" type="stmt"/>
        <line num="11" count="1" type="stmt"/>
        <line num="21" count="1" type="stmt"/>
        <line num="30" count="1" type="stmt"/>
        <line num="40" count="1" type="stmt"/>
        <line num="49" count="1" type="stmt"/>
        <line num="80" count="1" type="stmt"/>
        <line num="97" count="1" type="stmt"/>
        <line num="136" count="1" type="stmt"/>
        <line num="167" count="1" type="stmt"/>
        <line num="192" count="1" type="stmt"/>
        <line num="229" count="1" type="stmt"/>
        <line num="236" count="1" type="stmt"/>
      </file>
    </package>
  </project>
</coverage>
