{"/Volumes/mm/codes/csvs-js/src/csvs.js": {"path":"/Volumes/mm/codes/csvs-js/src/csvs.js","statementMap":{"0":{"start":{"line":72,"column":4},"end":{"line":72,"column":29}},"1":{"start":{"line":73,"column":4},"end":{"line":73,"column":31}},"2":{"start":{"line":74,"column":4},"end":{"line":74,"column":38}},"3":{"start":{"line":75,"column":4},"end":{"line":75,"column":55}},"4":{"start":{"line":86,"column":31},"end":{"line":86,"column":35}},"5":{"start":{"line":89,"column":20},"end":{"line":89,"column":49}},"6":{"start":{"line":91,"column":4},"end":{"line":93,"column":5}},"7":{"start":{"line":92,"column":6},"end":{"line":92,"column":69}},"8":{"start":{"line":94,"column":4},"end":{"line":96,"column":5}},"9":{"start":{"line":95,"column":6},"end":{"line":95,"column":69}},"10":{"start":{"line":100,"column":31},"end":{"line":100,"column":35}},"11":{"start":{"line":103,"column":20},"end":{"line":103,"column":49}},"12":{"start":{"line":105,"column":4},"end":{"line":107,"column":5}},"13":{"start":{"line":106,"column":6},"end":{"line":106,"column":77}},"14":{"start":{"line":108,"column":4},"end":{"line":110,"column":5}},"15":{"start":{"line":109,"column":6},"end":{"line":109,"column":77}},"16":{"start":{"line":114,"column":31},"end":{"line":114,"column":35}},"17":{"start":{"line":117,"column":20},"end":{"line":117,"column":49}},"18":{"start":{"line":119,"column":4},"end":{"line":121,"column":5}},"19":{"start":{"line":120,"column":6},"end":{"line":120,"column":72}},"20":{"start":{"line":122,"column":4},"end":{"line":124,"column":5}},"21":{"start":{"line":123,"column":6},"end":{"line":123,"column":72}},"22":{"start":{"line":128,"column":31},"end":{"line":128,"column":35}},"23":{"start":{"line":131,"column":20},"end":{"line":131,"column":49}},"24":{"start":{"line":133,"column":4},"end":{"line":135,"column":5}},"25":{"start":{"line":134,"column":6},"end":{"line":134,"column":74}},"26":{"start":{"line":136,"column":4},"end":{"line":138,"column":5}},"27":{"start":{"line":137,"column":6},"end":{"line":137,"column":74}},"28":{"start":{"line":149,"column":48},"end":{"line":149,"column":52}},"29":{"start":{"line":152,"column":20},"end":{"line":152,"column":49}},"30":{"start":{"line":154,"column":4},"end":{"line":160,"column":5}},"31":{"start":{"line":155,"column":6},"end":{"line":159,"column":24}},"32":{"start":{"line":161,"column":4},"end":{"line":167,"column":5}},"33":{"start":{"line":162,"column":6},"end":{"line":166,"column":24}},"34":{"start":{"line":177,"column":48},"end":{"line":177,"column":52}},"35":{"start":{"line":180,"column":20},"end":{"line":180,"column":49}},"36":{"start":{"line":182,"column":4},"end":{"line":188,"column":5}},"37":{"start":{"line":183,"column":6},"end":{"line":187,"column":24}},"38":{"start":{"line":189,"column":4},"end":{"line":195,"column":5}},"39":{"start":{"line":190,"column":6},"end":{"line":194,"column":24}}},"fnMap":{"0":{"name":"(anonymous_0)","decl":{"start":{"line":71,"column":2},"end":{"line":71,"column":3}},"loc":{"start":{"line":71,"column":57},"end":{"line":76,"column":3}},"line":71},"1":{"name":"(anonymous_1)","decl":{"start":{"line":85,"column":2},"end":{"line":85,"column":3}},"loc":{"start":{"line":85,"column":32},"end":{"line":97,"column":3}},"line":85},"2":{"name":"(anonymous_2)","decl":{"start":{"line":99,"column":2},"end":{"line":99,"column":3}},"loc":{"start":{"line":99,"column":40},"end":{"line":111,"column":3}},"line":99},"3":{"name":"(anonymous_3)","decl":{"start":{"line":113,"column":2},"end":{"line":113,"column":3}},"loc":{"start":{"line":113,"column":35},"end":{"line":125,"column":3}},"line":113},"4":{"name":"(anonymous_4)","decl":{"start":{"line":127,"column":2},"end":{"line":127,"column":3}},"loc":{"start":{"line":127,"column":38},"end":{"line":139,"column":3}},"line":127},"5":{"name":"(anonymous_5)","decl":{"start":{"line":148,"column":2},"end":{"line":148,"column":3}},"loc":{"start":{"line":148,"column":23},"end":{"line":168,"column":3}},"line":148},"6":{"name":"(anonymous_6)","decl":{"start":{"line":176,"column":2},"end":{"line":176,"column":3}},"loc":{"start":{"line":176,"column":23},"end":{"line":196,"column":3}},"line":176}},"branchMap":{"0":{"loc":{"start":{"line":74,"column":16},"end":{"line":74,"column":37}},"type":"binary-expr","locations":[{"start":{"line":74,"column":16},"end":{"line":74,"column":20}},{"start":{"line":74,"column":24},"end":{"line":74,"column":37}}],"line":74},"1":{"loc":{"start":{"line":75,"column":22},"end":{"line":75,"column":54}},"type":"binary-expr","locations":[{"start":{"line":75,"column":22},"end":{"line":75,"column":32}},{"start":{"line":75,"column":36},"end":{"line":75,"column":54}}],"line":75},"2":{"loc":{"start":{"line":91,"column":4},"end":{"line":93,"column":5}},"type":"if","locations":[{"start":{"line":91,"column":4},"end":{"line":93,"column":5}},{"start":{},"end":{}}],"line":91},"3":{"loc":{"start":{"line":94,"column":4},"end":{"line":96,"column":5}},"type":"if","locations":[{"start":{"line":94,"column":4},"end":{"line":96,"column":5}},{"start":{},"end":{}}],"line":94},"4":{"loc":{"start":{"line":105,"column":4},"end":{"line":107,"column":5}},"type":"if","locations":[{"start":{"line":105,"column":4},"end":{"line":107,"column":5}},{"start":{},"end":{}}],"line":105},"5":{"loc":{"start":{"line":108,"column":4},"end":{"line":110,"column":5}},"type":"if","locations":[{"start":{"line":108,"column":4},"end":{"line":110,"column":5}},{"start":{},"end":{}}],"line":108},"6":{"loc":{"start":{"line":119,"column":4},"end":{"line":121,"column":5}},"type":"if","locations":[{"start":{"line":119,"column":4},"end":{"line":121,"column":5}},{"start":{},"end":{}}],"line":119},"7":{"loc":{"start":{"line":122,"column":4},"end":{"line":124,"column":5}},"type":"if","locations":[{"start":{"line":122,"column":4},"end":{"line":124,"column":5}},{"start":{},"end":{}}],"line":122},"8":{"loc":{"start":{"line":133,"column":4},"end":{"line":135,"column":5}},"type":"if","locations":[{"start":{"line":133,"column":4},"end":{"line":135,"column":5}},{"start":{},"end":{}}],"line":133},"9":{"loc":{"start":{"line":136,"column":4},"end":{"line":138,"column":5}},"type":"if","locations":[{"start":{"line":136,"column":4},"end":{"line":138,"column":5}},{"start":{},"end":{}}],"line":136},"10":{"loc":{"start":{"line":154,"column":4},"end":{"line":160,"column":5}},"type":"if","locations":[{"start":{"line":154,"column":4},"end":{"line":160,"column":5}},{"start":{},"end":{}}],"line":154},"11":{"loc":{"start":{"line":161,"column":4},"end":{"line":167,"column":5}},"type":"if","locations":[{"start":{"line":161,"column":4},"end":{"line":167,"column":5}},{"start":{},"end":{}}],"line":161},"12":{"loc":{"start":{"line":182,"column":4},"end":{"line":188,"column":5}},"type":"if","locations":[{"start":{"line":182,"column":4},"end":{"line":188,"column":5}},{"start":{},"end":{}}],"line":182},"13":{"loc":{"start":{"line":189,"column":4},"end":{"line":195,"column":5}},"type":"if","locations":[{"start":{"line":189,"column":4},"end":{"line":195,"column":5}},{"start":{},"end":{}}],"line":189}},"s":{"0":104,"1":104,"2":104,"3":104,"4":72,"5":72,"6":72,"7":36,"8":36,"9":36,"10":0,"11":0,"12":0,"13":0,"14":0,"15":0,"16":0,"17":0,"18":0,"19":0,"20":0,"21":0,"22":0,"23":0,"24":0,"25":0,"26":0,"27":0,"28":28,"29":28,"30":28,"31":13,"32":15,"33":14,"34":4,"35":4,"36":4,"37":2,"38":2,"39":2},"f":{"0":104,"1":72,"2":0,"3":0,"4":0,"5":28,"6":4},"b":{"0":[104,68],"1":[104,0],"2":[36,36],"3":[36,0],"4":[0,0],"5":[0,0],"6":[0,0],"7":[0,0],"8":[0,0],"9":[0,0],"10":[13,15],"11":[14,1],"12":[2,2],"13":[2,0]},"_coverageSchema":"1a1c01bbd47fc00a2c39e90264f33305004495a9","hash":"f3c928c039fb3261fc42c03c23dcbaaf672c7b61"}
,"/Volumes/mm/codes/csvs-js/src/index.js": {"path":"/Volumes/mm/codes/csvs-js/src/index.js","statementMap":{},"fnMap":{},"branchMap":{},"s":{},"f":{},"b":{},"_coverageSchema":"1a1c01bbd47fc00a2c39e90264f33305004495a9","hash":"64ce22b2e814050686a9799902e8a040489fe0fc"}
,"/Volumes/mm/codes/csvs-js/src/random.js": {"path":"/Volumes/mm/codes/csvs-js/src/random.js","statementMap":{"0":{"start":{"line":8,"column":2},"end":{"line":12,"column":3}},"1":{"start":{"line":9,"column":19},"end":{"line":9,"column":41}},"2":{"start":{"line":11,"column":4},"end":{"line":11,"column":31}},"3":{"start":{"line":13,"column":2},"end":{"line":15,"column":3}},"4":{"start":{"line":14,"column":4},"end":{"line":14,"column":31}},"5":{"start":{"line":17,"column":2},"end":{"line":22,"column":4}},"6":{"start":{"line":18,"column":4},"end":{"line":21,"column":18}},"7":{"start":{"line":38,"column":2},"end":{"line":51,"column":3}},"8":{"start":{"line":39,"column":19},"end":{"line":39,"column":41}},"9":{"start":{"line":42,"column":4},"end":{"line":45,"column":6}},"10":{"start":{"line":47,"column":4},"end":{"line":50,"column":6}},"11":{"start":{"line":54,"column":20},"end":{"line":54,"column":58}},"12":{"start":{"line":57,"column":18},"end":{"line":59,"column":13}},"13":{"start":{"line":58,"column":16},"end":{"line":58,"column":47}},"14":{"start":{"line":61,"column":2},"end":{"line":61,"column":17}}},"fnMap":{"0":{"name":"randomUUID","decl":{"start":{"line":7,"column":22},"end":{"line":7,"column":32}},"loc":{"start":{"line":7,"column":35},"end":{"line":23,"column":1}},"line":7},"1":{"name":"(anonymous_1)","decl":{"start":{"line":17,"column":64},"end":{"line":17,"column":65}},"loc":{"start":{"line":18,"column":4},"end":{"line":21,"column":18}},"line":18},"2":{"name":"digestMessage","decl":{"start":{"line":32,"column":22},"end":{"line":32,"column":35}},"loc":{"start":{"line":32,"column":45},"end":{"line":62,"column":1}},"line":32},"3":{"name":"(anonymous_3)","decl":{"start":{"line":58,"column":9},"end":{"line":58,"column":10}},"loc":{"start":{"line":58,"column":16},"end":{"line":58,"column":47}},"line":58}},"branchMap":{"0":{"loc":{"start":{"line":8,"column":2},"end":{"line":12,"column":3}},"type":"if","locations":[{"start":{"line":8,"column":2},"end":{"line":12,"column":3}},{"start":{},"end":{}}],"line":8},"1":{"loc":{"start":{"line":13,"column":2},"end":{"line":15,"column":3}},"type":"if","locations":[{"start":{"line":13,"column":2},"end":{"line":15,"column":3}},{"start":{},"end":{}}],"line":13},"2":{"loc":{"start":{"line":38,"column":2},"end":{"line":51,"column":3}},"type":"if","locations":[{"start":{"line":38,"column":2},"end":{"line":51,"column":3}},{"start":{"line":46,"column":9},"end":{"line":51,"column":3}}],"line":38}},"s":{"0":0,"1":0,"2":0,"3":0,"4":0,"5":0,"6":0,"7":77,"8":77,"9":77,"10":0,"11":77,"12":77,"13":2464,"14":77},"f":{"0":0,"1":0,"2":77,"3":2464},"b":{"0":[0,0],"1":[0,0],"2":[77,0]},"_coverageSchema":"1a1c01bbd47fc00a2c39e90264f33305004495a9","hash":"4154664a4e3804b239db36845b5eeacd9a100f10"}
,"/Volumes/mm/codes/csvs-js/src/version.js": {"path":"/Volumes/mm/codes/csvs-js/src/version.js","statementMap":{"0":{"start":{"line":2,"column":2},"end":{"line":10,"column":3}},"1":{"start":{"line":3,"column":16},"end":{"line":3,"column":43}},"2":{"start":{"line":5,"column":4},"end":{"line":7,"column":5}},"3":{"start":{"line":6,"column":6},"end":{"line":6,"column":21}},"4":{"start":{"line":12,"column":2},"end":{"line":20,"column":3}},"5":{"start":{"line":13,"column":16},"end":{"line":13,"column":46}},"6":{"start":{"line":15,"column":4},"end":{"line":17,"column":5}},"7":{"start":{"line":16,"column":6},"end":{"line":16,"column":21}}},"fnMap":{"0":{"name":"detectVersion","decl":{"start":{"line":1,"column":22},"end":{"line":1,"column":35}},"loc":{"start":{"line":1,"column":46},"end":{"line":21,"column":1}},"line":1}},"branchMap":{"0":{"loc":{"start":{"line":5,"column":4},"end":{"line":7,"column":5}},"type":"if","locations":[{"start":{"line":5,"column":4},"end":{"line":7,"column":5}},{"start":{},"end":{}}],"line":5},"1":{"loc":{"start":{"line":15,"column":4},"end":{"line":17,"column":5}},"type":"if","locations":[{"start":{"line":15,"column":4},"end":{"line":17,"column":5}},{"start":{},"end":{}}],"line":15}},"s":{"0":104,"1":104,"2":104,"3":52,"4":52,"5":52,"6":52,"7":51},"f":{"0":104},"b":{"0":[52,52],"1":[51,1]},"_coverageSchema":"1a1c01bbd47fc00a2c39e90264f33305004495a9","hash":"429900aaf4621c93e70657a04eedf223a7b5f607"}
,"/Volumes/mm/codes/csvs-js/src/0.0.1/grep.js": {"path":"/Volumes/mm/codes/csvs-js/src/0.0.1/grep.js","statementMap":{"0":{"start":{"line":4,"column":17},"end":{"line":4,"column":18}},"1":{"start":{"line":6,"column":18},"end":{"line":6,"column":33}},"2":{"start":{"line":8,"column":2},"end":{"line":26,"column":3}},"3":{"start":{"line":9,"column":16},"end":{"line":9,"column":54}},"4":{"start":{"line":11,"column":17},"end":{"line":11,"column":26}},"5":{"start":{"line":13,"column":20},"end":{"line":13,"column":52}},"6":{"start":{"line":15,"column":4},"end":{"line":17,"column":5}},"7":{"start":{"line":16,"column":6},"end":{"line":16,"column":17}},"8":{"start":{"line":19,"column":20},"end":{"line":19,"column":33}},"9":{"start":{"line":21,"column":4},"end":{"line":25,"column":5}},"10":{"start":{"line":22,"column":6},"end":{"line":22,"column":26}},"11":{"start":{"line":24,"column":6},"end":{"line":24,"column":25}},"12":{"start":{"line":28,"column":2},"end":{"line":28,"column":12}},"13":{"start":{"line":32,"column":16},"end":{"line":32,"column":39}},"14":{"start":{"line":34,"column":16},"end":{"line":34,"column":40}},"15":{"start":{"line":36,"column":2},"end":{"line":38,"column":3}},"16":{"start":{"line":37,"column":4},"end":{"line":37,"column":14}},"17":{"start":{"line":41,"column":2},"end":{"line":69,"column":3}},"18":{"start":{"line":42,"column":19},"end":{"line":42,"column":24}},"19":{"start":{"line":44,"column":4},"end":{"line":50,"column":5}},"20":{"start":{"line":44,"column":17},"end":{"line":44,"column":22}},"21":{"start":{"line":45,"column":6},"end":{"line":49,"column":7}},"22":{"start":{"line":46,"column":8},"end":{"line":46,"column":21}},"23":{"start":{"line":48,"column":8},"end":{"line":48,"column":14}},"24":{"start":{"line":52,"column":20},"end":{"line":52,"column":25}},"25":{"start":{"line":54,"column":4},"end":{"line":60,"column":5}},"26":{"start":{"line":54,"column":17},"end":{"line":54,"column":22}},"27":{"start":{"line":55,"column":6},"end":{"line":59,"column":7}},"28":{"start":{"line":56,"column":8},"end":{"line":56,"column":22}},"29":{"start":{"line":58,"column":8},"end":{"line":58,"column":14}},"30":{"start":{"line":62,"column":4},"end":{"line":64,"column":5}},"31":{"start":{"line":63,"column":6},"end":{"line":63,"column":26}},"32":{"start":{"line":66,"column":20},"end":{"line":66,"column":74}},"33":{"start":{"line":68,"column":4},"end":{"line":68,"column":19}},"34":{"start":{"line":71,"column":15},"end":{"line":71,"column":27}},"35":{"start":{"line":73,"column":2},"end":{"line":73,"column":14}},"36":{"start":{"line":77,"column":16},"end":{"line":77,"column":39}},"37":{"start":{"line":79,"column":16},"end":{"line":79,"column":40}},"38":{"start":{"line":81,"column":2},"end":{"line":83,"column":3}},"39":{"start":{"line":82,"column":4},"end":{"line":82,"column":23}},"40":{"start":{"line":85,"column":17},"end":{"line":85,"column":22}},"41":{"start":{"line":87,"column":2},"end":{"line":93,"column":3}},"42":{"start":{"line":87,"column":15},"end":{"line":87,"column":20}},"43":{"start":{"line":88,"column":4},"end":{"line":92,"column":5}},"44":{"start":{"line":89,"column":6},"end":{"line":89,"column":19}},"45":{"start":{"line":91,"column":6},"end":{"line":91,"column":12}},"46":{"start":{"line":95,"column":18},"end":{"line":95,"column":23}},"47":{"start":{"line":97,"column":2},"end":{"line":103,"column":3}},"48":{"start":{"line":97,"column":15},"end":{"line":97,"column":20}},"49":{"start":{"line":98,"column":4},"end":{"line":102,"column":5}},"50":{"start":{"line":99,"column":6},"end":{"line":99,"column":20}},"51":{"start":{"line":101,"column":6},"end":{"line":101,"column":12}},"52":{"start":{"line":105,"column":2},"end":{"line":109,"column":3}},"53":{"start":{"line":106,"column":4},"end":{"line":106,"column":27}},"54":{"start":{"line":108,"column":4},"end":{"line":108,"column":53}},"55":{"start":{"line":111,"column":28},"end":{"line":111,"column":44}},"56":{"start":{"line":113,"column":2},"end":{"line":113,"column":27}},"57":{"start":{"line":126,"column":2},"end":{"line":128,"column":3}},"58":{"start":{"line":127,"column":4},"end":{"line":127,"column":14}},"59":{"start":{"line":129,"column":2},"end":{"line":131,"column":3}},"60":{"start":{"line":130,"column":4},"end":{"line":130,"column":23}},"61":{"start":{"line":133,"column":23},"end":{"line":133,"column":46}},"62":{"start":{"line":135,"column":23},"end":{"line":135,"column":46}},"63":{"start":{"line":137,"column":2},"end":{"line":143,"column":3}},"64":{"start":{"line":138,"column":24},"end":{"line":140,"column":5}},"65":{"start":{"line":139,"column":6},"end":{"line":139,"column":70}},"66":{"start":{"line":139,"column":38},"end":{"line":139,"column":69}},"67":{"start":{"line":142,"column":4},"end":{"line":142,"column":41}},"68":{"start":{"line":145,"column":22},"end":{"line":147,"column":3}},"69":{"start":{"line":146,"column":4},"end":{"line":146,"column":65}},"70":{"start":{"line":146,"column":34},"end":{"line":146,"column":64}},"71":{"start":{"line":149,"column":23},"end":{"line":149,"column":55}},"72":{"start":{"line":151,"column":2},"end":{"line":151,"column":40}},"73":{"start":{"line":155,"column":16},"end":{"line":155,"column":39}},"74":{"start":{"line":157,"column":16},"end":{"line":157,"column":47}},"75":{"start":{"line":159,"column":2},"end":{"line":161,"column":3}},"76":{"start":{"line":160,"column":4},"end":{"line":160,"column":23}},"77":{"start":{"line":163,"column":17},"end":{"line":163,"column":22}},"78":{"start":{"line":165,"column":2},"end":{"line":171,"column":3}},"79":{"start":{"line":165,"column":15},"end":{"line":165,"column":20}},"80":{"start":{"line":166,"column":4},"end":{"line":170,"column":5}},"81":{"start":{"line":167,"column":6},"end":{"line":167,"column":19}},"82":{"start":{"line":169,"column":6},"end":{"line":169,"column":12}},"83":{"start":{"line":173,"column":18},"end":{"line":173,"column":23}},"84":{"start":{"line":175,"column":2},"end":{"line":181,"column":3}},"85":{"start":{"line":175,"column":15},"end":{"line":175,"column":20}},"86":{"start":{"line":176,"column":4},"end":{"line":180,"column":5}},"87":{"start":{"line":177,"column":6},"end":{"line":177,"column":20}},"88":{"start":{"line":179,"column":6},"end":{"line":179,"column":12}},"89":{"start":{"line":183,"column":2},"end":{"line":187,"column":3}},"90":{"start":{"line":184,"column":4},"end":{"line":184,"column":27}},"91":{"start":{"line":186,"column":4},"end":{"line":186,"column":53}},"92":{"start":{"line":189,"column":28},"end":{"line":189,"column":44}},"93":{"start":{"line":191,"column":2},"end":{"line":191,"column":27}},"94":{"start":{"line":196,"column":15},"end":{"line":198,"column":3}},"95":{"start":{"line":197,"column":4},"end":{"line":197,"column":44}},"96":{"start":{"line":200,"column":17},"end":{"line":200,"column":18}},"97":{"start":{"line":202,"column":18},"end":{"line":202,"column":33}},"98":{"start":{"line":204,"column":2},"end":{"line":222,"column":3}},"99":{"start":{"line":205,"column":16},"end":{"line":205,"column":54}},"100":{"start":{"line":207,"column":17},"end":{"line":207,"column":26}},"101":{"start":{"line":209,"column":20},"end":{"line":209,"column":55}},"102":{"start":{"line":211,"column":4},"end":{"line":213,"column":5}},"103":{"start":{"line":212,"column":6},"end":{"line":212,"column":17}},"104":{"start":{"line":215,"column":22},"end":{"line":215,"column":37}},"105":{"start":{"line":217,"column":4},"end":{"line":221,"column":5}},"106":{"start":{"line":218,"column":6},"end":{"line":218,"column":26}},"107":{"start":{"line":220,"column":6},"end":{"line":220,"column":25}},"108":{"start":{"line":224,"column":2},"end":{"line":224,"column":12}}},"fnMap":{"0":{"name":"binarySearch","decl":{"start":{"line":3,"column":9},"end":{"line":3,"column":21}},"loc":{"start":{"line":3,"column":33},"end":{"line":29,"column":1}},"line":3},"1":{"name":"lookup","decl":{"start":{"line":31,"column":16},"end":{"line":31,"column":22}},"loc":{"start":{"line":31,"column":57},"end":{"line":74,"column":1}},"line":31},"2":{"name":"prune","decl":{"start":{"line":76,"column":16},"end":{"line":76,"column":21}},"loc":{"start":{"line":76,"column":40},"end":{"line":114,"column":1}},"line":76},"3":{"name":"grep","decl":{"start":{"line":125,"column":16},"end":{"line":125,"column":20}},"loc":{"start":{"line":125,"column":58},"end":{"line":152,"column":1}},"line":125},"4":{"name":"(anonymous_4)","decl":{"start":{"line":138,"column":44},"end":{"line":138,"column":45}},"loc":{"start":{"line":139,"column":6},"end":{"line":139,"column":70}},"line":139},"5":{"name":"(anonymous_5)","decl":{"start":{"line":139,"column":25},"end":{"line":139,"column":26}},"loc":{"start":{"line":139,"column":38},"end":{"line":139,"column":69}},"line":139},"6":{"name":"(anonymous_6)","decl":{"start":{"line":145,"column":39},"end":{"line":145,"column":40}},"loc":{"start":{"line":146,"column":4},"end":{"line":146,"column":65}},"line":146},"7":{"name":"(anonymous_7)","decl":{"start":{"line":146,"column":24},"end":{"line":146,"column":25}},"loc":{"start":{"line":146,"column":34},"end":{"line":146,"column":64}},"line":146},"8":{"name":"pruneValue","decl":{"start":{"line":154,"column":16},"end":{"line":154,"column":26}},"loc":{"start":{"line":154,"column":47},"end":{"line":192,"column":1}},"line":154},"9":{"name":"binarySearchValue","decl":{"start":{"line":194,"column":9},"end":{"line":194,"column":26}},"loc":{"start":{"line":194,"column":48},"end":{"line":225,"column":1}},"line":194},"10":{"name":"(anonymous_10)","decl":{"start":{"line":196,"column":33},"end":{"line":196,"column":34}},"loc":{"start":{"line":197,"column":4},"end":{"line":197,"column":44}},"line":197}},"branchMap":{"0":{"loc":{"start":{"line":15,"column":4},"end":{"line":17,"column":5}},"type":"if","locations":[{"start":{"line":15,"column":4},"end":{"line":17,"column":5}},{"start":{},"end":{}}],"line":15},"1":{"loc":{"start":{"line":21,"column":4},"end":{"line":25,"column":5}},"type":"if","locations":[{"start":{"line":21,"column":4},"end":{"line":25,"column":5}},{"start":{"line":23,"column":11},"end":{"line":25,"column":5}}],"line":21},"2":{"loc":{"start":{"line":31,"column":41},"end":{"line":31,"column":55}},"type":"default-arg","locations":[{"start":{"line":31,"column":50},"end":{"line":31,"column":55}}],"line":31},"3":{"loc":{"start":{"line":36,"column":2},"end":{"line":38,"column":3}},"type":"if","locations":[{"start":{"line":36,"column":2},"end":{"line":38,"column":3}},{"start":{},"end":{}}],"line":36},"4":{"loc":{"start":{"line":41,"column":2},"end":{"line":69,"column":3}},"type":"if","locations":[{"start":{"line":41,"column":2},"end":{"line":69,"column":3}},{"start":{},"end":{}}],"line":41},"5":{"loc":{"start":{"line":45,"column":6},"end":{"line":49,"column":7}},"type":"if","locations":[{"start":{"line":45,"column":6},"end":{"line":49,"column":7}},{"start":{"line":47,"column":13},"end":{"line":49,"column":7}}],"line":45},"6":{"loc":{"start":{"line":55,"column":6},"end":{"line":59,"column":7}},"type":"if","locations":[{"start":{"line":55,"column":6},"end":{"line":59,"column":7}},{"start":{"line":57,"column":13},"end":{"line":59,"column":7}}],"line":55},"7":{"loc":{"start":{"line":62,"column":4},"end":{"line":64,"column":5}},"type":"if","locations":[{"start":{"line":62,"column":4},"end":{"line":64,"column":5}},{"start":{},"end":{}}],"line":62},"8":{"loc":{"start":{"line":81,"column":2},"end":{"line":83,"column":3}},"type":"if","locations":[{"start":{"line":81,"column":2},"end":{"line":83,"column":3}},{"start":{},"end":{}}],"line":81},"9":{"loc":{"start":{"line":88,"column":4},"end":{"line":92,"column":5}},"type":"if","locations":[{"start":{"line":88,"column":4},"end":{"line":92,"column":5}},{"start":{"line":90,"column":11},"end":{"line":92,"column":5}}],"line":88},"10":{"loc":{"start":{"line":98,"column":4},"end":{"line":102,"column":5}},"type":"if","locations":[{"start":{"line":98,"column":4},"end":{"line":102,"column":5}},{"start":{"line":100,"column":11},"end":{"line":102,"column":5}}],"line":98},"11":{"loc":{"start":{"line":105,"column":2},"end":{"line":109,"column":3}},"type":"if","locations":[{"start":{"line":105,"column":2},"end":{"line":109,"column":3}},{"start":{"line":107,"column":9},"end":{"line":109,"column":3}}],"line":105},"12":{"loc":{"start":{"line":126,"column":2},"end":{"line":128,"column":3}},"type":"if","locations":[{"start":{"line":126,"column":2},"end":{"line":128,"column":3}},{"start":{},"end":{}}],"line":126},"13":{"loc":{"start":{"line":126,"column":6},"end":{"line":126,"column":53}},"type":"binary-expr","locations":[{"start":{"line":126,"column":6},"end":{"line":126,"column":31}},{"start":{"line":126,"column":35},"end":{"line":126,"column":53}}],"line":126},"14":{"loc":{"start":{"line":129,"column":2},"end":{"line":131,"column":3}},"type":"if","locations":[{"start":{"line":129,"column":2},"end":{"line":131,"column":3}},{"start":{},"end":{}}],"line":129},"15":{"loc":{"start":{"line":129,"column":6},"end":{"line":129,"column":53}},"type":"binary-expr","locations":[{"start":{"line":129,"column":6},"end":{"line":129,"column":31}},{"start":{"line":129,"column":35},"end":{"line":129,"column":53}}],"line":129},"16":{"loc":{"start":{"line":137,"column":2},"end":{"line":143,"column":3}},"type":"if","locations":[{"start":{"line":137,"column":2},"end":{"line":143,"column":3}},{"start":{},"end":{}}],"line":137},"17":{"loc":{"start":{"line":159,"column":2},"end":{"line":161,"column":3}},"type":"if","locations":[{"start":{"line":159,"column":2},"end":{"line":161,"column":3}},{"start":{},"end":{}}],"line":159},"18":{"loc":{"start":{"line":166,"column":4},"end":{"line":170,"column":5}},"type":"if","locations":[{"start":{"line":166,"column":4},"end":{"line":170,"column":5}},{"start":{"line":168,"column":11},"end":{"line":170,"column":5}}],"line":166},"19":{"loc":{"start":{"line":176,"column":4},"end":{"line":180,"column":5}},"type":"if","locations":[{"start":{"line":176,"column":4},"end":{"line":180,"column":5}},{"start":{"line":178,"column":11},"end":{"line":180,"column":5}}],"line":176},"20":{"loc":{"start":{"line":183,"column":2},"end":{"line":187,"column":3}},"type":"if","locations":[{"start":{"line":183,"column":2},"end":{"line":187,"column":3}},{"start":{"line":185,"column":9},"end":{"line":187,"column":3}}],"line":183},"21":{"loc":{"start":{"line":211,"column":4},"end":{"line":213,"column":5}},"type":"if","locations":[{"start":{"line":211,"column":4},"end":{"line":213,"column":5}},{"start":{},"end":{}}],"line":211},"22":{"loc":{"start":{"line":217,"column":4},"end":{"line":221,"column":5}},"type":"if","locations":[{"start":{"line":217,"column":4},"end":{"line":221,"column":5}},{"start":{"line":219,"column":11},"end":{"line":221,"column":5}}],"line":217}},"s":{"0":836,"1":836,"2":836,"3":1050,"4":1050,"5":1050,"6":1050,"7":578,"8":472,"9":472,"10":165,"11":307,"12":258,"13":668,"14":668,"15":668,"16":176,"17":492,"18":258,"19":258,"20":258,"21":386,"22":262,"23":124,"24":258,"25":258,"26":258,"27":400,"28":260,"29":140,"30":258,"31":252,"32":6,"33":6,"34":234,"35":234,"36":168,"37":168,"38":168,"39":82,"40":86,"41":86,"42":86,"43":113,"44":86,"45":27,"46":86,"47":86,"48":86,"49":93,"50":90,"51":3,"52":86,"53":82,"54":4,"55":86,"56":86,"57":43,"58":0,"59":43,"60":0,"61":43,"62":43,"63":43,"64":0,"65":0,"66":0,"67":0,"68":43,"69":57,"70":147,"71":43,"72":43,"73":1,"74":1,"75":1,"76":0,"77":1,"78":1,"79":1,"80":1,"81":1,"82":0,"83":1,"84":1,"85":1,"86":2,"87":1,"88":1,"89":1,"90":1,"91":0,"92":1,"93":1,"94":1,"95":1,"96":1,"97":1,"98":1,"99":1,"100":1,"101":1,"102":1,"103":1,"104":0,"105":0,"106":0,"107":0,"108":0},"f":{"0":836,"1":668,"2":168,"3":43,"4":0,"5":0,"6":57,"7":147,"8":1,"9":1,"10":1},"b":{"0":[578,472],"1":[165,307],"2":[234],"3":[176,492],"4":[258,234],"5":[262,124],"6":[260,140],"7":[252,6],"8":[82,86],"9":[86,27],"10":[90,3],"11":[82,4],"12":[0,43],"13":[43,43],"14":[0,43],"15":[43,43],"16":[0,43],"17":[0,1],"18":[1,0],"19":[1,1],"20":[1,0],"21":[1,0],"22":[0,0]},"_coverageSchema":"1a1c01bbd47fc00a2c39e90264f33305004495a9","hash":"0669bfc8308b3dba2fd0d0c5a0a52d3e9687b3c6"}
,"/Volumes/mm/codes/csvs-js/src/0.0.1/metadir.js": {"path":"/Volumes/mm/codes/csvs-js/src/0.0.1/metadir.js","statementMap":{"0":{"start":{"line":9,"column":2},"end":{"line":9,"column":55}},"1":{"start":{"line":9,"column":42},"end":{"line":9,"column":53}},"2":{"start":{"line":20,"column":2},"end":{"line":20,"column":27}},"3":{"start":{"line":31,"column":2},"end":{"line":31,"column":44}},"4":{"start":{"line":42,"column":16},"end":{"line":42,"column":51}},"5":{"start":{"line":44,"column":15},"end":{"line":44,"column":49}},"6":{"start":{"line":44,"column":35},"end":{"line":44,"column":48}},"7":{"start":{"line":46,"column":2},"end":{"line":46,"column":14}},"8":{"start":{"line":57,"column":16},"end":{"line":57,"column":51}},"9":{"start":{"line":59,"column":15},"end":{"line":59,"column":51}},"10":{"start":{"line":59,"column":35},"end":{"line":59,"column":50}},"11":{"start":{"line":61,"column":2},"end":{"line":61,"column":14}}},"fnMap":{"0":{"name":"splitLines","decl":{"start":{"line":8,"column":16},"end":{"line":8,"column":26}},"loc":{"start":{"line":8,"column":32},"end":{"line":10,"column":1}},"line":8},"1":{"name":"(anonymous_1)","decl":{"start":{"line":9,"column":32},"end":{"line":9,"column":33}},"loc":{"start":{"line":9,"column":42},"end":{"line":9,"column":53}},"line":9},"2":{"name":"takeKey","decl":{"start":{"line":19,"column":16},"end":{"line":19,"column":23}},"loc":{"start":{"line":19,"column":30},"end":{"line":21,"column":1}},"line":19},"3":{"name":"takeValue","decl":{"start":{"line":30,"column":16},"end":{"line":30,"column":25}},"loc":{"start":{"line":30,"column":32},"end":{"line":32,"column":1}},"line":30},"4":{"name":"takeKeys","decl":{"start":{"line":41,"column":16},"end":{"line":41,"column":24}},"loc":{"start":{"line":41,"column":30},"end":{"line":47,"column":1}},"line":41},"5":{"name":"(anonymous_5)","decl":{"start":{"line":44,"column":25},"end":{"line":44,"column":26}},"loc":{"start":{"line":44,"column":35},"end":{"line":44,"column":48}},"line":44},"6":{"name":"takeValues","decl":{"start":{"line":56,"column":16},"end":{"line":56,"column":26}},"loc":{"start":{"line":56,"column":32},"end":{"line":62,"column":1}},"line":56},"7":{"name":"(anonymous_7)","decl":{"start":{"line":59,"column":25},"end":{"line":59,"column":26}},"loc":{"start":{"line":59,"column":35},"end":{"line":59,"column":50}},"line":59}},"branchMap":{},"s":{"0":1025,"1":2136,"2":2052,"3":544,"4":76,"5":76,"6":132,"7":76,"8":26,"9":26,"10":62,"11":26},"f":{"0":1025,"1":2136,"2":2052,"3":544,"4":76,"5":132,"6":26,"7":62},"b":{},"_coverageSchema":"1a1c01bbd47fc00a2c39e90264f33305004495a9","hash":"e1a1694e59da3ea78edb60a1e9853230a9c6d526"}
,"/Volumes/mm/codes/csvs-js/src/0.0.1/schema.js": {"path":"/Volumes/mm/codes/csvs-js/src/0.0.1/schema.js","statementMap":{"0":{"start":{"line":9,"column":20},"end":{"line":11,"column":3}},"1":{"start":{"line":10,"column":16},"end":{"line":10,"column":78}},"2":{"start":{"line":13,"column":2},"end":{"line":13,"column":19}},"3":{"start":{"line":26,"column":20},"end":{"line":26,"column":34}},"4":{"start":{"line":28,"column":2},"end":{"line":31,"column":3}},"5":{"start":{"line":30,"column":4},"end":{"line":30,"column":17}},"6":{"start":{"line":32,"column":2},"end":{"line":35,"column":3}},"7":{"start":{"line":34,"column":4},"end":{"line":34,"column":16}},"8":{"start":{"line":36,"column":2},"end":{"line":40,"column":3}},"9":{"start":{"line":39,"column":4},"end":{"line":39,"column":17}},"10":{"start":{"line":41,"column":2},"end":{"line":44,"column":3}},"11":{"start":{"line":43,"column":4},"end":{"line":43,"column":16}},"12":{"start":{"line":47,"column":2},"end":{"line":47,"column":15}},"13":{"start":{"line":59,"column":2},"end":{"line":61,"column":4}},"14":{"start":{"line":60,"column":4},"end":{"line":60,"column":37}},"15":{"start":{"line":73,"column":18},"end":{"line":73,"column":20}},"16":{"start":{"line":75,"column":16},"end":{"line":75,"column":39}},"17":{"start":{"line":77,"column":2},"end":{"line":105,"column":5}},"18":{"start":{"line":78,"column":22},"end":{"line":78,"column":36}},"19":{"start":{"line":80,"column":4},"end":{"line":82,"column":5}},"20":{"start":{"line":81,"column":6},"end":{"line":81,"column":61}},"21":{"start":{"line":84,"column":4},"end":{"line":104,"column":5}},"22":{"start":{"line":86,"column":8},"end":{"line":86,"column":14}},"23":{"start":{"line":90,"column":8},"end":{"line":92,"column":10}},"24":{"start":{"line":94,"column":8},"end":{"line":96,"column":9}},"25":{"start":{"line":95,"column":10},"end":{"line":95,"column":71}},"26":{"start":{"line":98,"column":8},"end":{"line":98,"column":14}},"27":{"start":{"line":101,"column":8},"end":{"line":103,"column":10}},"28":{"start":{"line":107,"column":2},"end":{"line":107,"column":42}}},"fnMap":{"0":{"name":"findSchemaRoot","decl":{"start":{"line":8,"column":16},"end":{"line":8,"column":30}},"loc":{"start":{"line":8,"column":39},"end":{"line":14,"column":1}},"line":8},"1":{"name":"(anonymous_1)","decl":{"start":{"line":10,"column":4},"end":{"line":10,"column":5}},"loc":{"start":{"line":10,"column":16},"end":{"line":10,"column":78}},"line":10},"2":{"name":"isConnected","decl":{"start":{"line":25,"column":9},"end":{"line":25,"column":20}},"loc":{"start":{"line":25,"column":43},"end":{"line":48,"column":1}},"line":25},"3":{"name":"findCrown","decl":{"start":{"line":58,"column":16},"end":{"line":58,"column":25}},"loc":{"start":{"line":58,"column":40},"end":{"line":62,"column":1}},"line":58},"4":{"name":"(anonymous_4)","decl":{"start":{"line":59,"column":36},"end":{"line":59,"column":37}},"loc":{"start":{"line":60,"column":4},"end":{"line":60,"column":37}},"line":60},"5":{"name":"findCrownPaths","decl":{"start":{"line":72,"column":16},"end":{"line":72,"column":30}},"loc":{"start":{"line":72,"column":45},"end":{"line":108,"column":1}},"line":72},"6":{"name":"(anonymous_6)","decl":{"start":{"line":77,"column":31},"end":{"line":77,"column":32}},"loc":{"start":{"line":77,"column":43},"end":{"line":105,"column":3}},"line":77}},"branchMap":{"0":{"loc":{"start":{"line":28,"column":2},"end":{"line":31,"column":3}},"type":"if","locations":[{"start":{"line":28,"column":2},"end":{"line":31,"column":3}},{"start":{},"end":{}}],"line":28},"1":{"loc":{"start":{"line":32,"column":2},"end":{"line":35,"column":3}},"type":"if","locations":[{"start":{"line":32,"column":2},"end":{"line":35,"column":3}},{"start":{},"end":{}}],"line":32},"2":{"loc":{"start":{"line":36,"column":2},"end":{"line":40,"column":3}},"type":"if","locations":[{"start":{"line":36,"column":2},"end":{"line":40,"column":3}},{"start":{},"end":{}}],"line":36},"3":{"loc":{"start":{"line":36,"column":6},"end":{"line":36,"column":71}},"type":"binary-expr","locations":[{"start":{"line":36,"column":6},"end":{"line":36,"column":37}},{"start":{"line":36,"column":41},"end":{"line":36,"column":71}}],"line":36},"4":{"loc":{"start":{"line":41,"column":2},"end":{"line":44,"column":3}},"type":"if","locations":[{"start":{"line":41,"column":2},"end":{"line":44,"column":3}},{"start":{},"end":{}}],"line":41},"5":{"loc":{"start":{"line":80,"column":4},"end":{"line":82,"column":5}},"type":"if","locations":[{"start":{"line":80,"column":4},"end":{"line":82,"column":5}},{"start":{},"end":{}}],"line":80},"6":{"loc":{"start":{"line":80,"column":8},"end":{"line":80,"column":62}},"type":"binary-expr","locations":[{"start":{"line":80,"column":8},"end":{"line":80,"column":27}},{"start":{"line":80,"column":31},"end":{"line":80,"column":62}}],"line":80},"7":{"loc":{"start":{"line":84,"column":4},"end":{"line":104,"column":5}},"type":"switch","locations":[{"start":{"line":85,"column":6},"end":{"line":86,"column":14}},{"start":{"line":88,"column":6},"end":{"line":88,"column":20}},{"start":{"line":89,"column":6},"end":{"line":98,"column":14}},{"start":{"line":100,"column":6},"end":{"line":103,"column":10}}],"line":84},"8":{"loc":{"start":{"line":91,"column":27},"end":{"line":91,"column":55}},"type":"binary-expr","locations":[{"start":{"line":91,"column":27},"end":{"line":91,"column":45}},{"start":{"line":91,"column":49},"end":{"line":91,"column":55}}],"line":91},"9":{"loc":{"start":{"line":94,"column":8},"end":{"line":96,"column":9}},"type":"if","locations":[{"start":{"line":94,"column":8},"end":{"line":96,"column":9}},{"start":{},"end":{}}],"line":94},"10":{"loc":{"start":{"line":102,"column":27},"end":{"line":102,"column":55}},"type":"binary-expr","locations":[{"start":{"line":102,"column":27},"end":{"line":102,"column":45}},{"start":{"line":102,"column":49},"end":{"line":102,"column":55}}],"line":102}},"s":{"0":0,"1":0,"2":0,"3":4473,"4":4473,"5":1216,"6":3257,"7":748,"8":2509,"9":697,"10":1812,"11":260,"12":1552,"13":149,"14":2661,"15":97,"16":97,"17":97,"18":571,"19":569,"20":505,"21":569,"22":32,"23":103,"24":103,"25":48,"26":103,"27":434,"28":95},"f":{"0":0,"1":0,"2":4473,"3":149,"4":2661,"5":97,"6":571},"b":{"0":[1216,3257],"1":[748,2509],"2":[697,1812],"3":[2509,1970],"4":[260,1552],"5":[505,64],"6":[569,537],"7":[32,79,103,434],"8":[103,103],"9":[48,55],"10":[434,266]},"_coverageSchema":"1a1c01bbd47fc00a2c39e90264f33305004495a9","hash":"75fac519a551d96885d087d4ce70749b0361019f"}
,"/Volumes/mm/codes/csvs-js/src/0.0.1/select.js": {"path":"/Volumes/mm/codes/csvs-js/src/0.0.1/select.js","statementMap":{"0":{"start":{"line":17,"column":20},"end":{"line":17,"column":34}},"1":{"start":{"line":19,"column":2},"end":{"line":21,"column":64}},"2":{"start":{"line":42,"column":12},"end":{"line":42,"column":14}},"3":{"start":{"line":51,"column":4},"end":{"line":51,"column":30}},"4":{"start":{"line":53,"column":4},"end":{"line":53,"column":38}},"5":{"start":{"line":64,"column":4},"end":{"line":64,"column":35}},"6":{"start":{"line":66,"column":25},"end":{"line":66,"column":65}},"7":{"start":{"line":69,"column":17},"end":{"line":71,"column":42}},"8":{"start":{"line":74,"column":4},"end":{"line":74,"column":33}},"9":{"start":{"line":77,"column":21},"end":{"line":77,"column":63}},"10":{"start":{"line":80,"column":20},"end":{"line":80,"column":60}},"11":{"start":{"line":82,"column":4},"end":{"line":82,"column":19}},"12":{"start":{"line":86,"column":4},"end":{"line":86,"column":35}},"13":{"start":{"line":88,"column":25},"end":{"line":88,"column":65}},"14":{"start":{"line":91,"column":17},"end":{"line":93,"column":42}},"15":{"start":{"line":96,"column":4},"end":{"line":96,"column":33}},"16":{"start":{"line":99,"column":21},"end":{"line":99,"column":63}},"17":{"start":{"line":101,"column":4},"end":{"line":101,"column":30}},"18":{"start":{"line":105,"column":4},"end":{"line":105,"column":35}},"19":{"start":{"line":107,"column":4},"end":{"line":107,"column":33}},"20":{"start":{"line":109,"column":4},"end":{"line":109,"column":44}},"21":{"start":{"line":113,"column":4},"end":{"line":113,"column":35}},"22":{"start":{"line":115,"column":25},"end":{"line":115,"column":65}},"23":{"start":{"line":118,"column":17},"end":{"line":120,"column":42}},"24":{"start":{"line":123,"column":4},"end":{"line":123,"column":33}},"25":{"start":{"line":126,"column":21},"end":{"line":126,"column":63}},"26":{"start":{"line":128,"column":18},"end":{"line":128,"column":22}},"27":{"start":{"line":130,"column":4},"end":{"line":148,"column":7}},"28":{"start":{"line":134,"column":8},"end":{"line":136,"column":9}},"29":{"start":{"line":135,"column":10},"end":{"line":135,"column":34}},"30":{"start":{"line":138,"column":24},"end":{"line":138,"column":42}},"31":{"start":{"line":140,"column":23},"end":{"line":140,"column":62}},"32":{"start":{"line":142,"column":8},"end":{"line":142,"column":26}},"33":{"start":{"line":144,"column":8},"end":{"line":146,"column":9}},"34":{"start":{"line":145,"column":10},"end":{"line":145,"column":26}},"35":{"start":{"line":161,"column":24},"end":{"line":163,"column":5}},"36":{"start":{"line":165,"column":26},"end":{"line":167,"column":5}},"37":{"start":{"line":166,"column":17},"end":{"line":166,"column":73}},"38":{"start":{"line":170,"column":4},"end":{"line":229,"column":6}},"39":{"start":{"line":172,"column":8},"end":{"line":227,"column":9}},"40":{"start":{"line":174,"column":30},"end":{"line":174,"column":56}},"41":{"start":{"line":176,"column":29},"end":{"line":176,"column":108}},"42":{"start":{"line":178,"column":29},"end":{"line":178,"column":78}},"43":{"start":{"line":180,"column":31},"end":{"line":185,"column":13}},"44":{"start":{"line":187,"column":30},"end":{"line":187,"column":50}},"45":{"start":{"line":189,"column":12},"end":{"line":195,"column":13}},"46":{"start":{"line":190,"column":14},"end":{"line":190,"column":42}},"47":{"start":{"line":192,"column":14},"end":{"line":194,"column":16}},"48":{"start":{"line":197,"column":12},"end":{"line":197,"column":18}},"49":{"start":{"line":202,"column":14},"end":{"line":204,"column":23}},"50":{"start":{"line":206,"column":32},"end":{"line":211,"column":13}},"51":{"start":{"line":213,"column":31},"end":{"line":213,"column":52}},"52":{"start":{"line":215,"column":12},"end":{"line":225,"column":13}},"53":{"start":{"line":216,"column":14},"end":{"line":216,"column":43}},"54":{"start":{"line":218,"column":31},"end":{"line":222,"column":15}},"55":{"start":{"line":224,"column":14},"end":{"line":224,"column":41}},"56":{"start":{"line":231,"column":21},"end":{"line":233,"column":5}},"57":{"start":{"line":232,"column":6},"end":{"line":232,"column":36}},"58":{"start":{"line":232,"column":22},"end":{"line":232,"column":35}},"59":{"start":{"line":235,"column":4},"end":{"line":235,"column":20}},"60":{"start":{"line":248,"column":4},"end":{"line":250,"column":5}},"61":{"start":{"line":249,"column":6},"end":{"line":249,"column":16}},"62":{"start":{"line":252,"column":22},"end":{"line":252,"column":48}},"63":{"start":{"line":254,"column":22},"end":{"line":257,"column":5}},"64":{"start":{"line":259,"column":22},"end":{"line":259,"column":41}},"65":{"start":{"line":261,"column":4},"end":{"line":263,"column":5}},"66":{"start":{"line":262,"column":6},"end":{"line":262,"column":23}},"67":{"start":{"line":265,"column":4},"end":{"line":265,"column":54}},"68":{"start":{"line":277,"column":20},"end":{"line":277,"column":22}},"69":{"start":{"line":279,"column":4},"end":{"line":286,"column":6}},"70":{"start":{"line":284,"column":8},"end":{"line":284,"column":61}},"71":{"start":{"line":289,"column":4},"end":{"line":289,"column":19}},"72":{"start":{"line":301,"column":19},"end":{"line":301,"column":45}},"73":{"start":{"line":303,"column":4},"end":{"line":313,"column":5}},"74":{"start":{"line":305,"column":8},"end":{"line":305,"column":14}},"75":{"start":{"line":308,"column":8},"end":{"line":308,"column":26}},"76":{"start":{"line":309,"column":8},"end":{"line":309,"column":14}},"77":{"start":{"line":312,"column":8},"end":{"line":312,"column":66}},"78":{"start":{"line":315,"column":4},"end":{"line":319,"column":5}},"79":{"start":{"line":316,"column":6},"end":{"line":318,"column":8}},"80":{"start":{"line":317,"column":20},"end":{"line":317,"column":63}},"81":{"start":{"line":321,"column":18},"end":{"line":321,"column":36}},"82":{"start":{"line":324,"column":4},"end":{"line":341,"column":6}},"83":{"start":{"line":328,"column":28},"end":{"line":328,"column":79}},"84":{"start":{"line":330,"column":8},"end":{"line":339,"column":9}},"85":{"start":{"line":331,"column":10},"end":{"line":338,"column":11}},"86":{"start":{"line":332,"column":12},"end":{"line":332,"column":43}},"87":{"start":{"line":334,"column":12},"end":{"line":334,"column":47}},"88":{"start":{"line":337,"column":12},"end":{"line":337,"column":41}},"89":{"start":{"line":343,"column":4},"end":{"line":343,"column":18}},"90":{"start":{"line":357,"column":22},"end":{"line":357,"column":70}},"91":{"start":{"line":359,"column":4},"end":{"line":361,"column":5}},"92":{"start":{"line":360,"column":6},"end":{"line":360,"column":23}},"93":{"start":{"line":363,"column":4},"end":{"line":376,"column":5}},"94":{"start":{"line":364,"column":27},"end":{"line":364,"column":29}},"95":{"start":{"line":366,"column":6},"end":{"line":373,"column":8}},"96":{"start":{"line":369,"column":30},"end":{"line":369,"column":70}},"97":{"start":{"line":371,"column":10},"end":{"line":371,"column":41}},"98":{"start":{"line":375,"column":6},"end":{"line":375,"column":26}},"99":{"start":{"line":379,"column":24},"end":{"line":379,"column":70}},"100":{"start":{"line":381,"column":4},"end":{"line":381,"column":23}},"101":{"start":{"line":394,"column":22},"end":{"line":394,"column":48}},"102":{"start":{"line":397,"column":6},"end":{"line":399,"column":57}},"103":{"start":{"line":401,"column":22},"end":{"line":405,"column":5}},"104":{"start":{"line":407,"column":4},"end":{"line":409,"column":5}},"105":{"start":{"line":408,"column":6},"end":{"line":408,"column":23}},"106":{"start":{"line":411,"column":4},"end":{"line":415,"column":5}},"107":{"start":{"line":412,"column":25},"end":{"line":412,"column":46}},"108":{"start":{"line":414,"column":6},"end":{"line":414,"column":24}},"109":{"start":{"line":417,"column":22},"end":{"line":417,"column":42}},"110":{"start":{"line":419,"column":4},"end":{"line":419,"column":21}},"111":{"start":{"line":431,"column":4},"end":{"line":474,"column":5}},"112":{"start":{"line":433,"column":8},"end":{"line":433,"column":52}},"113":{"start":{"line":436,"column":8},"end":{"line":436,"column":52}},"114":{"start":{"line":439,"column":8},"end":{"line":439,"column":25}},"115":{"start":{"line":442,"column":27},"end":{"line":447,"column":9}},"116":{"start":{"line":449,"column":8},"end":{"line":453,"column":9}},"117":{"start":{"line":450,"column":30},"end":{"line":450,"column":63}},"118":{"start":{"line":452,"column":10},"end":{"line":452,"column":29}},"119":{"start":{"line":455,"column":8},"end":{"line":455,"column":25}},"120":{"start":{"line":459,"column":27},"end":{"line":464,"column":9}},"121":{"start":{"line":466,"column":8},"end":{"line":470,"column":9}},"122":{"start":{"line":467,"column":30},"end":{"line":467,"column":51}},"123":{"start":{"line":469,"column":10},"end":{"line":469,"column":29}},"124":{"start":{"line":472,"column":8},"end":{"line":472,"column":25}}},"fnMap":{"0":{"name":"findAllKeys","decl":{"start":{"line":16,"column":16},"end":{"line":16,"column":27}},"loc":{"start":{"line":16,"column":51},"end":{"line":22,"column":1}},"line":16},"1":{"name":"(anonymous_1)","decl":{"start":{"line":50,"column":2},"end":{"line":50,"column":3}},"loc":{"start":{"line":50,"column":24},"end":{"line":54,"column":3}},"line":50},"2":{"name":"(anonymous_2)","decl":{"start":{"line":63,"column":2},"end":{"line":63,"column":3}},"loc":{"start":{"line":63,"column":32},"end":{"line":83,"column":3}},"line":63},"3":{"name":"(anonymous_3)","decl":{"start":{"line":85,"column":2},"end":{"line":85,"column":3}},"loc":{"start":{"line":85,"column":40},"end":{"line":102,"column":3}},"line":85},"4":{"name":"(anonymous_4)","decl":{"start":{"line":104,"column":2},"end":{"line":104,"column":3}},"loc":{"start":{"line":104,"column":35},"end":{"line":110,"column":3}},"line":104},"5":{"name":"(anonymous_5)","decl":{"start":{"line":112,"column":2},"end":{"line":112,"column":3}},"loc":{"start":{"line":112,"column":38},"end":{"line":149,"column":3}},"line":112},"6":{"name":"(anonymous_6)","decl":{"start":{"line":133,"column":6},"end":{"line":133,"column":7}},"loc":{"start":{"line":133,"column":19},"end":{"line":147,"column":7}},"line":133},"7":{"name":"(anonymous_7)","decl":{"start":{"line":166,"column":6},"end":{"line":166,"column":7}},"loc":{"start":{"line":166,"column":17},"end":{"line":166,"column":73}},"line":166},"8":{"name":"(anonymous_8)","decl":{"start":{"line":171,"column":24},"end":{"line":171,"column":25}},"loc":{"start":{"line":171,"column":51},"end":{"line":228,"column":7}},"line":171},"9":{"name":"(anonymous_9)","decl":{"start":{"line":231,"column":40},"end":{"line":231,"column":41}},"loc":{"start":{"line":232,"column":6},"end":{"line":232,"column":36}},"line":232},"10":{"name":"(anonymous_10)","decl":{"start":{"line":232,"column":15},"end":{"line":232,"column":16}},"loc":{"start":{"line":232,"column":22},"end":{"line":232,"column":35}},"line":232},"11":{"name":"(anonymous_11)","decl":{"start":{"line":280,"column":19},"end":{"line":280,"column":20}},"loc":{"start":{"line":280,"column":38},"end":{"line":285,"column":7}},"line":280},"12":{"name":"(anonymous_12)","decl":{"start":{"line":317,"column":8},"end":{"line":317,"column":9}},"loc":{"start":{"line":317,"column":20},"end":{"line":317,"column":63}},"line":317},"13":{"name":"(anonymous_13)","decl":{"start":{"line":325,"column":16},"end":{"line":325,"column":17}},"loc":{"start":{"line":325,"column":34},"end":{"line":340,"column":7}},"line":325},"14":{"name":"(anonymous_14)","decl":{"start":{"line":367,"column":22},"end":{"line":367,"column":23}},"loc":{"start":{"line":367,"column":37},"end":{"line":372,"column":9}},"line":367}},"branchMap":{"0":{"loc":{"start":{"line":19,"column":9},"end":{"line":21,"column":63}},"type":"cond-expr","locations":[{"start":{"line":20,"column":6},"end":{"line":20,"column":80}},{"start":{"line":21,"column":6},"end":{"line":21,"column":63}}],"line":19},"1":{"loc":{"start":{"line":20,"column":38},"end":{"line":20,"column":66}},"type":"binary-expr","locations":[{"start":{"line":20,"column":38},"end":{"line":20,"column":56}},{"start":{"line":20,"column":60},"end":{"line":20,"column":66}}],"line":20},"2":{"loc":{"start":{"line":66,"column":25},"end":{"line":66,"column":65}},"type":"binary-expr","locations":[{"start":{"line":66,"column":25},"end":{"line":66,"column":40}},{"start":{"line":66,"column":44},"end":{"line":66,"column":65}}],"line":66},"3":{"loc":{"start":{"line":69,"column":17},"end":{"line":71,"column":42}},"type":"cond-expr","locations":[{"start":{"line":70,"column":8},"end":{"line":70,"column":29}},{"start":{"line":71,"column":8},"end":{"line":71,"column":42}}],"line":69},"4":{"loc":{"start":{"line":88,"column":25},"end":{"line":88,"column":65}},"type":"binary-expr","locations":[{"start":{"line":88,"column":25},"end":{"line":88,"column":40}},{"start":{"line":88,"column":44},"end":{"line":88,"column":65}}],"line":88},"5":{"loc":{"start":{"line":91,"column":17},"end":{"line":93,"column":42}},"type":"cond-expr","locations":[{"start":{"line":92,"column":8},"end":{"line":92,"column":29}},{"start":{"line":93,"column":8},"end":{"line":93,"column":42}}],"line":91},"6":{"loc":{"start":{"line":115,"column":25},"end":{"line":115,"column":65}},"type":"binary-expr","locations":[{"start":{"line":115,"column":25},"end":{"line":115,"column":40}},{"start":{"line":115,"column":44},"end":{"line":115,"column":65}}],"line":115},"7":{"loc":{"start":{"line":118,"column":17},"end":{"line":120,"column":42}},"type":"cond-expr","locations":[{"start":{"line":119,"column":8},"end":{"line":119,"column":29}},{"start":{"line":120,"column":8},"end":{"line":120,"column":42}}],"line":118},"8":{"loc":{"start":{"line":134,"column":8},"end":{"line":136,"column":9}},"type":"if","locations":[{"start":{"line":134,"column":8},"end":{"line":136,"column":9}},{"start":{},"end":{}}],"line":134},"9":{"loc":{"start":{"line":144,"column":8},"end":{"line":146,"column":9}},"type":"if","locations":[{"start":{"line":144,"column":8},"end":{"line":146,"column":9}},{"start":{},"end":{}}],"line":144},"10":{"loc":{"start":{"line":166,"column":17},"end":{"line":166,"column":73}},"type":"binary-expr","locations":[{"start":{"line":166,"column":17},"end":{"line":166,"column":28}},{"start":{"line":166,"column":32},"end":{"line":166,"column":43}},{"start":{"line":166,"column":47},"end":{"line":166,"column":58}},{"start":{"line":166,"column":62},"end":{"line":166,"column":73}}],"line":166},"11":{"loc":{"start":{"line":172,"column":8},"end":{"line":227,"column":9}},"type":"switch","locations":[{"start":{"line":173,"column":10},"end":{"line":198,"column":11}},{"start":{"line":200,"column":10},"end":{"line":226,"column":11}}],"line":172},"12":{"loc":{"start":{"line":176,"column":46},"end":{"line":176,"column":86}},"type":"binary-expr","locations":[{"start":{"line":176,"column":46},"end":{"line":176,"column":76}},{"start":{"line":176,"column":80},"end":{"line":176,"column":86}}],"line":176},"13":{"loc":{"start":{"line":178,"column":29},"end":{"line":178,"column":78}},"type":"binary-expr","locations":[{"start":{"line":178,"column":30},"end":{"line":178,"column":69}},{"start":{"line":178,"column":74},"end":{"line":178,"column":78}}],"line":178},"14":{"loc":{"start":{"line":182,"column":33},"end":{"line":182,"column":71}},"type":"binary-expr","locations":[{"start":{"line":182,"column":33},"end":{"line":182,"column":62}},{"start":{"line":182,"column":66},"end":{"line":182,"column":71}}],"line":182},"15":{"loc":{"start":{"line":189,"column":12},"end":{"line":195,"column":13}},"type":"if","locations":[{"start":{"line":189,"column":12},"end":{"line":195,"column":13}},{"start":{"line":191,"column":19},"end":{"line":195,"column":13}}],"line":189},"16":{"loc":{"start":{"line":202,"column":14},"end":{"line":204,"column":23}},"type":"cond-expr","locations":[{"start":{"line":203,"column":18},"end":{"line":203,"column":39}},{"start":{"line":204,"column":18},"end":{"line":204,"column":23}}],"line":202},"17":{"loc":{"start":{"line":208,"column":33},"end":{"line":208,"column":73}},"type":"binary-expr","locations":[{"start":{"line":208,"column":33},"end":{"line":208,"column":63}},{"start":{"line":208,"column":67},"end":{"line":208,"column":73}}],"line":208},"18":{"loc":{"start":{"line":215,"column":12},"end":{"line":225,"column":13}},"type":"if","locations":[{"start":{"line":215,"column":12},"end":{"line":225,"column":13}},{"start":{"line":217,"column":19},"end":{"line":225,"column":13}}],"line":215},"19":{"loc":{"start":{"line":248,"column":4},"end":{"line":250,"column":5}},"type":"if","locations":[{"start":{"line":248,"column":4},"end":{"line":250,"column":5}},{"start":{},"end":{}}],"line":248},"20":{"loc":{"start":{"line":261,"column":4},"end":{"line":263,"column":5}},"type":"if","locations":[{"start":{"line":261,"column":4},"end":{"line":263,"column":5}},{"start":{},"end":{}}],"line":261},"21":{"loc":{"start":{"line":303,"column":4},"end":{"line":313,"column":5}},"type":"switch","locations":[{"start":{"line":304,"column":6},"end":{"line":305,"column":14}},{"start":{"line":307,"column":6},"end":{"line":309,"column":14}},{"start":{"line":311,"column":6},"end":{"line":312,"column":66}}],"line":303},"22":{"loc":{"start":{"line":315,"column":4},"end":{"line":319,"column":5}},"type":"if","locations":[{"start":{"line":315,"column":4},"end":{"line":319,"column":5}},{"start":{},"end":{}}],"line":315},"23":{"loc":{"start":{"line":330,"column":8},"end":{"line":339,"column":9}},"type":"if","locations":[{"start":{"line":330,"column":8},"end":{"line":339,"column":9}},{"start":{},"end":{}}],"line":330},"24":{"loc":{"start":{"line":331,"column":10},"end":{"line":338,"column":11}},"type":"if","locations":[{"start":{"line":331,"column":10},"end":{"line":338,"column":11}},{"start":{"line":335,"column":17},"end":{"line":338,"column":11}}],"line":331},"25":{"loc":{"start":{"line":359,"column":4},"end":{"line":361,"column":5}},"type":"if","locations":[{"start":{"line":359,"column":4},"end":{"line":361,"column":5}},{"start":{},"end":{}}],"line":359},"26":{"loc":{"start":{"line":363,"column":4},"end":{"line":376,"column":5}},"type":"if","locations":[{"start":{"line":363,"column":4},"end":{"line":376,"column":5}},{"start":{},"end":{}}],"line":363},"27":{"loc":{"start":{"line":397,"column":6},"end":{"line":399,"column":57}},"type":"cond-expr","locations":[{"start":{"line":398,"column":10},"end":{"line":398,"column":17}},{"start":{"line":399,"column":10},"end":{"line":399,"column":57}}],"line":397},"28":{"loc":{"start":{"line":407,"column":4},"end":{"line":409,"column":5}},"type":"if","locations":[{"start":{"line":407,"column":4},"end":{"line":409,"column":5}},{"start":{},"end":{}}],"line":407},"29":{"loc":{"start":{"line":411,"column":4},"end":{"line":415,"column":5}},"type":"if","locations":[{"start":{"line":411,"column":4},"end":{"line":415,"column":5}},{"start":{},"end":{}}],"line":411},"30":{"loc":{"start":{"line":431,"column":4},"end":{"line":474,"column":5}},"type":"switch","locations":[{"start":{"line":432,"column":6},"end":{"line":433,"column":52}},{"start":{"line":435,"column":6},"end":{"line":436,"column":52}},{"start":{"line":438,"column":6},"end":{"line":439,"column":25}},{"start":{"line":441,"column":6},"end":{"line":456,"column":7}},{"start":{"line":458,"column":6},"end":{"line":473,"column":7}}],"line":431},"31":{"loc":{"start":{"line":444,"column":29},"end":{"line":444,"column":69}},"type":"binary-expr","locations":[{"start":{"line":444,"column":29},"end":{"line":444,"column":59}},{"start":{"line":444,"column":63},"end":{"line":444,"column":69}}],"line":444},"32":{"loc":{"start":{"line":449,"column":8},"end":{"line":453,"column":9}},"type":"if","locations":[{"start":{"line":449,"column":8},"end":{"line":453,"column":9}},{"start":{},"end":{}}],"line":449},"33":{"loc":{"start":{"line":461,"column":29},"end":{"line":461,"column":69}},"type":"binary-expr","locations":[{"start":{"line":461,"column":29},"end":{"line":461,"column":59}},{"start":{"line":461,"column":63},"end":{"line":461,"column":69}}],"line":461},"34":{"loc":{"start":{"line":466,"column":8},"end":{"line":470,"column":9}},"type":"if","locations":[{"start":{"line":466,"column":8},"end":{"line":470,"column":9}},{"start":{},"end":{}}],"line":466}},"s":{"0":34,"1":34,"2":36,"3":36,"4":36,"5":36,"6":36,"7":36,"8":36,"9":34,"10":34,"11":34,"12":0,"13":0,"14":0,"15":0,"16":0,"17":0,"18":0,"19":0,"20":0,"21":0,"22":0,"23":0,"24":0,"25":0,"26":0,"27":0,"28":0,"29":0,"30":0,"31":0,"32":0,"33":0,"34":0,"35":34,"36":34,"37":60,"38":34,"39":26,"40":0,"41":0,"42":0,"43":0,"44":0,"45":0,"46":0,"47":0,"48":0,"49":26,"50":26,"51":26,"52":26,"53":2,"54":24,"55":24,"56":34,"57":26,"58":64,"59":34,"60":30,"61":0,"62":30,"63":30,"64":30,"65":30,"66":24,"67":6,"68":34,"69":34,"70":66,"71":34,"72":90,"73":90,"74":26,"75":6,"76":6,"77":58,"78":90,"79":52,"80":274,"81":90,"82":90,"83":330,"84":330,"85":194,"86":12,"87":12,"88":182,"89":90,"90":330,"91":330,"92":136,"93":194,"94":12,"95":12,"96":18,"97":18,"98":12,"99":182,"100":182,"101":434,"102":434,"103":434,"104":434,"105":176,"106":258,"107":12,"108":12,"109":246,"110":246,"111":258,"112":6,"113":18,"114":0,"115":94,"116":94,"117":94,"118":94,"119":0,"120":140,"121":140,"122":140,"123":140,"124":0},"f":{"0":34,"1":36,"2":36,"3":0,"4":0,"5":0,"6":0,"7":60,"8":26,"9":26,"10":64,"11":66,"12":274,"13":330,"14":18},"b":{"0":[20,14],"1":[20,20],"2":[36,0],"3":[36,0],"4":[0,0],"5":[0,0],"6":[0,0],"7":[0,0],"8":[0,0],"9":[0,0],"10":[60,60,60,60],"11":[0,26],"12":[0,0],"13":[0,0],"14":[0,0],"15":[0,0],"16":[8,18],"17":[26,8],"18":[2,24],"19":[0,30],"20":[24,6],"21":[26,6,58],"22":[52,38],"23":[194,136],"24":[12,182],"25":[136,194],"26":[12,182],"27":[330,104],"28":[176,258],"29":[12,246],"30":[6,18,0,94,140],"31":[94,94],"32":[94,0],"33":[140,0],"34":[140,0]},"_coverageSchema":"1a1c01bbd47fc00a2c39e90264f33305004495a9","hash":"907d0ad998ff3ae7db659c650f8f2b2bf5b7ec37"}
,"/Volumes/mm/codes/csvs-js/src/0.0.1/store.js": {"path":"/Volumes/mm/codes/csvs-js/src/0.0.1/store.js","statementMap":{"0":{"start":{"line":15,"column":11},"end":{"line":15,"column":13}},"1":{"start":{"line":21,"column":10},"end":{"line":21,"column":12}},"2":{"start":{"line":27,"column":11},"end":{"line":27,"column":13}},"3":{"start":{"line":36,"column":4},"end":{"line":36,"column":30}},"4":{"start":{"line":46,"column":25},"end":{"line":46,"column":70}},"5":{"start":{"line":48,"column":4},"end":{"line":48,"column":43}},"6":{"start":{"line":60,"column":22},"end":{"line":60,"column":55}},"7":{"start":{"line":62,"column":18},"end":{"line":62,"column":20}},"8":{"start":{"line":64,"column":4},"end":{"line":81,"column":6}},"9":{"start":{"line":66,"column":8},"end":{"line":79,"column":9}},"10":{"start":{"line":67,"column":27},"end":{"line":67,"column":76}},"11":{"start":{"line":69,"column":33},"end":{"line":73,"column":23}},"12":{"start":{"line":71,"column":30},"end":{"line":71,"column":41}},"13":{"start":{"line":72,"column":28},"end":{"line":72,"column":64}},"14":{"start":{"line":75,"column":10},"end":{"line":75,"column":43}},"15":{"start":{"line":78,"column":10},"end":{"line":78,"column":33}},"16":{"start":{"line":83,"column":4},"end":{"line":83,"column":23}},"17":{"start":{"line":87,"column":4},"end":{"line":87,"column":32}},"18":{"start":{"line":91,"column":4},"end":{"line":91,"column":33}},"19":{"start":{"line":95,"column":4},"end":{"line":95,"column":41}},"20":{"start":{"line":104,"column":4},"end":{"line":114,"column":6}},"21":{"start":{"line":106,"column":31},"end":{"line":110,"column":25}},"22":{"start":{"line":108,"column":28},"end":{"line":108,"column":39}},"23":{"start":{"line":109,"column":26},"end":{"line":109,"column":44}},"24":{"start":{"line":112,"column":8},"end":{"line":112,"column":65}},"25":{"start":{"line":116,"column":4},"end":{"line":116,"column":21}}},"fnMap":{"0":{"name":"(anonymous_0)","decl":{"start":{"line":35,"column":2},"end":{"line":35,"column":3}},"loc":{"start":{"line":35,"column":24},"end":{"line":37,"column":3}},"line":35},"1":{"name":"(anonymous_1)","decl":{"start":{"line":45,"column":2},"end":{"line":45,"column":3}},"loc":{"start":{"line":45,"column":21},"end":{"line":49,"column":3}},"line":45},"2":{"name":"(anonymous_2)","decl":{"start":{"line":58,"column":2},"end":{"line":58,"column":3}},"loc":{"start":{"line":58,"column":19},"end":{"line":84,"column":3}},"line":58},"3":{"name":"(anonymous_3)","decl":{"start":{"line":65,"column":20},"end":{"line":65,"column":21}},"loc":{"start":{"line":65,"column":40},"end":{"line":80,"column":7}},"line":65},"4":{"name":"(anonymous_4)","decl":{"start":{"line":71,"column":20},"end":{"line":71,"column":21}},"loc":{"start":{"line":71,"column":30},"end":{"line":71,"column":41}},"line":71},"5":{"name":"(anonymous_5)","decl":{"start":{"line":72,"column":18},"end":{"line":72,"column":19}},"loc":{"start":{"line":72,"column":28},"end":{"line":72,"column":64}},"line":72},"6":{"name":"(anonymous_6)","decl":{"start":{"line":86,"column":2},"end":{"line":86,"column":3}},"loc":{"start":{"line":86,"column":21},"end":{"line":88,"column":3}},"line":86},"7":{"name":"(anonymous_7)","decl":{"start":{"line":90,"column":2},"end":{"line":90,"column":3}},"loc":{"start":{"line":90,"column":22},"end":{"line":92,"column":3}},"line":90},"8":{"name":"(anonymous_8)","decl":{"start":{"line":94,"column":2},"end":{"line":94,"column":3}},"loc":{"start":{"line":94,"column":36},"end":{"line":96,"column":3}},"line":94},"9":{"name":"(anonymous_9)","decl":{"start":{"line":103,"column":2},"end":{"line":103,"column":3}},"loc":{"start":{"line":103,"column":16},"end":{"line":117,"column":3}},"line":103},"10":{"name":"(anonymous_10)","decl":{"start":{"line":105,"column":38},"end":{"line":105,"column":39}},"loc":{"start":{"line":105,"column":70},"end":{"line":113,"column":7}},"line":105},"11":{"name":"(anonymous_11)","decl":{"start":{"line":108,"column":18},"end":{"line":108,"column":19}},"loc":{"start":{"line":108,"column":28},"end":{"line":108,"column":39}},"line":108},"12":{"name":"(anonymous_12)","decl":{"start":{"line":109,"column":16},"end":{"line":109,"column":17}},"loc":{"start":{"line":109,"column":26},"end":{"line":109,"column":44}},"line":109}},"branchMap":{"0":{"loc":{"start":{"line":67,"column":27},"end":{"line":67,"column":76}},"type":"binary-expr","locations":[{"start":{"line":67,"column":28},"end":{"line":67,"column":67}},{"start":{"line":67,"column":72},"end":{"line":67,"column":76}}],"line":67}},"s":{"0":51,"1":51,"2":51,"3":51,"4":51,"5":51,"6":49,"7":47,"8":47,"9":1042,"10":1042,"11":1042,"12":2808,"13":724,"14":1042,"15":0,"16":47,"17":219,"18":196,"19":185,"20":13,"21":154,"22":542,"23":206,"24":154,"25":13},"f":{"0":51,"1":51,"2":49,"3":1042,"4":2808,"5":724,"6":219,"7":196,"8":185,"9":13,"10":154,"11":542,"12":206},"b":{"0":[1042,416]},"_coverageSchema":"1a1c01bbd47fc00a2c39e90264f33305004495a9","hash":"c1c0269c99a7602055fcd6cb13cdf1b089794f41"}
,"/Volumes/mm/codes/csvs-js/src/0.0.1/update.js": {"path":"/Volumes/mm/codes/csvs-js/src/0.0.1/update.js","statementMap":{"0":{"start":{"line":27,"column":4},"end":{"line":27,"column":30}},"1":{"start":{"line":29,"column":4},"end":{"line":29,"column":38}},"2":{"start":{"line":40,"column":4},"end":{"line":40,"column":35}},"3":{"start":{"line":42,"column":4},"end":{"line":42,"column":37}},"4":{"start":{"line":44,"column":18},"end":{"line":44,"column":42}},"5":{"start":{"line":46,"column":4},"end":{"line":46,"column":30}},"6":{"start":{"line":48,"column":4},"end":{"line":48,"column":17}},"7":{"start":{"line":58,"column":4},"end":{"line":58,"column":35}},"8":{"start":{"line":60,"column":4},"end":{"line":60,"column":37}},"9":{"start":{"line":62,"column":22},"end":{"line":62,"column":48}},"10":{"start":{"line":64,"column":4},"end":{"line":64,"column":65}},"11":{"start":{"line":66,"column":4},"end":{"line":66,"column":65}},"12":{"start":{"line":68,"column":4},"end":{"line":68,"column":30}},"13":{"start":{"line":79,"column":19},"end":{"line":79,"column":27}},"14":{"start":{"line":81,"column":23},"end":{"line":81,"column":54}},"15":{"start":{"line":84,"column":6},"end":{"line":86,"column":24}},"16":{"start":{"line":90,"column":4},"end":{"line":102,"column":5}},"17":{"start":{"line":91,"column":6},"end":{"line":91,"column":30}},"18":{"start":{"line":92,"column":11},"end":{"line":102,"column":5}},"19":{"start":{"line":97,"column":6},"end":{"line":97,"column":73}},"20":{"start":{"line":98,"column":11},"end":{"line":102,"column":5}},"21":{"start":{"line":99,"column":6},"end":{"line":99,"column":30}},"22":{"start":{"line":101,"column":6},"end":{"line":101,"column":51}},"23":{"start":{"line":105,"column":22},"end":{"line":105,"column":91}},"24":{"start":{"line":108,"column":6},"end":{"line":110,"column":21}},"25":{"start":{"line":113,"column":6},"end":{"line":115,"column":28}},"26":{"start":{"line":117,"column":22},"end":{"line":119,"column":46}},"27":{"start":{"line":122,"column":6},"end":{"line":122,"column":73}},"28":{"start":{"line":124,"column":4},"end":{"line":134,"column":5}},"29":{"start":{"line":125,"column":6},"end":{"line":125,"column":50}},"30":{"start":{"line":126,"column":11},"end":{"line":134,"column":5}},"31":{"start":{"line":127,"column":26},"end":{"line":127,"column":53}},"32":{"start":{"line":129,"column":6},"end":{"line":133,"column":7}},"33":{"start":{"line":130,"column":8},"end":{"line":130,"column":52}},"34":{"start":{"line":132,"column":8},"end":{"line":132,"column":73}},"35":{"start":{"line":136,"column":4},"end":{"line":136,"column":46}},"36":{"start":{"line":138,"column":4},"end":{"line":138,"column":42}},"37":{"start":{"line":148,"column":19},"end":{"line":148,"column":27}},"38":{"start":{"line":150,"column":23},"end":{"line":150,"column":54}},"39":{"start":{"line":152,"column":4},"end":{"line":163,"column":5}},"40":{"start":{"line":157,"column":6},"end":{"line":161,"column":7}},"41":{"start":{"line":158,"column":8},"end":{"line":160,"column":10}},"42":{"start":{"line":162,"column":6},"end":{"line":162,"column":23}},"43":{"start":{"line":165,"column":24},"end":{"line":165,"column":38}},"44":{"start":{"line":169,"column":4},"end":{"line":175,"column":5}},"45":{"start":{"line":170,"column":6},"end":{"line":170,"column":30}},"46":{"start":{"line":171,"column":11},"end":{"line":175,"column":5}},"47":{"start":{"line":172,"column":6},"end":{"line":172,"column":79}},"48":{"start":{"line":174,"column":6},"end":{"line":174,"column":51}},"49":{"start":{"line":178,"column":22},"end":{"line":178,"column":91}},"50":{"start":{"line":181,"column":6},"end":{"line":181,"column":73}},"51":{"start":{"line":183,"column":24},"end":{"line":183,"column":51}},"52":{"start":{"line":185,"column":4},"end":{"line":185,"column":50}},"53":{"start":{"line":187,"column":4},"end":{"line":187,"column":21}},"54":{"start":{"line":198,"column":19},"end":{"line":198,"column":27}},"55":{"start":{"line":200,"column":23},"end":{"line":200,"column":54}},"56":{"start":{"line":202,"column":19},"end":{"line":206,"column":5}},"57":{"start":{"line":204,"column":8},"end":{"line":205,"column":46}},"58":{"start":{"line":208,"column":4},"end":{"line":211,"column":5}},"59":{"start":{"line":210,"column":6},"end":{"line":210,"column":50}},"60":{"start":{"line":214,"column":4},"end":{"line":252,"column":6}},"61":{"start":{"line":218,"column":10},"end":{"line":220,"column":33}},"62":{"start":{"line":219,"column":41},"end":{"line":219,"column":47}},"63":{"start":{"line":222,"column":8},"end":{"line":250,"column":9}},"64":{"start":{"line":224,"column":10},"end":{"line":246,"column":11}},"65":{"start":{"line":225,"column":30},"end":{"line":225,"column":76}},"66":{"start":{"line":225,"column":60},"end":{"line":225,"column":75}},"67":{"start":{"line":227,"column":12},"end":{"line":232,"column":14}},"68":{"start":{"line":230,"column":16},"end":{"line":230,"column":55}},"69":{"start":{"line":235,"column":14},"end":{"line":243,"column":22}},"70":{"start":{"line":239,"column":35},"end":{"line":239,"column":72}},"71":{"start":{"line":240,"column":43},"end":{"line":240,"column":73}},"72":{"start":{"line":245,"column":12},"end":{"line":245,"column":57}},"73":{"start":{"line":249,"column":10},"end":{"line":249,"column":51}},"74":{"start":{"line":264,"column":19},"end":{"line":264,"column":27}},"75":{"start":{"line":266,"column":22},"end":{"line":266,"column":48}},"76":{"start":{"line":268,"column":32},"end":{"line":268,"column":56}},"77":{"start":{"line":271,"column":21},"end":{"line":271,"column":49}},"78":{"start":{"line":273,"column":21},"end":{"line":273,"column":59}},"79":{"start":{"line":276,"column":6},"end":{"line":276,"column":71}},"80":{"start":{"line":278,"column":4},"end":{"line":292,"column":5}},"81":{"start":{"line":279,"column":6},"end":{"line":279,"column":48}},"82":{"start":{"line":280,"column":11},"end":{"line":292,"column":5}},"83":{"start":{"line":281,"column":6},"end":{"line":291,"column":7}},"84":{"start":{"line":282,"column":8},"end":{"line":282,"column":61}},"85":{"start":{"line":284,"column":27},"end":{"line":284,"column":52}},"86":{"start":{"line":286,"column":8},"end":{"line":290,"column":9}},"87":{"start":{"line":287,"column":10},"end":{"line":287,"column":52}},"88":{"start":{"line":289,"column":10},"end":{"line":289,"column":72}},"89":{"start":{"line":304,"column":21},"end":{"line":304,"column":86}},"90":{"start":{"line":307,"column":21},"end":{"line":307,"column":51}},"91":{"start":{"line":309,"column":4},"end":{"line":311,"column":5}},"92":{"start":{"line":310,"column":6},"end":{"line":310,"column":13}},"93":{"start":{"line":313,"column":23},"end":{"line":313,"column":48}},"94":{"start":{"line":315,"column":4},"end":{"line":315,"column":55}},"95":{"start":{"line":326,"column":22},"end":{"line":326,"column":48}},"96":{"start":{"line":329,"column":4},"end":{"line":342,"column":5}},"97":{"start":{"line":331,"column":23},"end":{"line":331,"column":61}},"98":{"start":{"line":333,"column":23},"end":{"line":333,"column":53}},"99":{"start":{"line":335,"column":6},"end":{"line":337,"column":7}},"100":{"start":{"line":336,"column":8},"end":{"line":336,"column":15}},"101":{"start":{"line":339,"column":25},"end":{"line":339,"column":56}},"102":{"start":{"line":341,"column":6},"end":{"line":341,"column":57}},"103":{"start":{"line":354,"column":19},"end":{"line":358,"column":5}},"104":{"start":{"line":356,"column":8},"end":{"line":357,"column":46}},"105":{"start":{"line":360,"column":4},"end":{"line":364,"column":6}},"106":{"start":{"line":362,"column":8},"end":{"line":362,"column":49}}},"fnMap":{"0":{"name":"(anonymous_0)","decl":{"start":{"line":26,"column":2},"end":{"line":26,"column":3}},"loc":{"start":{"line":26,"column":24},"end":{"line":30,"column":3}},"line":26},"1":{"name":"(anonymous_1)","decl":{"start":{"line":39,"column":2},"end":{"line":39,"column":3}},"loc":{"start":{"line":39,"column":23},"end":{"line":49,"column":3}},"line":39},"2":{"name":"(anonymous_2)","decl":{"start":{"line":57,"column":2},"end":{"line":57,"column":3}},"loc":{"start":{"line":57,"column":23},"end":{"line":69,"column":3}},"line":57},"3":{"name":"(anonymous_3)","decl":{"start":{"line":203,"column":6},"end":{"line":203,"column":7}},"loc":{"start":{"line":204,"column":8},"end":{"line":205,"column":46}},"line":204},"4":{"name":"(anonymous_4)","decl":{"start":{"line":215,"column":17},"end":{"line":215,"column":18}},"loc":{"start":{"line":215,"column":33},"end":{"line":251,"column":7}},"line":215},"5":{"name":"(anonymous_5)","decl":{"start":{"line":219,"column":31},"end":{"line":219,"column":32}},"loc":{"start":{"line":219,"column":41},"end":{"line":219,"column":47}},"line":219},"6":{"name":"(anonymous_6)","decl":{"start":{"line":225,"column":50},"end":{"line":225,"column":51}},"loc":{"start":{"line":225,"column":60},"end":{"line":225,"column":75}},"line":225},"7":{"name":"(anonymous_7)","decl":{"start":{"line":228,"column":28},"end":{"line":228,"column":29}},"loc":{"start":{"line":228,"column":44},"end":{"line":231,"column":15}},"line":228},"8":{"name":"(anonymous_8)","decl":{"start":{"line":239,"column":28},"end":{"line":239,"column":29}},"loc":{"start":{"line":239,"column":35},"end":{"line":239,"column":72}},"line":239},"9":{"name":"(anonymous_9)","decl":{"start":{"line":240,"column":28},"end":{"line":240,"column":29}},"loc":{"start":{"line":240,"column":43},"end":{"line":240,"column":73}},"line":240},"10":{"name":"(anonymous_10)","decl":{"start":{"line":355,"column":6},"end":{"line":355,"column":7}},"loc":{"start":{"line":356,"column":8},"end":{"line":357,"column":46}},"line":356},"11":{"name":"(anonymous_11)","decl":{"start":{"line":361,"column":17},"end":{"line":361,"column":18}},"loc":{"start":{"line":361,"column":33},"end":{"line":363,"column":7}},"line":361}},"branchMap":{"0":{"loc":{"start":{"line":64,"column":39},"end":{"line":64,"column":63}},"type":"binary-expr","locations":[{"start":{"line":64,"column":39},"end":{"line":64,"column":50}},{"start":{"line":64,"column":54},"end":{"line":64,"column":63}}],"line":64},"1":{"loc":{"start":{"line":66,"column":39},"end":{"line":66,"column":63}},"type":"binary-expr","locations":[{"start":{"line":66,"column":39},"end":{"line":66,"column":50}},{"start":{"line":66,"column":54},"end":{"line":66,"column":63}}],"line":66},"2":{"loc":{"start":{"line":84,"column":6},"end":{"line":86,"column":24}},"type":"cond-expr","locations":[{"start":{"line":85,"column":10},"end":{"line":85,"column":16}},{"start":{"line":86,"column":10},"end":{"line":86,"column":24}}],"line":84},"3":{"loc":{"start":{"line":84,"column":6},"end":{"line":84,"column":55}},"type":"binary-expr","locations":[{"start":{"line":84,"column":6},"end":{"line":84,"column":28}},{"start":{"line":84,"column":32},"end":{"line":84,"column":55}}],"line":84},"4":{"loc":{"start":{"line":90,"column":4},"end":{"line":102,"column":5}},"type":"if","locations":[{"start":{"line":90,"column":4},"end":{"line":102,"column":5}},{"start":{"line":92,"column":11},"end":{"line":102,"column":5}}],"line":90},"5":{"loc":{"start":{"line":92,"column":11},"end":{"line":102,"column":5}},"type":"if","locations":[{"start":{"line":92,"column":11},"end":{"line":102,"column":5}},{"start":{"line":98,"column":11},"end":{"line":102,"column":5}}],"line":92},"6":{"loc":{"start":{"line":93,"column":6},"end":{"line":95,"column":29}},"type":"binary-expr","locations":[{"start":{"line":93,"column":6},"end":{"line":93,"column":52}},{"start":{"line":94,"column":6},"end":{"line":94,"column":28}},{"start":{"line":95,"column":6},"end":{"line":95,"column":29}}],"line":93},"7":{"loc":{"start":{"line":98,"column":11},"end":{"line":102,"column":5}},"type":"if","locations":[{"start":{"line":98,"column":11},"end":{"line":102,"column":5}},{"start":{"line":100,"column":11},"end":{"line":102,"column":5}}],"line":98},"8":{"loc":{"start":{"line":105,"column":39},"end":{"line":105,"column":79}},"type":"binary-expr","locations":[{"start":{"line":105,"column":39},"end":{"line":105,"column":69}},{"start":{"line":105,"column":73},"end":{"line":105,"column":79}}],"line":105},"9":{"loc":{"start":{"line":108,"column":6},"end":{"line":110,"column":21}},"type":"cond-expr","locations":[{"start":{"line":109,"column":10},"end":{"line":109,"column":37}},{"start":{"line":110,"column":10},"end":{"line":110,"column":21}}],"line":108},"10":{"loc":{"start":{"line":113,"column":6},"end":{"line":115,"column":28}},"type":"binary-expr","locations":[{"start":{"line":113,"column":6},"end":{"line":113,"column":27}},{"start":{"line":114,"column":6},"end":{"line":114,"column":29}},{"start":{"line":115,"column":6},"end":{"line":115,"column":28}}],"line":113},"11":{"loc":{"start":{"line":117,"column":22},"end":{"line":119,"column":46}},"type":"cond-expr","locations":[{"start":{"line":118,"column":8},"end":{"line":118,"column":24}},{"start":{"line":119,"column":8},"end":{"line":119,"column":46}}],"line":117},"12":{"loc":{"start":{"line":122,"column":6},"end":{"line":122,"column":73}},"type":"binary-expr","locations":[{"start":{"line":122,"column":6},"end":{"line":122,"column":38}},{"start":{"line":122,"column":42},"end":{"line":122,"column":73}}],"line":122},"13":{"loc":{"start":{"line":124,"column":4},"end":{"line":134,"column":5}},"type":"if","locations":[{"start":{"line":124,"column":4},"end":{"line":134,"column":5}},{"start":{"line":126,"column":11},"end":{"line":134,"column":5}}],"line":124},"14":{"loc":{"start":{"line":126,"column":11},"end":{"line":134,"column":5}},"type":"if","locations":[{"start":{"line":126,"column":11},"end":{"line":134,"column":5}},{"start":{},"end":{}}],"line":126},"15":{"loc":{"start":{"line":129,"column":6},"end":{"line":133,"column":7}},"type":"if","locations":[{"start":{"line":129,"column":6},"end":{"line":133,"column":7}},{"start":{"line":131,"column":13},"end":{"line":133,"column":7}}],"line":129},"16":{"loc":{"start":{"line":152,"column":4},"end":{"line":163,"column":5}},"type":"if","locations":[{"start":{"line":152,"column":4},"end":{"line":163,"column":5}},{"start":{},"end":{}}],"line":152},"17":{"loc":{"start":{"line":153,"column":6},"end":{"line":155,"column":28}},"type":"binary-expr","locations":[{"start":{"line":153,"column":6},"end":{"line":153,"column":27}},{"start":{"line":154,"column":6},"end":{"line":154,"column":29}},{"start":{"line":155,"column":6},"end":{"line":155,"column":28}}],"line":153},"18":{"loc":{"start":{"line":157,"column":6},"end":{"line":161,"column":7}},"type":"if","locations":[{"start":{"line":157,"column":6},"end":{"line":161,"column":7}},{"start":{},"end":{}}],"line":157},"19":{"loc":{"start":{"line":169,"column":4},"end":{"line":175,"column":5}},"type":"if","locations":[{"start":{"line":169,"column":4},"end":{"line":175,"column":5}},{"start":{"line":171,"column":11},"end":{"line":175,"column":5}}],"line":169},"20":{"loc":{"start":{"line":171,"column":11},"end":{"line":175,"column":5}},"type":"if","locations":[{"start":{"line":171,"column":11},"end":{"line":175,"column":5}},{"start":{"line":173,"column":11},"end":{"line":175,"column":5}}],"line":171},"21":{"loc":{"start":{"line":178,"column":39},"end":{"line":178,"column":79}},"type":"binary-expr","locations":[{"start":{"line":178,"column":39},"end":{"line":178,"column":69}},{"start":{"line":178,"column":73},"end":{"line":178,"column":79}}],"line":178},"22":{"loc":{"start":{"line":181,"column":6},"end":{"line":181,"column":73}},"type":"binary-expr","locations":[{"start":{"line":181,"column":6},"end":{"line":181,"column":38}},{"start":{"line":181,"column":42},"end":{"line":181,"column":73}}],"line":181},"23":{"loc":{"start":{"line":204,"column":8},"end":{"line":205,"column":46}},"type":"binary-expr","locations":[{"start":{"line":204,"column":8},"end":{"line":204,"column":46}},{"start":{"line"
[...]
,"/Volumes/mm/codes/csvs-js/src/0.0.2/update.js": {"path":"/Volumes/mm/codes/csvs-js/src/0.0.2/update.js","statementMap":{"0":{"start":{"line":21,"column":4},"end":{"line":21,"column":38}},"1":{"start":{"line":32,"column":4},"end":{"line":32,"column":35}},"2":{"start":{"line":35,"column":4},"end":{"line":35,"column":37}},"3":{"start":{"line":35,"column":30},"end":{"line":35,"column":37}},"4":{"start":{"line":39,"column":17},"end":{"line":39,"column":25}},"5":{"start":{"line":41,"column":4},"end":{"line":41,"column":33}},"6":{"start":{"line":43,"column":4},"end":{"line":47,"column":5}},"7":{"start":{"line":44,"column":6},"end":{"line":44,"column":33}},"8":{"start":{"line":46,"column":6},"end":{"line":46,"column":33}},"9":{"start":{"line":51,"column":4},"end":{"line":51,"column":30}},"10":{"start":{"line":62,"column":19},"end":{"line":62,"column":67}},"11":{"start":{"line":62,"column":55},"end":{"line":62,"column":66}},"12":{"start":{"line":65,"column":22},"end":{"line":75,"column":10}},"13":{"start":{"line":66,"column":21},"end":{"line":66,"column":34}},"14":{"start":{"line":72,"column":24},"end":{"line":72,"column":68}},"15":{"start":{"line":72,"column":47},"end":{"line":72,"column":67}},"16":{"start":{"line":74,"column":6},"end":{"line":74,"column":35}},"17":{"start":{"line":77,"column":21},"end":{"line":77,"column":48}},"18":{"start":{"line":80,"column":4},"end":{"line":80,"column":47}},"19":{"start":{"line":92,"column":17},"end":{"line":92,"column":25}},"20":{"start":{"line":95,"column":24},"end":{"line":95,"column":71}},"21":{"start":{"line":98,"column":18},"end":{"line":98,"column":53}},"22":{"start":{"line":100,"column":4},"end":{"line":178,"column":7}},"23":{"start":{"line":101,"column":24},"end":{"line":101,"column":50}},"24":{"start":{"line":103,"column":19},"end":{"line":103,"column":43}},"25":{"start":{"line":105,"column":21},"end":{"line":105,"column":47}},"26":{"start":{"line":107,"column":20},"end":{"line":107,"column":25}},"27":{"start":{"line":110,"column":6},"end":{"line":177,"column":9}},"28":{"start":{"line":114,"column":10},"end":{"line":114,"column":66}},"29":{"start":{"line":114,"column":59},"end":{"line":114,"column":66}},"30":{"start":{"line":116,"column":24},"end":{"line":116,"column":32}},"31":{"start":{"line":118,"column":23},"end":{"line":118,"column":59}},"32":{"start":{"line":120,"column":33},"end":{"line":120,"column":51}},"33":{"start":{"line":122,"column":10},"end":{"line":133,"column":11}},"34":{"start":{"line":125,"column":32},"end":{"line":127,"column":13}},"35":{"start":{"line":126,"column":14},"end":{"line":126,"column":39}},"36":{"start":{"line":129,"column":25},"end":{"line":129,"column":70}},"37":{"start":{"line":132,"column":12},"end":{"line":132,"column":49}},"38":{"start":{"line":137,"column":10},"end":{"line":144,"column":11}},"39":{"start":{"line":139,"column":14},"end":{"line":139,"column":61}},"40":{"start":{"line":141,"column":12},"end":{"line":143,"column":13}},"41":{"start":{"line":142,"column":14},"end":{"line":142,"column":29}},"42":{"start":{"line":148,"column":10},"end":{"line":175,"column":11}},"43":{"start":{"line":150,"column":25},"end":{"line":150,"column":55}},"44":{"start":{"line":152,"column":30},"end":{"line":163,"column":18}},"45":{"start":{"line":154,"column":29},"end":{"line":154,"column":51}},"46":{"start":{"line":156,"column":35},"end":{"line":156,"column":70}},"47":{"start":{"line":156,"column":57},"end":{"line":156,"column":69}},"48":{"start":{"line":158,"column":42},"end":{"line":160,"column":15}},"49":{"start":{"line":159,"column":16},"end":{"line":159,"column":63}},"50":{"start":{"line":159,"column":37},"end":{"line":159,"column":62}},"51":{"start":{"line":162,"column":14},"end":{"line":162,"column":54}},"52":{"start":{"line":165,"column":26},"end":{"line":165,"column":67}},"53":{"start":{"line":168,"column":12},"end":{"line":168,"column":50}},"54":{"start":{"line":171,"column":12},"end":{"line":174,"column":13}},"55":{"start":{"line":173,"column":14},"end":{"line":173,"column":50}}},"fnMap":{"0":{"name":"(anonymous_0)","decl":{"start":{"line":20,"column":2},"end":{"line":20,"column":3}},"loc":{"start":{"line":20,"column":24},"end":{"line":22,"column":3}},"line":20},"1":{"name":"(anonymous_1)","decl":{"start":{"line":31,"column":2},"end":{"line":31,"column":3}},"loc":{"start":{"line":31,"column":23},"end":{"line":52,"column":3}},"line":31},"2":{"name":"(anonymous_2)","decl":{"start":{"line":62,"column":46},"end":{"line":62,"column":47}},"loc":{"start":{"line":62,"column":55},"end":{"line":62,"column":66}},"line":62},"3":{"name":"(anonymous_3)","decl":{"start":{"line":65,"column":36},"end":{"line":65,"column":37}},"loc":{"start":{"line":65,"column":52},"end":{"line":75,"column":5}},"line":65},"4":{"name":"(anonymous_4)","decl":{"start":{"line":72,"column":35},"end":{"line":72,"column":36}},"loc":{"start":{"line":72,"column":47},"end":{"line":72,"column":67}},"line":72},"5":{"name":"(anonymous_5)","decl":{"start":{"line":100,"column":18},"end":{"line":100,"column":19}},"loc":{"start":{"line":100,"column":30},"end":{"line":178,"column":5}},"line":100},"6":{"name":"(anonymous_6)","decl":{"start":{"line":111,"column":14},"end":{"line":111,"column":15}},"loc":{"start":{"line":111,"column":23},"end":{"line":134,"column":9}},"line":111},"7":{"name":"(anonymous_7)","decl":{"start":{"line":125,"column":45},"end":{"line":125,"column":46}},"loc":{"start":{"line":126,"column":14},"end":{"line":126,"column":39}},"line":126},"8":{"name":"(anonymous_8)","decl":{"start":{"line":135,"column":18},"end":{"line":135,"column":19}},"loc":{"start":{"line":135,"column":24},"end":{"line":176,"column":9}},"line":135},"9":{"name":"(anonymous_9)","decl":{"start":{"line":152,"column":42},"end":{"line":152,"column":43}},"loc":{"start":{"line":152,"column":56},"end":{"line":163,"column":13}},"line":152},"10":{"name":"(anonymous_10)","decl":{"start":{"line":156,"column":46},"end":{"line":156,"column":47}},"loc":{"start":{"line":156,"column":57},"end":{"line":156,"column":69}},"line":156},"11":{"name":"(anonymous_11)","decl":{"start":{"line":158,"column":59},"end":{"line":158,"column":60}},"loc":{"start":{"line":159,"column":16},"end":{"line":159,"column":63}},"line":159},"12":{"name":"(anonymous_12)","decl":{"start":{"line":159,"column":28},"end":{"line":159,"column":29}},"loc":{"start":{"line":159,"column":37},"end":{"line":159,"column":62}},"line":159}},"branchMap":{"0":{"loc":{"start":{"line":35,"column":4},"end":{"line":35,"column":37}},"type":"if","locations":[{"start":{"line":35,"column":4},"end":{"line":35,"column":37}},{"start":{},"end":{}}],"line":35},"1":{"loc":{"start":{"line":43,"column":4},"end":{"line":47,"column":5}},"type":"if","locations":[{"start":{"line":43,"column":4},"end":{"line":47,"column":5}},{"start":{"line":45,"column":11},"end":{"line":47,"column":5}}],"line":43},"2":{"loc":{"start":{"line":114,"column":10},"end":{"line":114,"column":66}},"type":"if","locations":[{"start":{"line":114,"column":10},"end":{"line":114,"column":66}},{"start":{},"end":{}}],"line":114},"3":{"loc":{"start":{"line":114,"column":14},"end":{"line":114,"column":57}},"type":"binary-expr","locations":[{"start":{"line":114,"column":14},"end":{"line":114,"column":35}},{"start":{"line":114,"column":39},"end":{"line":114,"column":57}}],"line":114},"4":{"loc":{"start":{"line":118,"column":35},"end":{"line":118,"column":58}},"type":"binary-expr","locations":[{"start":{"line":118,"column":35},"end":{"line":118,"column":52}},{"start":{"line":118,"column":56},"end":{"line":118,"column":58}}],"line":118},"5":{"loc":{"start":{"line":122,"column":10},"end":{"line":133,"column":11}},"type":"if","locations":[{"start":{"line":122,"column":10},"end":{"line":133,"column":11}},{"start":{"line":124,"column":17},"end":{"line":133,"column":11}}],"line":122},"6":{"loc":{"start":{"line":137,"column":10},"end":{"line":144,"column":11}},"type":"if","locations":[{"start":{"line":137,"column":10},"end":{"line":144,"column":11}},{"start":{},"end":{}}],"line":137},"7":{"loc":{"start":{"line":139,"column":26},"end":{"line":139,"column":49}},"type":"binary-expr","locations":[{"start":{"line":139,"column":26},"end":{"line":139,"column":43}},{"start":{"line":139,"column":47},"end":{"line":139,"column":49}}],"line":139},"8":{"loc":{"start":{"line":141,"column":12},"end":{"line":143,"column":13}},"type":"if","locations":[{"start":{"line":141,"column":12},"end":{"line":143,"column":13}},{"start":{},"end":{}}],"line":141},"9":{"loc":{"start":{"line":148,"column":10},"end":{"line":175,"column":11}},"type":"if","locations":[{"start":{"line":148,"column":10},"end":{"line":175,"column":11}},{"start":{"line":169,"column":17},"end":{"line":175,"column":11}}],"line":148},"10":{"loc":{"start":{"line":171,"column":12},"end":{"line":174,"column":13}},"type":"if","locations":[{"start":{"line":171,"column":12},"end":{"line":174,"column":13}},{"start":{},"end":{}}],"line":171},"11":{"loc":{"start":{"line":171,"column":16},"end":{"line":171,"column":72}},"type":"binary-expr","locations":[{"start":{"line":171,"column":16},"end":{"line":171,"column":29}},{"start":{"line":171,"column":33},"end":{"line":171,"column":53}},{"start":{"line":171,"column":57},"end":{"line":171,"column":72}}],"line":171}},"s":{"0":14,"1":14,"2":14,"3":2,"4":12,"5":12,"6":12,"7":1,"8":11,"9":12,"10":1,"11":3,"12":1,"13":2,"14":2,"15":12,"16":2,"17":1,"18":1,"19":11,"20":11,"21":11,"22":11,"23":180,"24":180,"25":180,"26":180,"27":180,"28":425,"29":285,"30":140,"31":140,"32":140,"33":140,"34":88,"35":176,"36":88,"37":88,"38":180,"39":180,"40":180,"41":77,"42":180,"43":77,"44":77,"45":87,"46":87,"47":92,"48":87,"49":92,"50":184,"51":87,"52":77,"53":77,"54":103,"55":10},"f":{"0":14,"1":14,"2":3,"3":2,"4":12,"5":180,"6":425,"7":176,"8":180,"9":87,"10":92,"11":92,"12":184},"b":{"0":[2,12],"1":[1,11],"2":[285,140],"3":[425,285],"4":[140,17],"5":[52,88],"6":[180,0],"7":[180,103],"8":[77,103],"9":[77,103],"10":[10,93],"11":[103,103,103]},"_coverageSchema":"1a1c01bbd47fc00a2c39e90264f33305004495a9","hash":"883add23042d52b04305194d46b98ba5c2a7a0bb"}
,"/Volumes/mm/codes/csvs-js/tests/cases.js": {"path":"/Volumes/mm/codes/csvs-js/tests/cases.js","statementMap":{"0":{"start":{"line":3,"column":14},"end":{"line":3,"column":25}},"1":{"start":{"line":5,"column":31},"end":{"line":120,"column":1}},"2":{"start":{"line":5,"column":44},"end":{"line":120,"column":1}},"3":{"start":{"line":122,"column":31},"end":{"line":207,"column":1}},"4":{"start":{"line":122,"column":44},"end":{"line":207,"column":1}},"5":{"start":{"line":209,"column":31},"end":{"line":222,"column":1}},"6":{"start":{"line":209,"column":44},"end":{"line":222,"column":1}}},"fnMap":{"0":{"name":"(anonymous_0)","decl":{"start":{"line":5,"column":31},"end":{"line":5,"column":32}},"loc":{"start":{"line":5,"column":44},"end":{"line":120,"column":1}},"line":5},"1":{"name":"(anonymous_1)","decl":{"start":{"line":122,"column":31},"end":{"line":122,"column":32}},"loc":{"start":{"line":122,"column":44},"end":{"line":207,"column":1}},"line":122},"2":{"name":"(anonymous_2)","decl":{"start":{"line":209,"column":31},"end":{"line":209,"column":32}},"loc":{"start":{"line":209,"column":44},"end":{"line":222,"column":1}},"line":209}},"branchMap":{},"s":{"0":1,"1":1,"2":4,"3":1,"4":2,"5":1,"6":2},"f":{"0":4,"1":2,"2":2},"b":{},"_coverageSchema":"1a1c01bbd47fc00a2c39e90264f33305004495a9","hash":"d83c70b4af17c05d6795dc1d81cc40abd6a882a5"}
,"/Volumes/mm/codes/csvs-js/tests/mocks/index.js": {"path":"/Volumes/mm/codes/csvs-js/tests/mocks/index.js","statementMap":{"0":{"start":{"line":11,"column":18},"end":{"line":11,"column":62}},"1":{"start":{"line":14,"column":19},"end":{"line":14,"column":49}},"2":{"start":{"line":16,"column":19},"end":{"line":16,"column":40}},"3":{"start":{"line":18,"column":2},"end":{"line":30,"column":3}},"4":{"start":{"line":19,"column":4},"end":{"line":19,"column":25}},"5":{"start":{"line":20,"column":9},"end":{"line":30,"column":3}},"6":{"start":{"line":21,"column":22},"end":{"line":21,"column":46}},"7":{"start":{"line":23,"column":20},"end":{"line":27,"column":6}},"8":{"start":{"line":24,"column":23},"end":{"line":24,"column":52}},"9":{"start":{"line":26,"column":6},"end":{"line":26,"column":32}},"10":{"start":{"line":29,"column":4},"end":{"line":29,"column":26}},"11":{"start":{"line":34,"column":16},"end":{"line":34,"column":34}},"12":{"start":{"line":36,"column":18},"end":{"line":44,"column":4}},"13":{"start":{"line":37,"column":21},"end":{"line":37,"column":51}},"14":{"start":{"line":39,"column":21},"end":{"line":39,"column":66}},"15":{"start":{"line":41,"column":29},"end":{"line":41,"column":76}},"16":{"start":{"line":43,"column":4},"end":{"line":43,"column":39}},"17":{"start":{"line":46,"column":2},"end":{"line":46,"column":36}},"18":{"start":{"line":50,"column":2},"end":{"line":91,"column":3}}},"fnMap":{"0":{"name":"findpath","decl":{"start":{"line":13,"column":9},"end":{"line":13,"column":17}},"loc":{"start":{"line":13,"column":28},"end":{"line":31,"column":1}},"line":13},"1":{"name":"(anonymous_1)","decl":{"start":{"line":23,"column":34},"end":{"line":23,"column":35}},"loc":{"start":{"line":23,"column":48},"end":{"line":27,"column":5}},"line":23},"2":{"name":"loadContents","decl":{"start":{"line":33,"column":9},"end":{"line":33,"column":21}},"loc":{"start":{"line":33,"column":32},"end":{"line":47,"column":1}},"line":33},"3":{"name":"(anonymous_3)","decl":{"start":{"line":36,"column":28},"end":{"line":36,"column":29}},"loc":{"start":{"line":36,"column":42},"end":{"line":44,"column":3}},"line":36},"4":{"name":"loadMocks","decl":{"start":{"line":49,"column":16},"end":{"line":49,"column":25}},"loc":{"start":{"line":49,"column":28},"end":{"line":92,"column":1}},"line":49}},"branchMap":{"0":{"loc":{"start":{"line":18,"column":2},"end":{"line":30,"column":3}},"type":"if","locations":[{"start":{"line":18,"column":2},"end":{"line":30,"column":3}},{"start":{"line":20,"column":9},"end":{"line":30,"column":3}}],"line":18},"1":{"loc":{"start":{"line":20,"column":9},"end":{"line":30,"column":3}},"type":"if","locations":[{"start":{"line":20,"column":9},"end":{"line":30,"column":3}},{"start":{},"end":{}}],"line":20}},"s":{"0":1,"1":514,"2":514,"3":514,"4":347,"5":167,"6":167,"7":167,"8":482,"9":482,"10":167,"11":32,"12":32,"13":347,"14":347,"15":347,"16":347,"17":32,"18":1},"f":{"0":514,"1":482,"2":32,"3":347,"4":1},"b":{"0":[347,167],"1":[167,0]},"_coverageSchema":"1a1c01bbd47fc00a2c39e90264f33305004495a9","hash":"ce3c0eb9723984281b206dedc63f6aa7bbf260a5"}
,"/Volumes/mm/codes/csvs-js/tests/mocks/0.0.1/options.js": {"path":"/Volumes/mm/codes/csvs-js/tests/mocks/0.0.1/options.js","statementMap":{"0":{"start":{"line":1,"column":23},"end":{"line":20,"column":2}},"1":{"start":{"line":22,"column":23},"end":{"line":41,"column":2}},"2":{"start":{"line":43,"column":23},"end":{"line":62,"column":2}},"3":{"start":{"line":64,"column":23},"end":{"line":83,"column":2}},"4":{"start":{"line":85,"column":26},"end":{"line":96,"column":2}}},"fnMap":{},"branchMap":{},"s":{"0":1,"1":1,"2":1,"3":1,"4":1},"f":{},"b":{},"_coverageSchema":"1a1c01bbd47fc00a2c39e90264f33305004495a9","hash":"b30878cbb93b01fa14f29d6c7687f4243ce23fc3"}
,"/Volumes/mm/codes/csvs-js/tests/mocks/0.0.1/records.js": {"path":"/Volumes/mm/codes/csvs-js/tests/mocks/0.0.1/records.js","statementMap":{"0":{"start":{"line":1,"column":19},"end":{"line":11,"column":1}},"1":{"start":{"line":13,"column":19},"end":{"line":23,"column":1}},"2":{"start":{"line":25,"column":27},"end":{"line":33,"column":1}},"3":{"start":{"line":35,"column":25},"end":{"line":44,"column":1}},"4":{"start":{"line":46,"column":20},"end":{"line":53,"column":1}},"5":{"start":{"line":55,"column":20},"end":{"line":85,"column":1}},"6":{"start":{"line":87,"column":25},"end":{"line":102,"column":1}},"7":{"start":{"line":104,"column":29},"end":{"line":139,"column":1}},"8":{"start":{"line":141,"column":30},"end":{"line":171,"column":1}},"9":{"start":{"line":173,"column":31},"end":{"line":197,"column":1}},"10":{"start":{"line":199,"column":36},"end":{"line":234,"column":1}},"11":{"start":{"line":236,"column":25},"end":{"line":241,"column":1}}},"fnMap":{},"branchMap":{},"s":{"0":1,"1":1,"2":1,"3":1,"4":1,"5":1,"6":1,"7":1,"8":1,"9":1,"10":1,"11":1},"f":{},"b":{},"_coverageSchema":"1a1c01bbd47fc00a2c39e90264f33305004495a9","hash":"846af8bb237efa28ba03410a4acc9c2e2c8fc427"}
,"/Volumes/mm/codes/csvs-js/tests/mocks/0.0.2/options.js": {"path":"/Volumes/mm/codes/csvs-js/tests/mocks/0.0.2/options.js","statementMap":{"0":{"start":{"line":1,"column":23},"end":{"line":18,"column":1}},"1":{"start":{"line":20,"column":23},"end":{"line":35,"column":2}},"2":{"start":{"line":37,"column":23},"end":{"line":52,"column":2}},"3":{"start":{"line":54,"column":23},"end":{"line":69,"column":2}},"4":{"start":{"line":71,"column":26},"end":{"line":82,"column":2}}},"fnMap":{},"branchMap":{},"s":{"0":1,"1":1,"2":1,"3":1,"4":1},"f":{},"b":{},"_coverageSchema":"1a1c01bbd47fc00a2c39e90264f33305004495a9","hash":"a22deb188ace2db0ebdf4d02cec440308b33b43b"}
,"/Volumes/mm/codes/csvs-js/tests/mocks/0.0.2/records.js": {"path":"/Volumes/mm/codes/csvs-js/tests/mocks/0.0.2/records.js","statementMap":{"0":{"start":{"line":1,"column":19},"end":{"line":9,"column":1}},"1":{"start":{"line":11,"column":19},"end":{"line":19,"column":1}},"2":{"start":{"line":21,"column":27},"end":{"line":28,"column":1}},"3":{"start":{"line":30,"column":25},"end":{"line":38,"column":1}},"4":{"start":{"line":40,"column":20},"end":{"line":47,"column":1}},"5":{"start":{"line":49,"column":20},"end":{"line":78,"column":1}},"6":{"start":{"line":80,"column":25},"end":{"line":95,"column":1}},"7":{"start":{"line":97,"column":29},"end":{"line":134,"column":1}},"8":{"start":{"line":136,"column":30},"end":{"line":165,"column":1}},"9":{"start":{"line":167,"column":31},"end":{"line":190,"column":1}},"10":{"start":{"line":192,"column":36},"end":{"line":227,"column":1}},"11":{"start":{"line":229,"column":25},"end":{"line":234,"column":1}},"12":{"start":{"line":236,"column":21},"end":{"line":240,"column":1}}},"fnMap":{},"branchMap":{},"s":{"0":1,"1":1,"2":1,"3":1,"4":1,"5":1,"6":1,"7":1,"8":1,"9":1,"10":1,"11":1,"12":1},"f":{},"b":{},"_coverageSchema":"1a1c01bbd47fc00a2c39e90264f33305004495a9","hash":"952575b631d553a89ade1e4b7e3187ebada61fd4"}
}
