TN:
SF:src/csvs.js
FN:71,(anonymous_0)
FN:85,(anonymous_1)
FN:99,(anonymous_2)
FN:113,(anonymous_3)
FN:127,(anonymous_4)
FN:148,(anonymous_5)
FN:176,(anonymous_6)
FNF:7
FNH:4
FNDA:104,(anonymous_0)
FNDA:72,(anonymous_1)
FNDA:0,(anonymous_2)
FNDA:0,(anonymous_3)
FNDA:0,(anonymous_4)
FNDA:28,(anonymous_5)
FNDA:4,(anonymous_6)
DA:72,104
DA:73,104
DA:74,104
DA:75,104
DA:86,72
DA:89,72
DA:91,72
DA:92,36
DA:94,36
DA:95,36
DA:100,0
DA:103,0
DA:105,0
DA:106,0
DA:108,0
DA:109,0
DA:114,0
DA:117,0
DA:119,0
DA:120,0
DA:122,0
DA:123,0
DA:128,0
DA:131,0
DA:133,0
DA:134,0
DA:136,0
DA:137,0
DA:149,28
DA:152,28
DA:154,28
DA:155,13
DA:161,15
DA:162,14
DA:177,4
DA:180,4
DA:182,4
DA:183,2
DA:189,2
DA:190,2
LF:40
LH:22
BRDA:74,0,0,104
BRDA:74,0,1,68
BRDA:75,1,0,104
BRDA:75,1,1,0
BRDA:91,2,0,36
BRDA:91,2,1,36
BRDA:94,3,0,36
BRDA:94,3,1,0
BRDA:105,4,0,0
BRDA:105,4,1,0
BRDA:108,5,0,0
BRDA:108,5,1,0
BRDA:119,6,0,0
BRDA:119,6,1,0
BRDA:122,7,0,0
BRDA:122,7,1,0
BRDA:133,8,0,0
BRDA:133,8,1,0
BRDA:136,9,0,0
BRDA:136,9,1,0
BRDA:154,10,0,13
BRDA:154,10,1,15
BRDA:161,11,0,14
BRDA:161,11,1,1
BRDA:182,12,0,2
BRDA:182,12,1,2
BRDA:189,13,0,2
BRDA:189,13,1,0
BRF:28
BRH:13
end_of_record
TN:
SF:src/index.js
FNF:0
FNH:0
LF:0
LH:0
BRF:0
BRH:0
end_of_record
TN:
SF:src/random.js
FN:7,randomUUID
FN:17,(anonymous_1)
FN:32,digestMessage
FN:58,(anonymous_3)
FNF:4
FNH:2
FNDA:0,randomUUID
FNDA:0,(anonymous_1)
FNDA:77,digestMessage
FNDA:2464,(anonymous_3)
DA:8,0
DA:9,0
DA:11,0
DA:13,0
DA:14,0
DA:17,0
DA:18,0
DA:38,77
DA:39,77
DA:42,77
DA:47,0
DA:54,77
DA:57,77
DA:58,2464
DA:61,77
LF:15
LH:7
BRDA:8,0,0,0
BRDA:8,0,1,0
BRDA:13,1,0,0
BRDA:13,1,1,0
BRDA:38,2,0,77
BRDA:38,2,1,0
BRF:6
BRH:1
end_of_record
TN:
SF:src/version.js
FN:1,detectVersion
FNF:1
FNH:1
FNDA:104,detectVersion
DA:2,104
DA:3,104
DA:5,104
DA:6,52
DA:12,52
DA:13,52
DA:15,52
DA:16,51
LF:8
LH:8
BRDA:5,0,0,52
BRDA:5,0,1,52
BRDA:15,1,0,51
BRDA:15,1,1,1
BRF:4
BRH:4
end_of_record
TN:
SF:src/0.0.1/grep.js
FN:3,binarySearch
FN:31,lookup
FN:76,prune
FN:125,grep
FN:138,(anonymous_4)
FN:139,(anonymous_5)
FN:145,(anonymous_6)
FN:146,(anonymous_7)
FN:154,pruneValue
FN:194,binarySearchValue
FN:196,(anonymous_10)
FNF:11
FNH:9
FNDA:836,binarySearch
FNDA:668,lookup
FNDA:168,prune
FNDA:43,grep
FNDA:0,(anonymous_4)
FNDA:0,(anonymous_5)
FNDA:57,(anonymous_6)
FNDA:147,(anonymous_7)
FNDA:1,pruneValue
FNDA:1,binarySearchValue
FNDA:1,(anonymous_10)
DA:4,836
DA:6,836
DA:8,836
DA:9,1050
DA:11,1050
DA:13,1050
DA:15,1050
DA:16,578
DA:19,472
DA:21,472
DA:22,165
DA:24,307
DA:28,258
DA:32,668
DA:34,668
DA:36,668
DA:37,176
DA:41,492
DA:42,258
DA:44,258
DA:45,386
DA:46,262
DA:48,124
DA:52,258
DA:54,258
DA:55,400
DA:56,260
DA:58,140
DA:62,258
DA:63,252
DA:66,6
DA:68,6
DA:71,234
DA:73,234
DA:77,168
DA:79,168
DA:81,168
DA:82,82
DA:85,86
DA:87,86
DA:88,113
DA:89,86
DA:91,27
DA:95,86
DA:97,86
DA:98,93
DA:99,90
DA:101,3
DA:105,86
DA:106,82
DA:108,4
DA:111,86
DA:113,86
DA:126,43
DA:127,0
DA:129,43
DA:130,0
DA:133,43
DA:135,43
DA:137,43
DA:138,0
DA:139,0
DA:142,0
DA:145,43
DA:146,147
DA:149,43
DA:151,43
DA:155,1
DA:157,1
DA:159,1
DA:160,0
DA:163,1
DA:165,1
DA:166,1
DA:167,1
DA:169,0
DA:173,1
DA:175,1
DA:176,2
DA:177,1
DA:179,1
DA:183,1
DA:184,1
DA:186,0
DA:189,1
DA:191,1
DA:196,1
DA:197,1
DA:200,1
DA:202,1
DA:204,1
DA:205,1
DA:207,1
DA:209,1
DA:211,1
DA:212,1
DA:215,0
DA:217,0
DA:218,0
DA:220,0
DA:224,0
LF:101
LH:88
BRDA:15,0,0,578
BRDA:15,0,1,472
BRDA:21,1,0,165
BRDA:21,1,1,307
BRDA:31,2,0,234
BRDA:36,3,0,176
BRDA:36,3,1,492
BRDA:41,4,0,258
BRDA:41,4,1,234
BRDA:45,5,0,262
BRDA:45,5,1,124
BRDA:55,6,0,260
BRDA:55,6,1,140
BRDA:62,7,0,252
BRDA:62,7,1,6
BRDA:81,8,0,82
BRDA:81,8,1,86
BRDA:88,9,0,86
BRDA:88,9,1,27
BRDA:98,10,0,90
BRDA:98,10,1,3
BRDA:105,11,0,82
BRDA:105,11,1,4
BRDA:126,12,0,0
BRDA:126,12,1,43
BRDA:126,13,0,43
BRDA:126,13,1,43
BRDA:129,14,0,0
BRDA:129,14,1,43
BRDA:129,15,0,43
BRDA:129,15,1,43
BRDA:137,16,0,0
BRDA:137,16,1,43
BRDA:159,17,0,0
BRDA:159,17,1,1
BRDA:166,18,0,1
BRDA:166,18,1,0
BRDA:176,19,0,1
BRDA:176,19,1,1
BRDA:183,20,0,1
BRDA:183,20,1,0
BRDA:211,21,0,1
BRDA:211,21,1,0
BRDA:217,22,0,0
BRDA:217,22,1,0
BRF:45
BRH:36
end_of_record
TN:
SF:src/0.0.1/metadir.js
FN:8,splitLines
FN:9,(anonymous_1)
FN:19,takeKey
FN:30,takeValue
FN:41,takeKeys
FN:44,(anonymous_5)
FN:56,takeValues
FN:59,(anonymous_7)
FNF:8
FNH:8
FNDA:1025,splitLines
FNDA:2136,(anonymous_1)
FNDA:2052,takeKey
FNDA:544,takeValue
FNDA:76,takeKeys
FNDA:132,(anonymous_5)
FNDA:26,takeValues
FNDA:62,(anonymous_7)
DA:9,2136
DA:20,2052
DA:31,544
DA:42,76
DA:44,132
DA:46,76
DA:57,26
DA:59,62
DA:61,26
LF:9
LH:9
BRF:0
BRH:0
end_of_record
TN:
SF:src/0.0.1/schema.js
FN:8,findSchemaRoot
FN:10,(anonymous_1)
FN:25,isConnected
FN:58,findCrown
FN:59,(anonymous_4)
FN:72,findCrownPaths
FN:77,(anonymous_6)
FNF:7
FNH:5
FNDA:0,findSchemaRoot
FNDA:0,(anonymous_1)
FNDA:4473,isConnected
FNDA:149,findCrown
FNDA:2661,(anonymous_4)
FNDA:97,findCrownPaths
FNDA:571,(anonymous_6)
DA:9,0
DA:10,0
DA:13,0
DA:26,4473
DA:28,4473
DA:30,1216
DA:32,3257
DA:34,748
DA:36,2509
DA:39,697
DA:41,1812
DA:43,260
DA:47,1552
DA:59,149
DA:60,2661
DA:73,97
DA:75,97
DA:77,97
DA:78,571
DA:80,569
DA:81,505
DA:84,569
DA:86,32
DA:90,103
DA:94,103
DA:95,48
DA:98,103
DA:101,434
DA:107,95
LF:29
LH:26
BRDA:28,0,0,1216
BRDA:28,0,1,3257
BRDA:32,1,0,748
BRDA:32,1,1,2509
BRDA:36,2,0,697
BRDA:36,2,1,1812
BRDA:36,3,0,2509
BRDA:36,3,1,1970
BRDA:41,4,0,260
BRDA:41,4,1,1552
BRDA:80,5,0,505
BRDA:80,5,1,64
BRDA:80,6,0,569
BRDA:80,6,1,537
BRDA:84,7,0,32
BRDA:84,7,1,79
BRDA:84,7,2,103
BRDA:84,7,3,434
BRDA:91,8,0,103
BRDA:91,8,1,103
BRDA:94,9,0,48
BRDA:94,9,1,55
BRDA:102,10,0,434
BRDA:102,10,1,266
BRF:24
BRH:24
end_of_record
TN:
SF:src/0.0.1/select.js
FN:16,findAllKeys
FN:50,(anonymous_1)
FN:63,(anonymous_2)
FN:85,(anonymous_3)
FN:104,(anonymous_4)
FN:112,(anonymous_5)
FN:133,(anonymous_6)
FN:166,(anonymous_7)
FN:171,(anonymous_8)
FN:231,(anonymous_9)
FN:232,(anonymous_10)
FN:280,(anonymous_11)
FN:317,(anonymous_12)
FN:325,(anonymous_13)
FN:367,(anonymous_14)
FNF:15
FNH:11
FNDA:34,findAllKeys
FNDA:36,(anonymous_1)
FNDA:36,(anonymous_2)
FNDA:0,(anonymous_3)
FNDA:0,(anonymous_4)
FNDA:0,(anonymous_5)
FNDA:0,(anonymous_6)
FNDA:60,(anonymous_7)
FNDA:26,(anonymous_8)
FNDA:26,(anonymous_9)
FNDA:64,(anonymous_10)
FNDA:66,(anonymous_11)
FNDA:274,(anonymous_12)
FNDA:330,(anonymous_13)
FNDA:18,(anonymous_14)
DA:17,34
DA:19,34
DA:42,36
DA:51,36
DA:53,36
DA:64,36
DA:66,36
DA:69,36
DA:74,36
DA:77,34
DA:80,34
DA:82,34
DA:86,0
DA:88,0
DA:91,0
DA:96,0
DA:99,0
DA:101,0
DA:105,0
DA:107,0
DA:109,0
DA:113,0
DA:115,0
DA:118,0
DA:123,0
DA:126,0
DA:128,0
DA:130,0
DA:134,0
DA:135,0
DA:138,0
DA:140,0
DA:142,0
DA:144,0
DA:145,0
DA:161,34
DA:165,34
DA:166,60
DA:170,34
DA:172,26
DA:174,0
DA:176,0
DA:178,0
DA:180,0
DA:187,0
DA:189,0
DA:190,0
DA:192,0
DA:197,0
DA:202,26
DA:206,26
DA:213,26
DA:215,26
DA:216,2
DA:218,24
DA:224,24
DA:231,34
DA:232,64
DA:235,34
DA:248,30
DA:249,0
DA:252,30
DA:254,30
DA:259,30
DA:261,30
DA:262,24
DA:265,6
DA:277,34
DA:279,34
DA:284,66
DA:289,34
DA:301,90
DA:303,90
DA:305,26
DA:308,6
DA:309,6
DA:312,58
DA:315,90
DA:316,52
DA:317,274
DA:321,90
DA:324,90
DA:328,330
DA:330,330
DA:331,194
DA:332,12
DA:334,12
DA:337,182
DA:343,90
DA:357,330
DA:359,330
DA:360,136
DA:363,194
DA:364,12
DA:366,12
DA:369,18
DA:371,18
DA:375,12
DA:379,182
DA:381,182
DA:394,434
DA:397,434
DA:401,434
DA:407,434
DA:408,176
DA:411,258
DA:412,12
DA:414,12
DA:417,246
DA:419,246
DA:431,258
DA:433,6
DA:436,18
DA:439,0
DA:442,94
DA:449,94
DA:450,94
DA:452,94
DA:455,0
DA:459,140
DA:466,140
DA:467,140
DA:469,140
DA:472,0
LF:124
LH:88
BRDA:19,0,0,20
BRDA:19,0,1,14
BRDA:20,1,0,20
BRDA:20,1,1,20
BRDA:66,2,0,36
BRDA:66,2,1,0
BRDA:69,3,0,36
BRDA:69,3,1,0
BRDA:88,4,0,0
BRDA:88,4,1,0
BRDA:91,5,0,0
BRDA:91,5,1,0
BRDA:115,6,0,0
BRDA:115,6,1,0
BRDA:118,7,0,0
BRDA:118,7,1,0
BRDA:134,8,0,0
BRDA:134,8,1,0
BRDA:144,9,0,0
BRDA:144,9,1,0
BRDA:166,10,0,60
BRDA:166,10,1,60
BRDA:166,10,2,60
BRDA:166,10,3,60
BRDA:172,11,0,0
BRDA:172,11,1,26
BRDA:176,12,0,0
BRDA:176,12,1,0
BRDA:178,13,0,0
BRDA:178,13,1,0
BRDA:182,14,0,0
BRDA:182,14,1,0
BRDA:189,15,0,0
BRDA:189,15,1,0
BRDA:202,16,0,8
BRDA:202,16,1,18
BRDA:208,17,0,26
BRDA:208,17,1,8
BRDA:215,18,0,2
BRDA:215,18,1,24
BRDA:248,19,0,0
BRDA:248,19,1,30
BRDA:261,20,0,24
BRDA:261,20,1,6
BRDA:303,21,0,26
BRDA:303,21,1,6
BRDA:303,21,2,58
BRDA:315,22,0,52
BRDA:315,22,1,38
BRDA:330,23,0,194
BRDA:330,23,1,136
BRDA:331,24,0,12
BRDA:331,24,1,182
BRDA:359,25,0,136
BRDA:359,25,1,194
BRDA:363,26,0,12
BRDA:363,26,1,182
BRDA:397,27,0,330
BRDA:397,27,1,104
BRDA:407,28,0,176
BRDA:407,28,1,258
BRDA:411,29,0,12
BRDA:411,29,1,246
BRDA:431,30,0,6
BRDA:431,30,1,18
BRDA:431,30,2,0
BRDA:431,30,3,94
BRDA:431,30,4,140
BRDA:444,31,0,94
BRDA:444,31,1,94
BRDA:449,32,0,94
BRDA:449,32,1,0
BRDA:461,33,0,140
BRDA:461,33,1,0
BRDA:466,34,0,140
BRDA:466,34,1,0
BRF:76
BRH:48
end_of_record
TN:
SF:src/0.0.1/store.js
FN:35,(anonymous_0)
FN:45,(anonymous_1)
FN:58,(anonymous_2)
FN:65,(anonymous_3)
FN:71,(anonymous_4)
FN:72,(anonymous_5)
FN:86,(anonymous_6)
FN:90,(anonymous_7)
FN:94,(anonymous_8)
FN:103,(anonymous_9)
FN:105,(anonymous_10)
FN:108,(anonymous_11)
FN:109,(anonymous_12)
FNF:13
FNH:13
FNDA:51,(anonymous_0)
FNDA:51,(anonymous_1)
FNDA:49,(anonymous_2)
FNDA:1042,(anonymous_3)
FNDA:2808,(anonymous_4)
FNDA:724,(anonymous_5)
FNDA:219,(anonymous_6)
FNDA:196,(anonymous_7)
FNDA:185,(anonymous_8)
FNDA:13,(anonymous_9)
FNDA:154,(anonymous_10)
FNDA:542,(anonymous_11)
FNDA:206,(anonymous_12)
DA:15,51
DA:21,51
DA:27,51
DA:36,51
DA:46,51
DA:48,51
DA:60,49
DA:62,47
DA:64,47
DA:66,1042
DA:67,1042
DA:69,1042
DA:71,2808
DA:72,724
DA:75,1042
DA:78,0
DA:83,47
DA:87,219
DA:91,196
DA:95,185
DA:104,13
DA:106,154
DA:108,542
DA:109,206
DA:112,154
DA:116,13
LF:26
LH:25
BRDA:67,0,0,1042
BRDA:67,0,1,416
BRF:2
BRH:2
end_of_record
TN:
SF:src/0.0.1/update.js
FN:26,(anonymous_0)
FN:39,(anonymous_1)
FN:57,(anonymous_2)
FN:203,(anonymous_3)
FN:215,(anonymous_4)
FN:219,(anonymous_5)
FN:225,(anonymous_6)
FN:228,(anonymous_7)
FN:239,(anonymous_8)
FN:240,(anonymous_9)
FN:355,(anonymous_10)
FN:361,(anonymous_11)
FNF:12
FNH:12
FNDA:15,(anonymous_0)
FNDA:13,(anonymous_1)
FNDA:2,(anonymous_2)
FNDA:1911,(anonymous_3)
FNDA:126,(anonymous_4)
FNDA:32,(anonymous_5)
FNDA:31,(anonymous_6)
FNDA:16,(anonymous_7)
FNDA:362,(anonymous_8)
FNDA:1,(anonymous_9)
FNDA:159,(anonymous_10)
FNDA:20,(anonymous_11)
DA:27,15
DA:29,15
DA:40,13
DA:42,13
DA:44,11
DA:46,11
DA:48,11
DA:58,2
DA:60,2
DA:62,2
DA:64,2
DA:66,2
DA:68,2
DA:79,103
DA:81,103
DA:84,103
DA:90,103
DA:91,26
DA:92,77
DA:97,8
DA:98,69
DA:99,0
DA:101,69
DA:105,103
DA:108,103
DA:113,103
DA:117,103
DA:122,103
DA:124,103
DA:125,0
DA:126,103
DA:127,83
DA:129,83
DA:130,0
DA:132,83
DA:136,103
DA:138,103
DA:148,2
DA:150,2
DA:152,2
DA:157,1
DA:158,0
DA:162,1
DA:165,1
DA:169,1
DA:170,1
DA:171,0
DA:172,0
DA:174,0
DA:178,1
DA:181,1
DA:183,1
DA:185,1
DA:187,1
DA:198,103
DA:200,103
DA:202,103
DA:204,1911
DA:208,103
DA:210,6
DA:214,103
DA:218,126
DA:219,32
DA:222,126
DA:224,87
DA:225,31
DA:227,11
DA:230,16
DA:235,76
DA:239,362
DA:240,1
DA:245,76
DA:249,39
DA:264,92
DA:266,92
DA:268,92
DA:271,92
DA:273,92
DA:276,92
DA:278,92
DA:279,8
DA:280,84
DA:281,70
DA:282,8
DA:284,62
DA:286,62
DA:287,0
DA:289,62
DA:304,59
DA:307,59
DA:309,59
DA:310,37
DA:313,22
DA:315,22
DA:326,2
DA:329,2
DA:331,1
DA:333,1
DA:335,1
DA:336,0
DA:339,1
DA:341,1
DA:354,8
DA:356,159
DA:360,8
DA:362,20
LF:106
LH:97
BRDA:64,0,0,2
BRDA:64,0,1,0
BRDA:66,1,0,2
BRDA:66,1,1,0
BRDA:84,2,0,23
BRDA:84,2,1,80
BRDA:84,3,0,103
BRDA:84,3,1,97
BRDA:90,4,0,26
BRDA:90,4,1,77
BRDA:92,5,0,8
BRDA:92,5,1,69
BRDA:93,6,0,77
BRDA:93,6,1,73
BRDA:93,6,2,72
BRDA:98,7,0,0
BRDA:98,7,1,69
BRDA:105,8,0,103
BRDA:105,8,1,70
BRDA:108,9,0,47
BRDA:108,9,1,56
BRDA:113,10,0,103
BRDA:113,10,1,103
BRDA:113,10,2,86
BRDA:117,11,0,23
BRDA:117,11,1,80
BRDA:122,12,0,103
BRDA:122,12,1,85
BRDA:124,13,0,0
BRDA:124,13,1,103
BRDA:126,14,0,83
BRDA:126,14,1,20
BRDA:129,15,0,0
BRDA:129,15,1,83
BRDA:152,16,0,1
BRDA:152,16,1,1
BRDA:153,17,0,2
BRDA:153,17,1,2
BRDA:153,17,2,1
BRDA:157,18,0,0
BRDA:157,18,1,1
BRDA:169,19,0,1
BRDA:169,19,1,0
BRDA:171,20,0,0
BRDA:171,20,1,0
BRDA:178,21,0,1
BRDA:178,21,1,1
BRDA:181,22,0,1
BRDA:181,22,1,1
BRDA:204,23,0,1911
BRDA:204,23,1,128
BRDA:208,24,0,6
BRDA:208,24,1,97
BRDA:218,25,0,12
BRDA:218,25,1,114
BRDA:222,26,0,87
BRDA:222,26,1,39
BRDA:224,27,0,11
BRDA:224,27,1,76
BRDA:235,28,0,7
BRDA:235,28,1,69
BRDA:235,29,0,76
BRDA:235,29,1,70
BRDA:276,30,0,92
BRDA:276,30,1,73
BRDA:278,31,0,8
BRDA:278,31,1,84
BRDA:280,32,0,70
BRDA:280,32,1,14
BRDA:281,33,0,8
BRDA:281,33,1,62
BRDA:286,34,0,0
BRDA:286,34,1,62
BRDA:309,35,0,37
BRDA:309,35,1,22
BRDA:309,36,0,59
BRDA:309,36,1,59
BRDA:329,37,0,1
BRDA:329,37,1,1
BRDA:335,38,0,0
BRDA:335,38,1,1
BRDA:335,39,0,1
BRDA:335,39,1,1
BRDA:335,39,2,1
BRDA:356,40,0,159
BRDA:356,40,1,20
BRF:86
BRH:75
end_of_record
TN:
SF:src/0.0.2/bin.js
FN:12,isConnected
FN:40,findCrown
FN:41,(anonymous_2)
FN:54,findCrownPaths
FN:57,(anonymous_4)
FN:88,condense
FN:94,(anonymous_6)
FN:95,(anonymous_7)
FN:97,(anonymous_8)
FN:102,(anonymous_9)
FN:105,(anonymous_10)
FN:147,expand
FN:153,(anonymous_12)
FN:154,(anonymous_13)
FN:176,searchParamsToQuery
FN:185,(anonymous_15)
FN:235,recordToRelations
FN:246,(anonymous_17)
FN:249,(anonymous_18)
FN:257,(anonymous_19)
FN:282,recordToRelationMap
FN:285,(anonymous_21)
FN:308,merge
FN:330,matchRegexes
FN:331,(anonymous_24)
FN:332,(anonymous_25)
FN:344,intersect
FN:345,(anonymous_27)
FN:355,countLeaves
FN:356,(anonymous_29)
FN:369,sortNestingAscending
FN:370,(anonymous_31)
FN:403,sortNestingDescending
FN:404,(anonymous_33)
FN:438,findQueries
FN:442,(anonymous_35)
FN:472,findKeys
FN:485,(anonymous_37)
FN:496,(anonymous_38)
FN:525,(anonymous_39)
FN:543,(anonymous_40)
FN:576,(anonymous_41)
FN:588,(anonymous_42)
FN:614,(anonymous_43)
FN:616,(anonymous_44)
FN:624,(anonymous_45)
FN:635,(anonymous_46)
FN:660,findValues
FN:670,(anonymous_48)
FN:694,(anonymous_49)
FN:723,(anonymous_50)
FN:754,buildRecord
FN:755,(anonymous_52)
FN:758,(anonymous_53)
FN:769,(anonymous_54)
FNF:55
FNH:52
FNDA:4474,isConnected
FNDA:127,findCrown
FNDA:2282,(anonymous_2)
FNDA:48,findCrownPaths
FNDA:542,(anonymous_4)
FNDA:106,condense
FNDA:406,(anonymous_6)
FNDA:194,(anonymous_7)
FNDA:3566,(anonymous_8)
FNDA:160,(anonymous_9)
FNDA:40,(anonymous_10)
FNDA:0,expand
FNDA:0,(anonymous_12)
FNDA:0,(anonymous_13)
FNDA:36,searchParamsToQuery
FNDA:26,(anonymous_15)
FNDA:75,recordToRelations
FNDA:1485,(anonymous_17)
FNDA:292,(anonymous_18)
FNDA:122,(anonymous_19)
FNDA:45,recordToRelationMap
FNDA:122,(anonymous_21)
FNDA:200,merge
FNDA:146,matchRegexes
FNDA:152,(anonymous_24)
FNDA:152,(anonymous_25)
FNDA:6,intersect
FNDA:6,(anonymous_27)
FNDA:5440,countLeaves
FNDA:104448,(anonymous_29)
FNDA:102,sortNestingAscending
FNDA:1360,(anonymous_31)
FNDA:34,sortNestingDescending
FNDA:444,(anonymous_33)
FNDA:34,findQueries
FNDA:300,(anonymous_35)
FNDA:34,findKeys
FNDA:30,(anonymous_37)
FNDA:108,(anonymous_38)
FNDA:72,(anonymous_39)
FNDA:30,(anonymous_40)
FNDA:58,(anonymous_41)
FNDA:14,(anonymous_42)
FNDA:46,(anonymous_43)
FNDA:12,(anonymous_44)
FNDA:30,(anonymous_45)
FNDA:12,(anonymous_46)
FNDA:34,findValues
FNDA:300,(anonymous_48)
FNDA:798,(anonymous_49)
FNDA:300,(anonymous_50)
FNDA:266,buildRecord
FNDA:4806,(anonymous_52)
FNDA:326,(anonymous_53)
FNDA:200,(anonymous_54)
DA:13,4474
DA:15,4474
DA:17,1008
DA:19,3466
DA:21,1274
DA:23,2192
DA:25,955
DA:29,1237
DA:41,127
DA:42,2282
DA:55,48
DA:57,48
DA:58,542
DA:63,542
DA:64,541
DA:69,541
DA:70,509
DA:72,509
DA:77,48
DA:89,106
DA:91,106
DA:93,106
DA:94,406
DA:97,3566
DA:100,194
DA:101,194
DA:103,160
DA:105,40
DA:107,194
DA:108,0
DA:111,194
DA:112,188
DA:114,188
DA:117,6
DA:120,0
DA:121,0
DA:123,0
DA:126,0
DA:127,0
DA:129,0
DA:132,0
DA:135,106
DA:137,106
DA:148,0
DA:150,0
DA:152,0
DA:153,0
DA:156,0
DA:160,0
DA:163,0
DA:165,0
DA:177,36
DA:179,36
DA:181,36
DA:184,36
DA:189,26
DA:191,26
DA:192,22
DA:194,4
DA:196,4
DA:197,2
DA:199,2
DA:201,2
DA:203,2
DA:204,2
DA:206,2
DA:208,2
DA:220,0
DA:225,36
DA:238,75
DA:241,75
DA:243,75
DA:245,75
DA:246,1485
DA:249,75
DA:251,292
DA:253,117
DA:255,117
DA:257,117
DA:258,122
DA:259,92
DA:262,30
DA:264,30
DA:266,30
DA:269,117
DA:272,75
DA:283,45
DA:285,45
DA:286,122
DA:288,122
DA:290,122
DA:292,122
DA:295,45
DA:309,200
DA:311,200
DA:313,200
DA:315,200
DA:317,200
DA:319,200
DA:331,146
DA:332,152
DA:345,6
DA:356,104448
DA:358,5440
DA:370,102
DA:371,1360
DA:373,1360
DA:375,1360
DA:376,228
DA:379,1132
DA:380,6
DA:383,1126
DA:384,180
DA:387,946
DA:388,124
DA:391,822
DA:404,34
DA:405,444
DA:407,444
DA:409,444
DA:410,32
DA:413,412
DA:414,0
DA:417,412
DA:418,176
DA:421,236
DA:422,0
DA:425,236
DA:440,34
DA:442,34
DA:443,300
DA:445,300
DA:447,300
DA:449,300
DA:451,300
DA:453,300
DA:456,34
DA:473,34
DA:480,34
DA:485,34
DA:487,30
DA:489,30
DA:491,30
DA:493,30
DA:495,30
DA:499,108
DA:501,78
DA:504,78
DA:507,78
DA:510,78
DA:512,78
DA:514,78
DA:516,72
DA:524,72
DA:525,72
DA:530,72
DA:533,72
DA:535,42
DA:545,30
DA:547,30
DA:550,30
DA:551,28
DA:554,2
DA:560,30
DA:564,34
DA:566,34
DA:568,34
DA:569,14
DA:571,14
DA:573,14
DA:575,14
DA:577,58
DA:579,44
DA:582,44
DA:584,44
DA:585,44
DA:590,14
DA:592,14
DA:595,14
DA:596,10
DA:599,4
DA:605,20
DA:607,20
DA:608,18
DA:610,18
DA:614,46
DA:616,2
DA:617,12
DA:619,12
DA:621,12
DA:623,12
DA:625,30
DA:627,12
DA:629,12
DA:631,12
DA:632,6
DA:636,12
DA:639,12
DA:647,34
DA:661,34
DA:665,34
DA:667,34
DA:670,34
DA:672,300
DA:686,300
DA:688,300
DA:691,300
DA:693,300
DA:697,798
DA:699,348
DA:707,348
DA:710,348
DA:712,348
DA:714,200
DA:716,200
DA:718,200
DA:720,200
DA:725,300
DA:727,300
DA:730,300
DA:731,14
DA:738,300
DA:741,34
DA:755,4806
DA:757,266
DA:759,326
DA:761,326
DA:763,326
DA:766,326
DA:770,200
DA:774,326
DA:779,266
LF:232
LH:213
BRDA:15,0,0,1008
BRDA:15,0,1,3466
BRDA:19,1,0,1274
BRDA:19,1,1,2192
BRDA:23,2,0,955
BRDA:23,2,1,1237
BRDA:63,3,0,541
BRDA:63,3,1,1
BRDA:69,4,0,509
BRDA:69,4,1,32
BRDA:94,5,0,406
BRDA:94,5,1,300
BRDA:100,6,0,194
BRDA:100,6,1,0
BRDA:101,7,0,160
BRDA:101,7,1,34
BRDA:103,8,0,0
BRDA:103,8,1,160
BRDA:107,9,0,0
BRDA:107,9,1,194
BRDA:111,10,0,188
BRDA:111,10,1,6
BRDA:120,11,0,0
BRDA:120,11,1,0
BRDA:121,12,0,0
BRDA:121,12,1,0
BRDA:126,13,0,0
BRDA:126,13,1,0
BRDA:127,14,0,0
BRDA:127,14,1,0
BRDA:153,15,0,0
BRDA:153,15,1,0
BRDA:156,16,0,0
BRDA:156,16,1,0
BRDA:191,17,0,22
BRDA:191,17,1,4
BRDA:191,18,0,26
BRDA:191,18,1,6
BRDA:196,19,0,2
BRDA:196,19,1,2
BRDA:197,20,0,2
BRDA:197,20,1,2
BRDA:203,21,0,2
BRDA:203,21,1,0
BRDA:204,22,0,2
BRDA:204,22,1,2
BRDA:206,23,0,2
BRDA:206,23,1,2
BRDA:241,24,0,0
BRDA:241,24,1,75
BRDA:243,25,0,75
BRDA:243,25,1,38
BRDA:251,26,0,175
BRDA:251,26,1,117
BRDA:253,27,0,7
BRDA:253,27,1,110
BRDA:258,28,0,92
BRDA:258,28,1,30
BRDA:262,29,0,30
BRDA:262,29,1,6
BRDA:286,30,0,122
BRDA:286,30,1,107
BRDA:288,31,0,122
BRDA:288,31,1,117
BRDA:309,32,0,200
BRDA:309,32,1,146
BRDA:311,33,0,200
BRDA:311,33,1,194
BRDA:375,34,0,228
BRDA:375,34,1,1132
BRDA:379,35,0,6
BRDA:379,35,1,1126
BRDA:383,36,0,180
BRDA:383,36,1,946
BRDA:387,37,0,124
BRDA:387,37,1,822
BRDA:409,38,0,32
BRDA:409,38,1,412
BRDA:413,39,0,0
BRDA:413,39,1,412
BRDA:417,40,0,176
BRDA:417,40,1,236
BRDA:421,41,0,0
BRDA:421,41,1,236
BRDA:451,42,0,30
BRDA:451,42,1,270
BRDA:499,43,0,30
BRDA:499,43,1,78
BRDA:499,44,0,108
BRDA:499,44,1,30
BRDA:510,45,0,78
BRDA:510,45,1,14
BRDA:512,46,0,78
BRDA:512,46,1,14
BRDA:514,47,0,72
BRDA:514,47,1,6
BRDA:533,48,0,42
BRDA:533,48,1,30
BRDA:550,49,0,28
BRDA:550,49,1,2
BRDA:564,50,0,34
BRDA:564,50,1,0
BRDA:568,51,0,14
BRDA:568,51,1,20
BRDA:577,52,0,14
BRDA:577,52,1,44
BRDA:577,53,0,58
BRDA:577,53,1,14
BRDA:584,54,0,44
BRDA:584,54,1,0
BRDA:595,55,0,10
BRDA:595,55,1,4
BRDA:607,56,0,18
BRDA:607,56,1,2
BRDA:625,57,0,18
BRDA:625,57,1,12
BRDA:625,58,0,30
BRDA:625,58,1,18
BRDA:631,59,0,6
BRDA:631,59,1,6
BRDA:697,60,0,450
BRDA:697,60,1,348
BRDA:697,61,0,798
BRDA:697,61,1,450
BRDA:707,62,0,348
BRDA:707,62,1,4
BRDA:712,63,0,200
BRDA:712,63,1,148
BRDA:716,64,0,200
BRDA:716,64,1,140
BRDA:730,65,0,14
BRDA:730,65,1,286
BRDA:761,66,0,326
BRDA:761,66,1,130
BRDA:766,67,0,132
BRDA:766,67,1,194
BRF:136
BRH:115
end_of_record
TN:
SF:src/0.0.2/delete.js
FN:19,(anonymous_0)
FN:29,(anonymous_1)
FNF:2
FNH:2
FNDA:2,(anonymous_0)
FNDA:2,(anonymous_1)
DA:20,2
DA:30,2
DA:32,2
DA:34,2
DA:42,2
LF:5
LH:5
BRF:0
BRH:0
end_of_record
TN:
SF:src/0.0.2/select.js
FN:27,(anonymous_0)
FN:38,(anonymous_1)
FN:77,(anonymous_2)
FN:93,(anonymous_3)
FNF:4
FNH:4
FNDA:36,(anonymous_0)
FNDA:36,(anonymous_1)
FNDA:66,(anonymous_2)
FNDA:26,(anonymous_3)
DA:28,36
DA:39,36
DA:41,36
DA:45,36
DA:48,36
DA:50,36
DA:53,34
DA:55,34
DA:57,34
DA:59,34
DA:68,34
DA:75,34
DA:77,34
DA:78,66
DA:84,34
DA:88,2
DA:90,2
DA:92,2
DA:94,26
DA:96,24
DA:98,24
DA:100,24
DA:102,24
DA:106,2
LF:24
LH:24
BRDA:48,0,0,0
BRDA:48,0,1,36
BRDA:50,1,0,2
BRDA:50,1,1,34
BRDA:75,2,0,34
BRDA:75,2,1,0
BRDA:94,3,0,2
BRDA:94,3,1,24
BRDA:94,4,0,26
BRDA:94,4,1,2
BRDA:98,5,0,24
BRDA:98,5,1,4
BRF:12
BRH:10
end_of_record
TN:
SF:src/0.0.2/store.js
FN:35,(anonymous_0)
FN:45,(anonymous_1)
FN:70,(anonymous_2)
FN:77,(anonymous_3)
FN:99,(anonymous_4)
FN:103,(anonymous_5)
FN:107,(anonymous_6)
FN:113,(anonymous_7)
FN:122,(anonymous_8)
FN:124,(anonymous_9)
FN:129,(anonymous_10)
FN:130,(anonymous_11)
FNF:12
FNH:11
FNDA:52,(anonymous_0)
FNDA:52,(anonymous_1)
FNDA:48,(anonymous_2)
FNDA:509,(anonymous_3)
FNDA:180,(anonymous_4)
FNDA:0,(anonymous_5)
FNDA:165,(anonymous_6)
FNDA:11,(anonymous_7)
FNDA:14,(anonymous_8)
FNDA:88,(anonymous_9)
FNDA:279,(anonymous_10)
FNDA:118,(anonymous_11)
DA:15,52
DA:21,52
DA:27,52
DA:36,52
DA:46,52
DA:47,52
DA:49,52
DA:51,52
DA:53,51
DA:54,815
DA:56,815
DA:72,48
DA:74,48
DA:76,48
DA:78,509
DA:79,509
DA:88,509
DA:91,0
DA:96,48
DA:100,180
DA:104,0
DA:108,165
DA:110,165
DA:114,11
DA:123,14
DA:127,88
DA:129,279
DA:130,118
DA:133,88
DA:137,14
LF:30
LH:28
BRDA:79,0,0,509
BRDA:79,0,1,261
BRDA:108,1,0,165
BRDA:108,1,1,87
BRF:4
BRH:4
end_of_record
TN:
SF:src/0.0.2/update.js
FN:20,(anonymous_0)
FN:31,(anonymous_1)
FN:62,(anonymous_2)
FN:65,(anonymous_3)
FN:72,(anonymous_4)
FN:100,(anonymous_5)
FN:111,(anonymous_6)
FN:125,(anonymous_7)
FN:135,(anonymous_8)
FN:152,(anonymous_9)
FN:156,(anonymous_10)
FN:158,(anonymous_11)
FN:159,(anonymous_12)
FNF:13
FNH:13
FNDA:14,(anonymous_0)
FNDA:14,(anonymous_1)
FNDA:3,(anonymous_2)
FNDA:2,(anonymous_3)
FNDA:12,(anonymous_4)
FNDA:180,(anonymous_5)
FNDA:425,(anonymous_6)
FNDA:176,(anonymous_7)
FNDA:180,(anonymous_8)
FNDA:87,(anonymous_9)
FNDA:92,(anonymous_10)
FNDA:92,(anonymous_11)
FNDA:184,(anonymous_12)
DA:21,14
DA:32,14
DA:35,14
DA:39,12
DA:41,12
DA:43,12
DA:44,1
DA:46,11
DA:51,12
DA:62,3
DA:65,1
DA:66,2
DA:72,12
DA:74,2
DA:77,1
DA:80,1
DA:92,11
DA:95,11
DA:98,11
DA:100,11
DA:101,180
DA:103,180
DA:105,180
DA:107,180
DA:110,180
DA:114,425
DA:116,140
DA:118,140
DA:120,140
DA:122,140
DA:125,88
DA:126,176
DA:129,88
DA:132,88
DA:137,180
DA:139,180
DA:141,180
DA:142,77
DA:148,180
DA:150,77
DA:152,77
DA:154,87
DA:156,92
DA:158,87
DA:159,184
DA:162,87
DA:165,77
DA:168,77
DA:171,103
DA:173,10
LF:50
LH:50
BRDA:35,0,0,2
BRDA:35,0,1,12
BRDA:43,1,0,1
BRDA:43,1,1,11
BRDA:114,2,0,285
BRDA:114,2,1,140
BRDA:114,3,0,425
BRDA:114,3,1,285
BRDA:118,4,0,140
BRDA:118,4,1,17
BRDA:122,5,0,52
BRDA:122,5,1,88
BRDA:137,6,0,180
BRDA:137,6,1,0
BRDA:139,7,0,180
BRDA:139,7,1,103
BRDA:141,8,0,77
BRDA:141,8,1,103
BRDA:148,9,0,77
BRDA:148,9,1,103
BRDA:171,10,0,10
BRDA:171,10,1,93
BRDA:171,11,0,103
BRDA:171,11,1,103
BRDA:171,11,2,103
BRF:25
BRH:24
end_of_record
TN:
SF:tests/cases.js
FN:5,(anonymous_0)
FN:122,(anonymous_1)
FN:209,(anonymous_2)
FNF:3
FNH:3
FNDA:4,(anonymous_0)
FNDA:2,(anonymous_1)
FNDA:2,(anonymous_2)
DA:3,1
DA:5,4
DA:122,2
DA:209,2
LF:4
LH:4
BRF:0
BRH:0
end_of_record
TN:
SF:tests/mocks/index.js
FN:13,findpath
FN:23,(anonymous_1)
FN:33,loadContents
FN:36,(anonymous_3)
FN:49,loadMocks
FNF:5
FNH:5
FNDA:514,findpath
FNDA:482,(anonymous_1)
FNDA:32,loadContents
FNDA:347,(anonymous_3)
FNDA:1,loadMocks
DA:11,1
DA:14,514
DA:16,514
DA:18,514
DA:19,347
DA:20,167
DA:21,167
DA:23,167
DA:24,482
DA:26,482
DA:29,167
DA:34,32
DA:36,32
DA:37,347
DA:39,347
DA:41,347
DA:43,347
DA:46,32
DA:50,1
LF:19
LH:19
BRDA:18,0,0,347
BRDA:18,0,1,167
BRDA:20,1,0,167
BRDA:20,1,1,0
BRF:4
BRH:3
end_of_record
TN:
SF:tests/mocks/0.0.1/options.js
FNF:0
FNH:0
DA:1,1
DA:22,1
DA:43,1
DA:64,1
DA:85,1
LF:5
LH:5
BRF:0
BRH:0
end_of_record
TN:
SF:tests/mocks/0.0.1/records.js
FNF:0
FNH:0
DA:1,1
DA:13,1
DA:25,1
DA:35,1
DA:46,1
DA:55,1
DA:87,1
DA:104,1
DA:141,1
DA:173,1
DA:199,1
DA:236,1
LF:12
LH:12
BRF:0
BRH:0
end_of_record
TN:
SF:tests/mocks/0.0.2/options.js
FNF:0
FNH:0
DA:1,1
DA:20,1
DA:37,1
DA:54,1
DA:71,1
LF:5
LH:5
BRF:0
BRH:0
end_of_record
TN:
SF:tests/mocks/0.0.2/records.js
FNF:0
FNH:0
DA:1,1
DA:11,1
DA:21,1
DA:30,1
DA:40,1
DA:49,1
DA:80,1
DA:97,1
DA:136,1
DA:167,1
DA:192,1
DA:229,1
DA:236,1
LF:13
LH:13
BRF:0
BRH:0
end_of_record
